#
# A fatal error has been detected by the Java Runtime Environment:
#
#  EXCEPTION_ACCESS_VIOLATION (0xc0000005) at pc=0x0000000060ad4f8d, pid=18576, tid=7172
#
# JRE version: Java(TM) SE Runtime Environment (16.0.1+9) (build 16.0.1+9-24)
# Java VM: Java HotSpot(TM) 64-Bit Server VM (16.0.1+9-24, mixed mode, sharing, tiered, compressed oops, compressed class ptrs, g1 gc, windows-amd64)
# Problematic frame:
# C  [QtGui4.dll+0x64f8d]
#
# No core dump will be written. Minidumps are not enabled by default on client versions of Windows
#
# If you would like to submit a bug report, please visit:
#   https://bugreport.java.com/bugreport/crash.jsp
# The crash happened outside the Java Virtual Machine in native code.
# See problematic frame for where to report the bug.
#

---------------  S U M M A R Y ------------

Command Line: -Dfile.encoding=UTF-8 --module-path=C:\Users\DANILOR\OneDrive - Educacyl\Asignaturas 2ºDAM\DI\Tareas\Tarea2\Tarea2DI\build\classes listaCompra.Inicio

Host: AMD Ryzen 9 4900HS with Radeon Graphics         , 16 cores, 15G,  Windows 10 , 64 bit Build 19041 (10.0.19041.1348)
Time: Tue Dec  7 03:45:20 2021 Hora estándar romance elapsed time: 30.723370 seconds (0d 0h 0m 30s)

---------------  T H R E A D  ---------------

Current thread (0x000001cfc19bdd00):  JavaThread "Finalizer" daemon [_thread_in_native, id=7172, stack(0x000000257a700000,0x000000257a800000)]

Stack: [0x000000257a700000,0x000000257a800000],  sp=0x000000257a7fe450,  free space=1017k
Native frames: (J=compiled Java code, j=interpreted, Vv=VM code, C=native code)
C  [QtGui4.dll+0x64f8d]

Java frames: (J=compiled Java code, j=interpreted, Vv=VM code)
j  com.trolltech.qt.internal.QtJambiObject.finalize()V+0
J 879 c1 java.lang.ref.Finalizer.runFinalizer(Ljdk/internal/access/JavaLangAccess;)V java.base@16.0.1 (131 bytes) @ 0x000001cfa67aaa54 [0x000001cfa67aa3c0+0x0000000000000694]
j  java.lang.ref.Finalizer$FinalizerThread.run()V+46 java.base@16.0.1
v  ~StubRoutines::call_stub

siginfo: EXCEPTION_ACCESS_VIOLATION (0xc0000005), reading address 0x0000000000000008


Register to memory mapping:

RIP=0x0000000060ad4f8d QtGui4.dll
RAX=0x0 is NULL
RBX=0x00000000fffffffb is an unknown value
RCX=0x000001cfc2dc0520 points into unknown readable memory: 0x0000000000000001 | 01 00 00 00 00 00 00 00
RDX=0x0000000000000001 is an unknown value
RSP=0x000000257a7fe450 is pointing into the stack for thread: 0x000001cfc19bdd00
RBP=0x0 is NULL
RSI=0x000001cfc4022e80 points into unknown readable memory: 0x00000000610c65b8 | b8 65 0c 61 00 00 00 00
RDI=0x000001cfc4022e80 points into unknown readable memory: 0x00000000610c65b8 | b8 65 0c 61 00 00 00 00
R8 =0x0000000000000689 is an unknown value
R9 =0x0000000000000040 is an unknown value
R10=0x0000000000000680 is an unknown value
R11=0x7f375bf87fce31e0 is an unknown value
R12=0x000001cfc4023420 points into unknown readable memory: 0x0000000061071378 | 78 13 07 61 00 00 00 00
R13=0x000001cfc2dda9d0 points into unknown readable memory: 0x0000000061062048 | 48 20 06 61 00 00 00 00
R14=0x0 is NULL
R15=0x0 is NULL


Registers:
RAX=0x0000000000000000, RBX=0x00000000fffffffb, RCX=0x000001cfc2dc0520, RDX=0x0000000000000001
RSP=0x000000257a7fe450, RBP=0x0000000000000000, RSI=0x000001cfc4022e80, RDI=0x000001cfc4022e80
R8 =0x0000000000000689, R9 =0x0000000000000040, R10=0x0000000000000680, R11=0x7f375bf87fce31e0
R12=0x000001cfc4023420, R13=0x000001cfc2dda9d0, R14=0x0000000000000000, R15=0x0000000000000000
RIP=0x0000000060ad4f8d, EFLAGS=0x0000000000010206

Top of Stack: (sp=0x000000257a7fe450)
0x000000257a7fe450:   000001cfc2dc0520 00000000fffffffb
0x000000257a7fe460:   0000000000000000 00007ffdc5dc6338
0x000000257a7fe470:   000001cf00000000 0000000000000000
0x000000257a7fe480:   fffffffffffffffe 0000000000000000
0x000000257a7fe490:   0000000000000000 0000000060defffe
0x000000257a7fe4a0:   000001cfc2556b40 00000000610c5fb0
0x000000257a7fe4b0:   000001cfc2dc0520 0000000000000000
0x000000257a7fe4c0:   0000000000000001 0000000060def864
0x000000257a7fe4d0:   000001cfc4022e80 0000000000000000
0x000000257a7fe4e0:   000001cfc4260bb0 0000000000000002
0x000000257a7fe4f0:   fffffffffffffffe 0000000060c4f993
0x000000257a7fe500:   000001cfc4022e80 00007ffd9d821885
0x000000257a7fe510:   000001cfc4022e80 0000000000000000
0x000000257a7fe520:   000001cfc4023a60 0000000060c4f6a4
0x000000257a7fe530:   fffffffffffffffe 000000006137cb68
0x000000257a7fe540:   000001cfc2dda9d0 000000006150b3e3 

Instructions: (pc=0x0000000060ad4f8d)
0x0000000060ad4e8d:   73 08 48 8b 0e 48 3b cb 74 1b ff 15 d3 78 58 00
0x0000000060ad4e9d:   84 c0 75 0e ba 08 00 00 00 48 8b 0e ff 15 59 7b
0x0000000060ad4ead:   58 00 48 89 1e 48 83 c4 38 41 5e 5f 5e 5b c3 cc
0x0000000060ad4ebd:   cc cc cc 40 57 48 83 ec 20 48 8b 41 f8 48 8b fa
0x0000000060ad4ecd:   48 3b 90 40 01 00 00 74 6c 48 8b 41 f8 48 89 5c
0x0000000060ad4edd:   24 30 48 8d 59 f0 f7 80 c8 01 00 00 00 00 00 10
0x0000000060ad4eed:   74 0c 48 8b 43 20 48 8b 08 48 85 c9 75 22 41 b0
0x0000000060ad4efd:   01 ba 64 00 00 00 48 8b cb e8 25 2d 00 00 48 8b
0x0000000060ad4f0d:   4b 08 33 d2 e8 5a 78 ff ff 48 8b 43 20 48 8b 08
0x0000000060ad4f1d:   48 8b d7 ff 15 e2 ab 58 00 48 8b 5c 24 30 85 c0
0x0000000060ad4f2d:   75 13 48 8d 0d b2 cd 59 00 48 83 c4 20 5f 48 ff
0x0000000060ad4f3d:   25 d6 83 58 00 48 83 c4 20 5f c3 cc cc cc cc cc
0x0000000060ad4f4d:   cc cc cc 85 d2 74 68 57 48 83 ec 40 48 c7 44 24
0x0000000060ad4f5d:   30 fe ff ff ff 48 89 5c 24 50 8b da 48 8b f9 c7
0x0000000060ad4f6d:   44 24 20 00 00 00 00 45 33 c9 45 33 c0 33 d2 48
0x0000000060ad4f7d:   8d 4c 24 60 e8 7a 9d fd ff 90 ff 15 4b 79 58 00
0x0000000060ad4f8d:   48 8b 48 08 48 81 c1 28 01 00 00 4c 8d 4c 24 60
0x0000000060ad4f9d:   4c 8b c7 8b d3 e8 29 7f fe ff 90 48 8d 4c 24 60
0x0000000060ad4fad:   e8 de d6 fc ff 48 8b 5c 24 50 48 83 c4 40 5f f3
0x0000000060ad4fbd:   c3 cc cc 48 89 5c 24 08 48 89 6c 24 10 48 89 74
0x0000000060ad4fcd:   24 18 57 48 81 ec 80 00 00 00 48 8b f1 48 8b 09
0x0000000060ad4fdd:   48 8b fa 48 83 c1 68 ba 01 00 00 00 ff 15 71 77
0x0000000060ad4fed:   58 00 84 c0 74 08 48 8b ce e8 c5 58 fa ff 48 8b
0x0000000060ad4ffd:   0e 4c 8b c1 48 8b d9 4c 63 51 6c 8b 69 70 4d 85
0x0000000060ad500d:   d2 78 43 48 8d 44 24 20 41 b9 08 00 00 00 4c 2b
0x0000000060ad501d:   c8 66 90 4b 8b 5c d0 08 48 3b d9 74 1f 8b 17 0f
0x0000000060ad502d:   1f 40 00 39 53 f8 7d 14 4b 8d 04 d1 4c 8b c3 48
0x0000000060ad503d:   03 c3 48 8b 5c 04 20 48 3b d9 75 e7 4e 89 44 d4
0x0000000060ad504d:   20 49 ff ca 79 cd 48 3b d9 74 3e 8b 43 f8 39 07
0x0000000060ad505d:   7c 37 90 48 8b 0e 4c 8b cb 48 8b 5b 08 48 3b d9
0x0000000060ad506d:   74 0e 8b 43 f8 41 39 41 f8 7c 05 40 b7 01 eb 03
0x0000000060ad507d:   40 32 ff 48 8d 54 24 20 41 b8 08 00 00 00 ff 15 


Stack slot to memory mapping:
stack at sp + 0 slots: 0x000001cfc2dc0520 points into unknown readable memory: 0x0000000000000001 | 01 00 00 00 00 00 00 00
stack at sp + 1 slots: 0x00000000fffffffb is an unknown value
stack at sp + 2 slots: 0x0 is NULL
stack at sp + 3 slots: 0x00007ffdc5dc6338 MSVCR110.dll
stack at sp + 4 slots: 0x000001cf00000000 is an unknown value
stack at sp + 5 slots: 0x0 is NULL
stack at sp + 6 slots: 0xfffffffffffffffe is an unknown value
stack at sp + 7 slots: 0x0 is NULL


---------------  P R O C E S S  ---------------

Threads class SMR info:
_java_thread_list=0x000001cfc2cf7c10, length=13, elements={
0x000001cfc19bd130, 0x000001cfc19bdd00, 0x000001cfc19d2200, 0x000001cfc19d2b10,
0x000001cfc19d3420, 0x000001cfc19d3d30, 0x000001cfc19d5110, 0x000001cfc19d5b10,
0x000001cfc19d8c10, 0x000001cfc24a82f0, 0x000001cfc25cd380, 0x000001cf9e769b10,
0x000001cfc2a622e0
}

Java Threads: ( => current thread )
  0x000001cfc19bd130 JavaThread "Reference Handler" daemon [_thread_blocked, id=4984, stack(0x000000257a600000,0x000000257a700000)]
=>0x000001cfc19bdd00 JavaThread "Finalizer" daemon [_thread_in_native, id=7172, stack(0x000000257a700000,0x000000257a800000)]
  0x000001cfc19d2200 JavaThread "Signal Dispatcher" daemon [_thread_blocked, id=6856, stack(0x000000257a800000,0x000000257a900000)]
  0x000001cfc19d2b10 JavaThread "Attach Listener" daemon [_thread_blocked, id=19160, stack(0x000000257a900000,0x000000257aa00000)]
  0x000001cfc19d3420 JavaThread "Service Thread" daemon [_thread_blocked, id=3480, stack(0x000000257aa00000,0x000000257ab00000)]
  0x000001cfc19d3d30 JavaThread "Monitor Deflation Thread" daemon [_thread_blocked, id=6420, stack(0x000000257ab00000,0x000000257ac00000)]
  0x000001cfc19d5110 JavaThread "C2 CompilerThread0" daemon [_thread_blocked, id=10732, stack(0x000000257ac00000,0x000000257ad00000)]
  0x000001cfc19d5b10 JavaThread "C1 CompilerThread0" daemon [_thread_blocked, id=19368, stack(0x000000257ad00000,0x000000257ae00000)]
  0x000001cfc19d8c10 JavaThread "Sweeper thread" daemon [_thread_blocked, id=14804, stack(0x000000257ae00000,0x000000257af00000)]
  0x000001cfc24a82f0 JavaThread "Common-Cleaner" daemon [_thread_blocked, id=12060, stack(0x000000257af00000,0x000000257b000000)]
  0x000001cfc25cd380 JavaThread "Notification Thread" daemon [_thread_blocked, id=16356, stack(0x000000257b400000,0x000000257b500000)]
  0x000001cf9e769b10 JavaThread "DestroyJavaVM" [_thread_blocked, id=32, stack(0x0000002579f00000,0x000000257a000000)]
  0x000001cfc2a622e0 JavaThread "Thread-2" daemon [_thread_in_native, id=8284, stack(0x000000257be00000,0x000000257bf00000)]

Other Threads:
  0x000001cfc19b7320 VMThread "VM Thread" [stack: 0x000000257a500000,0x000000257a600000] [id=15532]
  0x000001cf9e76a920 WatcherThread [stack: 0x000000257b500000,0x000000257b600000] [id=17728]
  0x000001cf9e7bb0c0 GCTaskThread "GC Thread#0" [stack: 0x000000257a000000,0x000000257a100000] [id=15428]
  0x000001cfc4313120 GCTaskThread "GC Thread#1" [stack: 0x000000257b000000,0x000000257b100000] [id=11292]
  0x000001cfc2b1b460 GCTaskThread "GC Thread#2" [stack: 0x000000257b800000,0x000000257b900000] [id=9740]
  0x000001cfc3faaec0 GCTaskThread "GC Thread#3" [stack: 0x000000257b900000,0x000000257ba00000] [id=15908]
  0x000001cfc3fab1d0 GCTaskThread "GC Thread#4" [stack: 0x000000257ba00000,0x000000257bb00000] [id=12220]
  0x000001cfc3f5fcf0 GCTaskThread "GC Thread#5" [stack: 0x000000257bb00000,0x000000257bc00000] [id=17236]
  0x000001cfc2482220 GCTaskThread "GC Thread#6" [stack: 0x000000257bc00000,0x000000257bd00000] [id=3556]
  0x000001cf9e7cc6e0 ConcurrentGCThread "G1 Main Marker" [stack: 0x000000257a100000,0x000000257a200000] [id=10236]
  0x000001cf9e7cef70 ConcurrentGCThread "G1 Conc#0" [stack: 0x000000257a200000,0x000000257a300000] [id=16296]
  0x000001cf9e84dd00 ConcurrentGCThread "G1 Refine#0" [stack: 0x000000257a300000,0x000000257a400000] [id=2544]
  0x000001cf9e84e590 ConcurrentGCThread "G1 Service" [stack: 0x000000257a400000,0x000000257a500000] [id=11948]

Threads with active compile tasks:

VM state: not at safepoint (normal execution)

VM Mutex/Monitor currently owned by a thread: None

Heap address: 0x0000000709400000, size: 3948 MB, Compressed Oops mode: Zero based, Oop shift amount: 3

CDS archive(s) mapped at: [0x0000000800000000-0x0000000800bb0000-0x0000000800bb0000), size 12255232, SharedBaseAddress: 0x0000000800000000, ArchiveRelocationMode: 0.
Compressed class space mapped at: 0x0000000800c00000-0x0000000840c00000, reserved size: 1073741824
Narrow klass base: 0x0000000800000000, Narrow klass shift: 3, Narrow klass range: 0x100000000

GC Precious Log:
 CPUs: 16 total, 16 available
 Memory: 15789M
 Large Page Support: Disabled
 NUMA Support: Disabled
 Compressed Oops: Enabled (Zero based)
 Heap Region Size: 2M
 Heap Min Capacity: 8M
 Heap Initial Capacity: 248M
 Heap Max Capacity: 3948M
 Pre-touch: Disabled
 Parallel Workers: 13
 Concurrent Workers: 3
 Concurrent Refinement Workers: 13
 Periodic GC: Disabled

Heap:
 garbage-first heap   total 14336K, used 2135K [0x0000000709400000, 0x0000000800000000)
  region size 2048K, 1 young (2048K), 0 survivors (0K)
 Metaspace       used 6372K, committed 6592K, reserved 1056768K
  class space    used 593K, committed 704K, reserved 1048576K

Heap Regions: E=young(eden), S=young(survivor), O=old, HS=humongous(starts), HC=humongous(continues), CS=collection set, F=free, OA=open archive, CA=closed archive, TAMS=top-at-mark-start (previous, next)
|   0|0x0000000709400000, 0x00000007095fffe0, 0x0000000709600000| 99%| O|  |TAMS 0x0000000709400000, 0x0000000709400000| Untracked 
|   1|0x0000000709600000, 0x0000000709615e28, 0x0000000709800000|  4%| O|  |TAMS 0x0000000709600000, 0x0000000709600000| Untracked 
|   2|0x0000000709800000, 0x0000000709800000, 0x0000000709a00000|  0%| F|  |TAMS 0x0000000709800000, 0x0000000709800000| Untracked 
|   3|0x0000000709a00000, 0x0000000709a00000, 0x0000000709c00000|  0%| F|  |TAMS 0x0000000709a00000, 0x0000000709a00000| Untracked 
|   4|0x0000000709c00000, 0x0000000709c00000, 0x0000000709e00000|  0%| F|  |TAMS 0x0000000709c00000, 0x0000000709c00000| Untracked 
|   5|0x0000000709e00000, 0x0000000709e00000, 0x000000070a000000|  0%| F|  |TAMS 0x0000000709e00000, 0x0000000709e00000| Untracked 
|   6|0x000000070a000000, 0x000000070a0021f0, 0x000000070a200000|  0%| E|  |TAMS 0x000000070a000000, 0x000000070a000000| Complete 

Card table byte_map: [0x000001cfb5f30000,0x000001cfb66f0000] _byte_map_base: 0x000001cfb26e6000

Marking Bits (Prev, Next): (CMBitMap*) 0x000001cf9e7bc650, (CMBitMap*) 0x000001cf9e7bc690
 Prev Bits: [0x000001cfb6eb0000, 0x000001cfbac60000)
 Next Bits: [0x000001cfbac60000, 0x000001cfbea10000)

Polling page: 0x000001cf9c400000

Metaspace:

Usage:
  Non-class:      5.64 MB used.
      Class:    593.37 KB used.
       Both:      6.22 MB used.

Virtual space:
  Non-class space:        8.00 MB reserved,       5.75 MB ( 72%) committed,  1 nodes.
      Class space:        1.00 GB reserved,     704.00 KB ( <1%) committed,  1 nodes.
              Both:        1.01 GB reserved,       6.44 MB ( <1%) committed. 

Chunk freelists:
   Non-Class:  672.00 KB
       Class:  3.36 MB
        Both:  4.02 MB

MaxMetaspaceSize: 17179869184.00 GB
CompressedClassSpaceSize: 1.00 GB
 - commit_granule_bytes: 65536.
 - commit_granule_words: 8192.
 - virtual_space_node_default_size: 1048576.
 - enlarge_chunks_in_place: 1.
 - new_chunks_are_fully_committed: 0.
 - uncommit_free_chunks: 1.
 - use_allocation_guard: 0.
 - handle_deallocations: 1.


Internal statistics:

num_allocs_failed_limit: 0.
num_arena_births: 36.
num_arena_deaths: 0.
num_vsnodes_births: 2.
num_vsnodes_deaths: 0.
num_space_committed: 103.
num_space_uncommitted: 0.
num_chunks_returned_to_freelist: 0.
num_chunks_taken_from_freelist: 175.
num_chunk_merges: 0.
num_chunk_splits: 146.
num_chunks_enlarged: 129.
num_purges: 0.

CodeHeap 'non-profiled nmethods': size=119168Kb used=309Kb max_used=309Kb free=118858Kb
 bounds [0x000001cfada90000, 0x000001cfadd00000, 0x000001cfb4ef0000]
CodeHeap 'profiled nmethods': size=119104Kb used=1501Kb max_used=1501Kb free=117602Kb
 bounds [0x000001cfa6640000, 0x000001cfa68b0000, 0x000001cfada90000]
CodeHeap 'non-nmethods': size=7488Kb used=1165Kb max_used=2873Kb free=6322Kb
 bounds [0x000001cfa5ef0000, 0x000001cfa61d0000, 0x000001cfa6640000]
 total_blobs=1356 nmethods=905 adapters=364
 compilation: enabled
              stopped_count=0, restarted_count=0
 full_count=0

Compilation events (20 events):
Event: 30.691 Thread 0x000001cfc19d5b10  896       3       java.lang.StringLatin1::getChars (12 bytes)
Event: 30.691 Thread 0x000001cfc19d5b10 nmethod 896 0x000001cfa67afc90 code [0x000001cfa67afe40, 0x000001cfa67aff68]
Event: 30.698 Thread 0x000001cfc19d5110  897       4       java.lang.StringBuilder::<init> (7 bytes)
Event: 30.699 Thread 0x000001cfc19d5110 nmethod 897 0x000001cfadadd310 code [0x000001cfadadd4a0, 0x000001cfadadd658]
Event: 30.700 Thread 0x000001cfc19d5b10  898       3       sun.nio.cs.UTF_8$Encoder::encodeArrayLoop (489 bytes)
Event: 30.701 Thread 0x000001cfc19d5b10 nmethod 898 0x000001cfa67b0010 code [0x000001cfa67b0620, 0x000001cfa67b3be8]
Event: 30.708 Thread 0x000001cfc19d5b10  899       3       java.nio.charset.CoderResult::isUnderflow (13 bytes)
Event: 30.708 Thread 0x000001cfc19d5b10 nmethod 899 0x000001cfa67b4d10 code [0x000001cfa67b4ea0, 0x000001cfa67b5018]
Event: 30.712 Thread 0x000001cfc19d5b10  901   !   3       java.io.BufferedWriter::write (117 bytes)
Event: 30.712 Thread 0x000001cfc19d5b10 nmethod 901 0x000001cfa67b5090 code [0x000001cfa67b52a0, 0x000001cfa67b58a8]
Event: 30.712 Thread 0x000001cfc19d5b10  900       3       java.io.Writer::write (11 bytes)
Event: 30.713 Thread 0x000001cfc19d5b10 nmethod 900 0x000001cfa67b5c10 code [0x000001cfa67b5de0, 0x000001cfa67b60c8]
Event: 30.713 Thread 0x000001cfc19d5b10  902       3       java.io.BufferedWriter::min (9 bytes)
Event: 30.713 Thread 0x000001cfc19d5b10 nmethod 902 0x000001cfa67b6210 code [0x000001cfa67b63c0, 0x000001cfa67b6538]
Event: 30.713 Thread 0x000001cfc19d5b10  903       3       java.io.PrintStream::ensureOpen (18 bytes)
Event: 30.713 Thread 0x000001cfc19d5b10 nmethod 903 0x000001cfa67b6610 code [0x000001cfa67b67c0, 0x000001cfa67b69e8]
Event: 30.713 Thread 0x000001cfc19d5b10  904  s    3       java.io.BufferedOutputStream::flush (12 bytes)
Event: 30.713 Thread 0x000001cfc19d5b10 nmethod 904 0x000001cfa67b6a90 code [0x000001cfa67b6c60, 0x000001cfa67b7078]
Event: 30.713 Thread 0x000001cfc19d5b10  905       3       java.io.BufferedOutputStream::flushBuffer (29 bytes)
Event: 30.713 Thread 0x000001cfc19d5b10 nmethod 905 0x000001cfa67b7190 code [0x000001cfa67b7340, 0x000001cfa67b7588]

GC Heap History (6 events):
Event: 30.616 GC heap before
{Heap before GC invocations=0 (full 0):
 garbage-first heap   total 253952K, used 20480K [0x0000000709400000, 0x0000000800000000)
  region size 2048K, 11 young (22528K), 0 survivors (0K)
 Metaspace       used 6233K, committed 6400K, reserved 1056768K
  class space    used 580K, committed 640K, reserved 1048576K
}
Event: 30.621 GC heap after
{Heap after GC invocations=1 (full 1):
 garbage-first heap   total 34816K, used 2186K [0x0000000709400000, 0x0000000800000000)
  region size 2048K, 0 young (0K), 0 survivors (0K)
 Metaspace       used 6233K, committed 6400K, reserved 1056768K
  class space    used 580K, committed 640K, reserved 1048576K
}
Event: 30.631 GC heap before
{Heap before GC invocations=1 (full 1):
 garbage-first heap   total 34816K, used 2186K [0x0000000709400000, 0x0000000800000000)
  region size 2048K, 1 young (2048K), 0 survivors (0K)
 Metaspace       used 6246K, committed 6400K, reserved 1056768K
  class space    used 582K, committed 640K, reserved 1048576K
}
Event: 30.639 GC heap after
{Heap after GC invocations=2 (full 2):
 garbage-first heap   total 14336K, used 2150K [0x0000000709400000, 0x0000000800000000)
  region size 2048K, 0 young (0K), 0 survivors (0K)
 Metaspace       used 6246K, committed 6400K, reserved 1056768K
  class space    used 582K, committed 640K, reserved 1048576K
}
Event: 30.714 GC heap before
{Heap before GC invocations=2 (full 2):
 garbage-first heap   total 14336K, used 2150K [0x0000000709400000, 0x0000000800000000)
  region size 2048K, 1 young (2048K), 0 survivors (0K)
 Metaspace       used 6328K, committed 6528K, reserved 1056768K
  class space    used 588K, committed 704K, reserved 1048576K
}
Event: 30.720 GC heap after
{Heap after GC invocations=3 (full 3):
 garbage-first heap   total 14336K, used 2134K [0x0000000709400000, 0x0000000800000000)
  region size 2048K, 0 young (0K), 0 survivors (0K)
 Metaspace       used 6328K, committed 6528K, reserved 1056768K
  class space    used 588K, committed 704K, reserved 1048576K
}

Deoptimization events (20 events):
Event: 0.056 Thread 0x000001cf9e769b10 Uncommon trap: trap_request=0xffffff45 fr.pc=0x000001cfadaa02ac relative=0x000000000000030c
Event: 0.056 Thread 0x000001cf9e769b10 Uncommon trap: reason=unstable_if action=reinterpret pc=0x000001cfadaa02ac method=java.util.zip.ZipCoder$UTF8ZipCoder.normalizedHash([BII)I @ 74 c2
Event: 0.056 Thread 0x000001cf9e769b10 DEOPT PACKING pc=0x000001cfadaa02ac sp=0x0000002579ffdab0
Event: 0.056 Thread 0x000001cf9e769b10 DEOPT UNPACKING pc=0x000001cfa5f3d72e sp=0x0000002579ffda40 mode 2
Event: 0.185 Thread 0x000001cf9e769b10 DEOPT PACKING pc=0x000001cfa6658167 sp=0x0000002579ffe180
Event: 0.185 Thread 0x000001cf9e769b10 DEOPT UNPACKING pc=0x000001cfa5f3dece sp=0x0000002579ffd5a0 mode 0
Event: 0.210 Thread 0x000001cf9e769b10 DEOPT PACKING pc=0x000001cfa6647ad1 sp=0x0000002579ffe160
Event: 0.210 Thread 0x000001cf9e769b10 DEOPT UNPACKING pc=0x000001cfa5f3dece sp=0x0000002579ffd5d8 mode 0
Event: 7.496 Thread 0x000001cf9e769b10 DEOPT PACKING pc=0x000001cfa6786d8c sp=0x0000002579ff9dc0
Event: 7.496 Thread 0x000001cf9e769b10 DEOPT UNPACKING pc=0x000001cfa5f3dece sp=0x0000002579ff92c0 mode 0
Event: 7.496 Thread 0x000001cf9e769b10 Uncommon trap: trap_request=0xfffffff4 fr.pc=0x000001cfadacf90c relative=0x0000000000002f0c
Event: 7.496 Thread 0x000001cf9e769b10 Uncommon trap: reason=null_check action=make_not_entrant pc=0x000001cfadacf90c method=com.trolltech.qt.internal.QtJambiInternal.isSignal(Ljava/lang/Class;)Z @ 4 c2
Event: 7.496 Thread 0x000001cf9e769b10 DEOPT PACKING pc=0x000001cfadacf90c sp=0x0000002579ff9dc0
Event: 7.496 Thread 0x000001cf9e769b10 DEOPT UNPACKING pc=0x000001cfa5f3d72e sp=0x0000002579ff9cc8 mode 2
Event: 10.192 Thread 0x000001cf9e769b10 DEOPT PACKING pc=0x000001cfa672bf76 sp=0x0000002579ff4910
Event: 10.192 Thread 0x000001cf9e769b10 DEOPT UNPACKING pc=0x000001cfa5f3dece sp=0x0000002579ff3e48 mode 0
Event: 30.621 Thread 0x000001cfc19bdd00 Uncommon trap: trap_request=0xffffff45 fr.pc=0x000001cfadad1b80 relative=0x00000000000000e0
Event: 30.621 Thread 0x000001cfc19bdd00 Uncommon trap: reason=unstable_if action=reinterpret pc=0x000001cfadad1b80 method=java.lang.ref.SoftReference.get()Ljava/lang/Object; @ 17 c2
Event: 30.621 Thread 0x000001cfc19bdd00 DEOPT PACKING pc=0x000001cfadad1b80 sp=0x000000257a7fd8f0
Event: 30.621 Thread 0x000001cfc19bdd00 DEOPT UNPACKING pc=0x000001cfa5f3d72e sp=0x000000257a7fd8a8 mode 2

Classes unloaded (0 events):
No events

Classes redefined (0 events):
No events

Internal exceptions (20 events):
Event: 7.495 Thread 0x000001cf9e769b10 Exception <a 'java/lang/NoSuchFieldError'{0x000000071791ab68}: com.trolltech.qt.gui.QStandardItemModel.columnsAboutToBeRemoved Lcom/trolltech/qt/QSignalEmitter$Signal3;> (0x000000071791ab68) 
thrown [t:\workspace\open\src\hotspot\share\prims\jni.cpp, line 1897]
Event: 7.495 Thread 0x000001cf9e769b10 Exception <a 'java/lang/NoSuchFieldError'{0x000000071791aec8}: com.trolltech.qt.gui.QStandardItemModel.columnsInserted Lcom/trolltech/qt/QSignalEmitter$Signal3;> (0x000000071791aec8) 
thrown [t:\workspace\open\src\hotspot\share\prims\jni.cpp, line 1897]
Event: 7.495 Thread 0x000001cf9e769b10 Exception <a 'java/lang/NoSuchFieldError'{0x000000071791b220}: com.trolltech.qt.gui.QStandardItemModel.columnsRemoved Lcom/trolltech/qt/QSignalEmitter$Signal3;> (0x000000071791b220) 
thrown [t:\workspace\open\src\hotspot\share\prims\jni.cpp, line 1897]
Event: 7.495 Thread 0x000001cf9e769b10 Exception <a 'java/lang/NoSuchFieldError'{0x000000071791b580}: com.trolltech.qt.gui.QStandardItemModel.modelAboutToBeReset Lcom/trolltech/qt/QSignalEmitter$Signal0;> (0x000000071791b580) 
thrown [t:\workspace\open\src\hotspot\share\prims\jni.cpp, line 1897]
Event: 7.495 Thread 0x000001cf9e769b10 Exception <a 'java/lang/NoSuchFieldError'{0x000000071791b8d8}: com.trolltech.qt.gui.QStandardItemModel.modelReset Lcom/trolltech/qt/QSignalEmitter$Signal0;> (0x000000071791b8d8) 
thrown [t:\workspace\open\src\hotspot\share\prims\jni.cpp, line 1897]
Event: 7.495 Thread 0x000001cf9e769b10 Exception <a 'java/lang/NoSuchFieldError'{0x000000071791bc38}: com.trolltech.qt.gui.QStandardItemModel.rowsAboutToBeInserted Lcom/trolltech/qt/QSignalEmitter$Signal3;> (0x000000071791bc38) 
thrown [t:\workspace\open\src\hotspot\share\prims\jni.cpp, line 1897]
Event: 7.495 Thread 0x000001cf9e769b10 Exception <a 'java/lang/NoSuchFieldError'{0x000000071791bf98}: com.trolltech.qt.gui.QStandardItemModel.rowsAboutToBeRemoved Lcom/trolltech/qt/QSignalEmitter$Signal3;> (0x000000071791bf98) 
thrown [t:\workspace\open\src\hotspot\share\prims\jni.cpp, line 1897]
Event: 7.495 Thread 0x000001cf9e769b10 Exception <a 'java/lang/NoSuchFieldError'{0x000000071791c2f0}: com.trolltech.qt.gui.QStandardItemModel.rowsInserted Lcom/trolltech/qt/QSignalEmitter$Signal3;> (0x000000071791c2f0) 
thrown [t:\workspace\open\src\hotspot\share\prims\jni.cpp, line 1897]
Event: 7.495 Thread 0x000001cf9e769b10 Exception <a 'java/lang/NoSuchFieldError'{0x000000071791c648}: com.trolltech.qt.gui.QStandardItemModel.rowsRemoved Lcom/trolltech/qt/QSignalEmitter$Signal3;> (0x000000071791c648) 
thrown [t:\workspace\open\src\hotspot\share\prims\jni.cpp, line 1897]
Event: 7.496 Thread 0x000001cf9e769b10 Implicit null exception at 0x000001cfadace13f to 0x000001cfadacf8c8
Event: 13.090 Thread 0x000001cf9e769b10 Exception <a 'java/lang/NoSuchFieldError'{0x00000007176c49e8}: com.trolltech.qt.core.QAbstractListModel.columnsAboutToBeInserted Lcom/trolltech/qt/QSignalEmitter$Signal3;> (0x00000007176c49e8) 
thrown [t:\workspace\open\src\hotspot\share\prims\jni.cpp, line 1897]
Event: 13.090 Thread 0x000001cf9e769b10 Exception <a 'java/lang/NoSuchFieldError'{0x00000007176c4d50}: com.trolltech.qt.core.QAbstractListModel.columnsAboutToBeRemoved Lcom/trolltech/qt/QSignalEmitter$Signal3;> (0x00000007176c4d50) 
thrown [t:\workspace\open\src\hotspot\share\prims\jni.cpp, line 1897]
Event: 13.090 Thread 0x000001cf9e769b10 Exception <a 'java/lang/NoSuchFieldError'{0x00000007176c50b0}: com.trolltech.qt.core.QAbstractListModel.columnsInserted Lcom/trolltech/qt/QSignalEmitter$Signal3;> (0x00000007176c50b0) 
thrown [t:\workspace\open\src\hotspot\share\prims\jni.cpp, line 1897]
Event: 13.090 Thread 0x000001cf9e769b10 Exception <a 'java/lang/NoSuchFieldError'{0x00000007176c5410}: com.trolltech.qt.core.QAbstractListModel.columnsRemoved Lcom/trolltech/qt/QSignalEmitter$Signal3;> (0x00000007176c5410) 
thrown [t:\workspace\open\src\hotspot\share\prims\jni.cpp, line 1897]
Event: 13.090 Thread 0x000001cf9e769b10 Exception <a 'java/lang/NoSuchFieldError'{0x00000007176c5770}: com.trolltech.qt.core.QAbstractListModel.modelAboutToBeReset Lcom/trolltech/qt/QSignalEmitter$Signal0;> (0x00000007176c5770) 
thrown [t:\workspace\open\src\hotspot\share\prims\jni.cpp, line 1897]
Event: 13.090 Thread 0x000001cf9e769b10 Exception <a 'java/lang/NoSuchFieldError'{0x00000007176c5ac8}: com.trolltech.qt.core.QAbstractListModel.modelReset Lcom/trolltech/qt/QSignalEmitter$Signal0;> (0x00000007176c5ac8) 
thrown [t:\workspace\open\src\hotspot\share\prims\jni.cpp, line 1897]
Event: 13.090 Thread 0x000001cf9e769b10 Exception <a 'java/lang/NoSuchFieldError'{0x00000007176c5e28}: com.trolltech.qt.core.QAbstractListModel.rowsAboutToBeInserted Lcom/trolltech/qt/QSignalEmitter$Signal3;> (0x00000007176c5e28) 
thrown [t:\workspace\open\src\hotspot\share\prims\jni.cpp, line 1897]
Event: 13.090 Thread 0x000001cf9e769b10 Exception <a 'java/lang/NoSuchFieldError'{0x00000007176c6188}: com.trolltech.qt.core.QAbstractListModel.rowsAboutToBeRemoved Lcom/trolltech/qt/QSignalEmitter$Signal3;> (0x00000007176c6188) 
thrown [t:\workspace\open\src\hotspot\share\prims\jni.cpp, line 1897]
Event: 13.090 Thread 0x000001cf9e769b10 Exception <a 'java/lang/NoSuchFieldError'{0x00000007176c64e0}: com.trolltech.qt.core.QAbstractListModel.rowsInserted Lcom/trolltech/qt/QSignalEmitter$Signal3;> (0x00000007176c64e0) 
thrown [t:\workspace\open\src\hotspot\share\prims\jni.cpp, line 1897]
Event: 13.090 Thread 0x000001cf9e769b10 Exception <a 'java/lang/NoSuchFieldError'{0x00000007176c6838}: com.trolltech.qt.core.QAbstractListModel.rowsRemoved Lcom/trolltech/qt/QSignalEmitter$Signal3;> (0x00000007176c6838) 
thrown [t:\workspace\open\src\hotspot\share\prims\jni.cpp, line 1897]

Events (20 events):
Event: 30.621 loading class java/lang/ref/Finalizer$1
Event: 30.621 loading class java/lang/ref/Finalizer$1 done
Event: 30.622 Thread 0x000001cfc41aea60 Thread added: 0x000001cfc41aea60
Event: 30.622 Thread 0x000001cfc41aea60 Thread exited: 0x000001cfc41aea60
Event: 30.631 Executing  VM operation: G1CollectFull
Event: 30.639 Executing  VM operation: G1CollectFull done
Event: 30.639 Thread 0x000001cfc4260230 Thread added: 0x000001cfc4260230
Event: 30.639 Thread 0x000001cfc4260230 Thread exited: 0x000001cfc4260230
Event: 30.639 Thread 0x000001cf9e769b10 Thread exited: 0x000001cf9e769b10
Event: 30.639 Thread 0x000001cf9e769b10 Thread added: 0x000001cf9e769b10
Event: 30.639 Thread 0x000001cfc4260230 Thread added: 0x000001cfc4260230
Event: 30.641 loading class java/lang/Throwable$WrappedPrintStream
Event: 30.641 loading class java/lang/Throwable$PrintStreamOrWriter
Event: 30.641 loading class java/lang/Throwable$PrintStreamOrWriter done
Event: 30.641 loading class java/lang/Throwable$WrappedPrintStream done
Event: 30.641 loading class java/lang/StackTraceElement$HashedModules
Event: 30.641 loading class java/lang/StackTraceElement$HashedModules done
Event: 30.713 Executing  VM operation: G1CollectFull
Event: 30.720 Executing  VM operation: G1CollectFull done
Event: 30.720 Thread 0x000001cfc2cf5640 Thread added: 0x000001cfc2cf5640


Dynamic libraries:
0x00007ff633c00000 - 0x00007ff633c10000 	C:\Program Files\Java\jdk-16.0.1\bin\java.exe
0x00007ffdfbb90000 - 0x00007ffdfbd85000 	C:\WINDOWS\SYSTEM32\ntdll.dll
0x00007ffdfaa80000 - 0x00007ffdfab3e000 	C:\WINDOWS\System32\KERNEL32.DLL
0x00007ffdf95e0000 - 0x00007ffdf98a8000 	C:\WINDOWS\System32\KERNELBASE.dll
0x00007ffdf92b0000 - 0x00007ffdf93b0000 	C:\WINDOWS\System32\ucrtbase.dll
0x00007ffdf0270000 - 0x00007ffdf0288000 	C:\Program Files\Java\jdk-16.0.1\bin\jli.dll
0x00007ffdd8160000 - 0x00007ffdd8179000 	C:\Program Files\Java\jdk-16.0.1\bin\VCRUNTIME140.dll
0x00007ffdfb010000 - 0x00007ffdfb0bc000 	C:\WINDOWS\System32\ADVAPI32.dll
0x00007ffdf9fa0000 - 0x00007ffdfa03e000 	C:\WINDOWS\System32\msvcrt.dll
0x00007ffdfa2a0000 - 0x00007ffdfa33b000 	C:\WINDOWS\System32\sechost.dll
0x00007ffdfba20000 - 0x00007ffdfbb4a000 	C:\WINDOWS\System32\RPCRT4.dll
0x00007ffdfa0f0000 - 0x00007ffdfa291000 	C:\WINDOWS\System32\USER32.dll
0x00007ffdf9400000 - 0x00007ffdf9422000 	C:\WINDOWS\System32\win32u.dll
0x00007ffdf9f60000 - 0x00007ffdf9f8b000 	C:\WINDOWS\System32\GDI32.dll
0x00007ffde8b90000 - 0x00007ffde8e2a000 	C:\WINDOWS\WinSxS\amd64_microsoft.windows.common-controls_6595b64144ccf1df_6.0.19041.1110_none_60b5254171f9507e\COMCTL32.dll
0x00007ffdf94d0000 - 0x00007ffdf95db000 	C:\WINDOWS\System32\gdi32full.dll
0x00007ffdf9430000 - 0x00007ffdf94cd000 	C:\WINDOWS\System32\msvcp_win.dll
0x00007ffdf2f70000 - 0x00007ffdf2f7a000 	C:\WINDOWS\SYSTEM32\VERSION.dll
0x00007ffdfb7c0000 - 0x00007ffdfb7f0000 	C:\WINDOWS\System32\IMM32.DLL
0x00007ffdea6b0000 - 0x00007ffdea6bc000 	C:\Program Files\Java\jdk-16.0.1\bin\vcruntime140_1.dll
0x00007ffdbc7d0000 - 0x00007ffdbc861000 	C:\Program Files\Java\jdk-16.0.1\bin\msvcp140.dll
0x00007ffdbc870000 - 0x00007ffdbd41b000 	C:\Program Files\Java\jdk-16.0.1\bin\server\jvm.dll
0x00007ffdf9f90000 - 0x00007ffdf9f98000 	C:\WINDOWS\System32\PSAPI.DLL
0x00007ffdf1180000 - 0x00007ffdf11a7000 	C:\WINDOWS\SYSTEM32\WINMM.dll
0x00007ffde3f20000 - 0x00007ffde3f29000 	C:\WINDOWS\SYSTEM32\WSOCK32.dll
0x00007ffdfafa0000 - 0x00007ffdfb00b000 	C:\WINDOWS\System32\WS2_32.dll
0x00007ffdf71b0000 - 0x00007ffdf71c2000 	C:\WINDOWS\SYSTEM32\kernel.appcore.dll
0x00007ffde93b0000 - 0x00007ffde93ba000 	C:\Program Files\Java\jdk-16.0.1\bin\jimage.dll
0x00007ffde27a0000 - 0x00007ffde2984000 	C:\WINDOWS\SYSTEM32\DBGHELP.DLL
0x00007ffde3dd0000 - 0x00007ffde3dfc000 	C:\WINDOWS\SYSTEM32\dbgcore.DLL
0x00007ffdf9910000 - 0x00007ffdf9993000 	C:\WINDOWS\System32\bcryptPrimitives.dll
0x00007ffdc9240000 - 0x00007ffdc9265000 	C:\Program Files\Java\jdk-16.0.1\bin\java.dll
0x00007ffdfa340000 - 0x00007ffdfaa7f000 	C:\WINDOWS\System32\SHELL32.dll
0x00007ffdf73b0000 - 0x00007ffdf7b40000 	C:\WINDOWS\SYSTEM32\windows.storage.dll
0x00007ffdfabb0000 - 0x00007ffdfaf05000 	C:\WINDOWS\System32\combase.dll
0x00007ffdf8c90000 - 0x00007ffdf8cbe000 	C:\WINDOWS\SYSTEM32\Wldp.dll
0x00007ffdf9d00000 - 0x00007ffdf9dad000 	C:\WINDOWS\System32\SHCORE.dll
0x00007ffdfb760000 - 0x00007ffdfb7b5000 	C:\WINDOWS\System32\shlwapi.dll
0x00007ffdf91f0000 - 0x00007ffdf920f000 	C:\WINDOWS\SYSTEM32\profapi.dll
0x00007ffdd8140000 - 0x00007ffdd8159000 	C:\Program Files\Java\jdk-16.0.1\bin\net.dll
0x00007ffdf1800000 - 0x00007ffdf190c000 	C:\WINDOWS\SYSTEM32\WINHTTP.dll
0x00007ffdf89f0000 - 0x00007ffdf8a5a000 	C:\WINDOWS\system32\mswsock.dll
0x00007ffdd7f70000 - 0x00007ffdd7f83000 	C:\Program Files\Java\jdk-16.0.1\bin\nio.dll
0x00007ffdc9220000 - 0x00007ffdc9238000 	C:\Program Files\Java\jdk-16.0.1\bin\zip.dll
0x00007ffde8410000 - 0x00007ffde8420000 	C:\Program Files\Java\jdk-16.0.1\bin\verify.dll
0x00000000613f0000 - 0x00000000616d1000 	C:\Users\DANILOR\AppData\Local\Temp\QtJambi_DANILOR_amd64_4.8.6_msvc2012x64-20150117-2107\lib\QtCore4.dll
0x00007ffdfb150000 - 0x00007ffdfb27a000 	C:\WINDOWS\System32\ole32.dll
0x00007ffdc5e40000 - 0x00007ffdc5ee7000 	C:\WINDOWS\SYSTEM32\MSVCP110.dll
0x00007ffdc5d60000 - 0x00007ffdc5e34000 	C:\WINDOWS\SYSTEM32\MSVCR110.dll
0x00007ffde2590000 - 0x00007ffde25d0000 	C:\Users\DANILOR\AppData\Local\Temp\QtJambi_DANILOR_amd64_4.8.6_msvc2012x64-20150117-2107\lib\qtjambi.dll
0x00007ffdc8190000 - 0x00007ffdc82c0000 	C:\Users\DANILOR\AppData\Local\Temp\QtJambi_DANILOR_amd64_4.8.6_msvc2012x64-20150117-2107\lib\com_trolltech_qt_core.dll
0x0000000060a70000 - 0x00000000613e6000 	C:\Users\DANILOR\AppData\Local\Temp\QtJambi_DANILOR_amd64_4.8.6_msvc2012x64-20150117-2107\lib\QtGui4.dll
0x00007ffdf9db0000 - 0x00007ffdf9e8a000 	C:\WINDOWS\System32\COMDLG32.dll
0x00007ffdf9e90000 - 0x00007ffdf9f5d000 	C:\WINDOWS\System32\OLEAUT32.dll
0x00007ffde8af0000 - 0x00007ffde8b85000 	C:\WINDOWS\SYSTEM32\WINSPOOL.DRV
0x00007ffd9d670000 - 0x00007ffd9dd9f000 	C:\Users\DANILOR\AppData\Local\Temp\QtJambi_DANILOR_amd64_4.8.6_msvc2012x64-20150117-2107\lib\com_trolltech_qt_gui.dll
0x00007ffdf6cd0000 - 0x00007ffdf6d6e000 	C:\WINDOWS\system32\uxtheme.dll
0x00007ffdd1e50000 - 0x00007ffdd1f81000 	C:\ProgramData\A-Volute\A-Volute.SonicStudio3\Modules\ScheduledModules\x64\AudioDevProps2.dll
0x00007ffdf9be0000 - 0x00007ffdf9cf5000 	C:\WINDOWS\System32\MSCTF.dll
0x00007ffdeb1f0000 - 0x00007ffdeb2e9000 	C:\WINDOWS\SYSTEM32\textinputframework.dll
0x00007ffdf6550000 - 0x00007ffdf68ae000 	C:\WINDOWS\System32\CoreUIComponents.dll
0x00007ffdf68b0000 - 0x00007ffdf69a2000 	C:\WINDOWS\System32\CoreMessaging.dll
0x00007ffdf7fa0000 - 0x00007ffdf7fd3000 	C:\WINDOWS\SYSTEM32\ntmarta.dll
0x00007ffdf51f0000 - 0x00007ffdf5344000 	C:\WINDOWS\SYSTEM32\wintypes.dll
0x00007ffde80b0000 - 0x00007ffde8160000 	C:\WINDOWS\WinSxS\amd64_microsoft.windows.common-controls_6595b64144ccf1df_5.82.19041.1110_none_792d1c772443f647\comctl32.dll
0x00007ffdfa040000 - 0x00007ffdfa0e9000 	C:\WINDOWS\System32\clbcatq.dll
0x00007ffdf2b50000 - 0x00007ffdf2b8b000 	C:\WINDOWS\SYSTEM32\dxcore.dll
0x00007ffdf93b0000 - 0x00007ffdf93fe000 	C:\WINDOWS\System32\cfgmgr32.dll

dbghelp: loaded successfully - version: 4.0.5 - missing functions: none
symbol engine: initialized successfully - sym options: 0x614 - pdb path: .;C:\Program Files\Java\jdk-16.0.1\bin;C:\WINDOWS\SYSTEM32;C:\WINDOWS\WinSxS\amd64_microsoft.windows.common-controls_6595b64144ccf1df_6.0.19041.1110_none_60b5254171f9507e;C:\Program Files\Java\jdk-16.0.1\bin\server;C:\Users\DANILOR\AppData\Local\Temp\QtJambi_DANILOR_amd64_4.8.6_msvc2012x64-20150117-2107\lib;C:\ProgramData\A-Volute\A-Volute.SonicStudio3\Modules\ScheduledModules\x64;C:\WINDOWS\WinSxS\amd64_microsoft.windows.common-controls_6595b64144ccf1df_5.82.19041.1110_none_792d1c772443f647

VM Arguments:
jvm_args: -Dfile.encoding=UTF-8 --module-path=C:\Users\DANILOR\OneDrive - Educacyl\Asignaturas 2ºDAM\DI\Tareas\Tarea2\Tarea2DI\build\classes 
java_command: listaCompra.Inicio
java_class_path (initial): C:\qtjambi-4.8.6\qtjambi-4.8.6.jar;C:\qtjambi-4.8.6\qtjambi-designer-4.8.6.jar;C:\qtjambi-4.8.6\qtjambi-examples-4.8.6.jar;C:\qtjambi-4.8.6\qtjambi-examples-src-4.8.6.jar;C:\qtjambi-4.8.6\qtjambi-native-win64-msvc2012x64-4.8.6.jar;C:\Users\DANILOR\OneDrive - Educacyl\Asignaturas 2ºDAM\DI\Tareas\Tarea2\Tarea2DI\build\classes
Launcher Type: SUN_STANDARD

[Global flags]
     intx CICompilerCount                          = 12                                        {product} {ergonomic}
     uint ConcGCThreads                            = 3                                         {product} {ergonomic}
     uint G1ConcRefinementThreads                  = 13                                        {product} {ergonomic}
   size_t G1HeapRegionSize                         = 2097152                                   {product} {ergonomic}
    uintx GCDrainStackTargetSize                   = 64                                        {product} {ergonomic}
   size_t InitialHeapSize                          = 260046848                                 {product} {ergonomic}
   size_t MarkStackSize                            = 4194304                                   {product} {ergonomic}
   size_t MaxHeapSize                              = 4139778048                                {product} {ergonomic}
   size_t MaxNewSize                               = 2483027968                                {product} {ergonomic}
   size_t MinHeapDeltaBytes                        = 2097152                                   {product} {ergonomic}
   size_t MinHeapSize                              = 8388608                                   {product} {ergonomic}
    uintx NonNMethodCodeHeapSize                   = 7602480                                {pd product} {ergonomic}
    uintx NonProfiledCodeHeapSize                  = 122027880                              {pd product} {ergonomic}
    uintx ProfiledCodeHeapSize                     = 122027880                              {pd product} {ergonomic}
    uintx ReservedCodeCacheSize                    = 251658240                              {pd product} {ergonomic}
     bool SegmentedCodeCache                       = true                                      {product} {ergonomic}
   size_t SoftMaxHeapSize                          = 4139778048                             {manageable} {ergonomic}
     bool UseCompressedClassPointers               = true                           {product lp64_product} {ergonomic}
     bool UseCompressedOops                        = true                           {product lp64_product} {ergonomic}
     bool UseG1GC                                  = true                                      {product} {ergonomic}
     bool UseLargePagesIndividualAllocation        = false                                  {pd product} {ergonomic}

Logging:
Log output configuration:
 #0: stdout all=warning uptime,level,tags
 #1: stderr all=off uptime,level,tags

Environment Variables:
JAVA_HOME=C:\Program Files\Java\jdk-16.0.1
PATH=C:\oraclexe\app\oracle\product\11.2.0\server\bin;C:\Program Files\Common Files\Oracle\Java\javapath;C:\Program Files (x86)\Common Files\Oracle\Java\javapath;C:\WINDOWS\system32;C:\WINDOWS;C:\WINDOWS\System32\Wbem;C:\WINDOWS\System32\WindowsPowerShell\v1.0\;C:\WINDOWS\System32\OpenSSH\;C:\Program Files\Git\cmd;C:\Program Files\AutoFirma\AutoFirma;C:\Program Files\Microsoft VS Code\bin;C:\Program Files\Java\jdk-16.0.1\bin;C:\Program Files\Java\jdk-16.0.1\bin;C:\mingw64\bin;C:\qtjambi-4.8.6\bin;C:\Program Files\MySQL\MySQL Shell 8.0\bin\;C:\Users\DANILOR\AppData\Local\Programs\Python\Python39\Scripts\;C:\Users\DANILOR\AppData\Local\Programs\Python\Python39\;C:\Users\DANILOR\AppData\Local\Microsoft\WindowsApps;C:\Program Files\Java\jdk-16.0.1\bin;C:\Program Files\Java\jdk-16.0.1\bin;C:\mingw64\bin;C:\qtjambi-4.8.6\bin;
USERNAME=DANILOR
OS=Windows_NT
PROCESSOR_IDENTIFIER=AMD64 Family 23 Model 96 Stepping 1, AuthenticAMD



---------------  S Y S T E M  ---------------

OS:
 Windows 10 , 64 bit Build 19041 (10.0.19041.1348)
OS uptime: 6 days 12:06 hours

CPU: total 16 (initial active 16) (16 cores per cpu, 2 threads per core) family 23 model 96 stepping 1 microcode 0x0, cx8, cmov, fxsr, ht, mmx, 3dnowpref, sse, sse2, sse3, ssse3, sse4a, sse4.1, sse4.2, popcnt, lzcnt, tsc, tscinvbit, avx, avx2, aes, clmul, bmi1, bmi2, adx, sha, fma, vzeroupper, clflush, clflushopt

Memory: 4k page, system-wide physical 15789M (9398M free)
TotalPageFile size 18221M (AvailPageFile size 6773M)
current process WorkingSet (physical memory assigned to process): 68M, peak: 94M
current process commit charge ("private bytes"): 120M, peak: 381M

vm_info: Java HotSpot(TM) 64-Bit Server VM (16.0.1+9-24) for windows-amd64 JRE (16.0.1+9-24), built on Mar 26 2021 19:31:42 by "mach5one" with MS VC++ 16.7 (VS2019)

END.
