#
# A fatal error has been detected by the Java Runtime Environment:
#
#  EXCEPTION_ACCESS_VIOLATION (0xc0000005) at pc=0x000000005c364f8d, pid=11896, tid=15604
#
# JRE version: Java(TM) SE Runtime Environment (16.0.1+9) (build 16.0.1+9-24)
# Java VM: Java HotSpot(TM) 64-Bit Server VM (16.0.1+9-24, mixed mode, sharing, tiered, compressed oops, compressed class ptrs, g1 gc, windows-amd64)
# Problematic frame:
# C  [QtGui4.dll+0x64f8d]
#
# No core dump will be written. Minidumps are not enabled by default on client versions of Windows
#
# If you would like to submit a bug report, please visit:
#   https://bugreport.java.com/bugreport/crash.jsp
# The crash happened outside the Java Virtual Machine in native code.
# See problematic frame for where to report the bug.
#

---------------  S U M M A R Y ------------

Command Line: -Dfile.encoding=UTF-8 --module-path=D:\Curso Dam\Asignaturas 2ºDAM\DI\Tareas\Tarea2\Tarea2DI\build\classes listaCompra.Inicio

Host: AMD Ryzen 9 4900HS with Radeon Graphics         , 16 cores, 15G,  Windows 10 , 64 bit Build 19041 (10.0.19041.1348)
Time: Wed Dec  8 22:35:29 2021 Hora estándar romance elapsed time: 681.879154 seconds (0d 0h 11m 21s)

---------------  T H R E A D  ---------------

Current thread (0x00000253f258e1e0):  JavaThread "Finalizer" daemon [_thread_in_native, id=15604, stack(0x0000007369300000,0x0000007369400000)]

Stack: [0x0000007369300000,0x0000007369400000],  sp=0x00000073693fe840,  free space=1018k
Native frames: (J=compiled Java code, j=interpreted, Vv=VM code, C=native code)
C  [QtGui4.dll+0x64f8d]

Java frames: (J=compiled Java code, j=interpreted, Vv=VM code)
J 874  com.trolltech.qt.internal.QtJambiObject.finalize()V (0 bytes) @ 0x00000253de6a85eb [0x00000253de6a85a0+0x000000000000004b]
J 868 c1 java.lang.ref.Finalizer.runFinalizer(Ljdk/internal/access/JavaLangAccess;)V java.base@16.0.1 (131 bytes) @ 0x00000253d7378f44 [0x00000253d73788c0+0x0000000000000684]
j  java.lang.ref.Finalizer$FinalizerThread.run()V+46 java.base@16.0.1
v  ~StubRoutines::call_stub

siginfo: EXCEPTION_ACCESS_VIOLATION (0xc0000005), reading address 0x0000000000000008


Register to memory mapping:

RIP=0x000000005c364f8d QtGui4.dll
RAX=0x0 is NULL
RBX=0x00000000fffffffb is an unknown value
RCX=0x00000253f31cee30 points into unknown readable memory: 0x0000000000000001 | 01 00 00 00 00 00 00 00
RDX=0x0000000000000001 is an unknown value
RSP=0x00000073693fe840 is pointing into the stack for thread: 0x00000253f258e1e0
RBP=0x0 is NULL
RSI=0x00000253f41df0c0 points into unknown readable memory: 0x000000005c9565b8 | b8 65 95 5c 00 00 00 00
RDI=0x00000253f41df0c0 points into unknown readable memory: 0x000000005c9565b8 | b8 65 95 5c 00 00 00 00
R8 =0x0000000000000001 is an unknown value
R9 =0x000000000000000d is an unknown value
R10=0x0 is NULL
R11=0x0000000000000807 is an unknown value
R12=0x00000253f41de260 points into unknown readable memory: 0x000000005c901378 | 78 13 90 5c 00 00 00 00
R13=0x00000253f3a3fe50 points into unknown readable memory: 0x000000005c8f2048 | 48 20 8f 5c 00 00 00 00
R14=0x0 is NULL
R15=0x0 is NULL


Registers:
RAX=0x0000000000000000, RBX=0x00000000fffffffb, RCX=0x00000253f31cee30, RDX=0x0000000000000001
RSP=0x00000073693fe840, RBP=0x0000000000000000, RSI=0x00000253f41df0c0, RDI=0x00000253f41df0c0
R8 =0x0000000000000001, R9 =0x000000000000000d, R10=0x0000000000000000, R11=0x0000000000000807
R12=0x00000253f41de260, R13=0x00000253f3a3fe50, R14=0x0000000000000000, R15=0x0000000000000000
RIP=0x000000005c364f8d, EFLAGS=0x0000000000010202

Top of Stack: (sp=0x00000073693fe840)
0x00000073693fe840:   00000253f31cee30 00000000fffffffb
0x00000073693fe850:   0000000000000000 00007ffb67c06338
0x00000073693fe860:   0000025300000000 0000000000000000
0x00000073693fe870:   fffffffffffffffe 0000000000000000
0x00000073693fe880:   0000000000000000 000000005c67fffe
0x00000073693fe890:   00000253f3b10c70 000000005c955fb0
0x00000073693fe8a0:   00000253f31cee30 0000000000000000
0x00000073693fe8b0:   0000000000000001 000000005c67f864
0x00000073693fe8c0:   00000253f41df0c0 0000000000000000
0x00000073693fe8d0:   00000253f38fe4d0 00000253cd0d0000
0x00000073693fe8e0:   fffffffffffffffe 000000005c4df993
0x00000073693fe8f0:   00000253f41df0c0 00007ffb442a1885
0x00000073693fe900:   00000253f41df0c0 0000000000000000
0x00000073693fe910:   00000253f41e01f0 000000005c4df6a4
0x00000073693fe920:   fffffffffffffffe 000000005cc0cb68
0x00000073693fe930:   00000253f3a3fe50 000000005d0cb3e3 

Instructions: (pc=0x000000005c364f8d)
0x000000005c364e8d:   73 08 48 8b 0e 48 3b cb 74 1b ff 15 d3 78 58 00
0x000000005c364e9d:   84 c0 75 0e ba 08 00 00 00 48 8b 0e ff 15 59 7b
0x000000005c364ead:   58 00 48 89 1e 48 83 c4 38 41 5e 5f 5e 5b c3 cc
0x000000005c364ebd:   cc cc cc 40 57 48 83 ec 20 48 8b 41 f8 48 8b fa
0x000000005c364ecd:   48 3b 90 40 01 00 00 74 6c 48 8b 41 f8 48 89 5c
0x000000005c364edd:   24 30 48 8d 59 f0 f7 80 c8 01 00 00 00 00 00 10
0x000000005c364eed:   74 0c 48 8b 43 20 48 8b 08 48 85 c9 75 22 41 b0
0x000000005c364efd:   01 ba 64 00 00 00 48 8b cb e8 25 2d 00 00 48 8b
0x000000005c364f0d:   4b 08 33 d2 e8 5a 78 ff ff 48 8b 43 20 48 8b 08
0x000000005c364f1d:   48 8b d7 ff 15 e2 ab 58 00 48 8b 5c 24 30 85 c0
0x000000005c364f2d:   75 13 48 8d 0d b2 cd 59 00 48 83 c4 20 5f 48 ff
0x000000005c364f3d:   25 d6 83 58 00 48 83 c4 20 5f c3 cc cc cc cc cc
0x000000005c364f4d:   cc cc cc 85 d2 74 68 57 48 83 ec 40 48 c7 44 24
0x000000005c364f5d:   30 fe ff ff ff 48 89 5c 24 50 8b da 48 8b f9 c7
0x000000005c364f6d:   44 24 20 00 00 00 00 45 33 c9 45 33 c0 33 d2 48
0x000000005c364f7d:   8d 4c 24 60 e8 7a 9d fd ff 90 ff 15 4b 79 58 00
0x000000005c364f8d:   48 8b 48 08 48 81 c1 28 01 00 00 4c 8d 4c 24 60
0x000000005c364f9d:   4c 8b c7 8b d3 e8 29 7f fe ff 90 48 8d 4c 24 60
0x000000005c364fad:   e8 de d6 fc ff 48 8b 5c 24 50 48 83 c4 40 5f f3
0x000000005c364fbd:   c3 cc cc 48 89 5c 24 08 48 89 6c 24 10 48 89 74
0x000000005c364fcd:   24 18 57 48 81 ec 80 00 00 00 48 8b f1 48 8b 09
0x000000005c364fdd:   48 8b fa 48 83 c1 68 ba 01 00 00 00 ff 15 71 77
0x000000005c364fed:   58 00 84 c0 74 08 48 8b ce e8 c5 58 fa ff 48 8b
0x000000005c364ffd:   0e 4c 8b c1 48 8b d9 4c 63 51 6c 8b 69 70 4d 85
0x000000005c36500d:   d2 78 43 48 8d 44 24 20 41 b9 08 00 00 00 4c 2b
0x000000005c36501d:   c8 66 90 4b 8b 5c d0 08 48 3b d9 74 1f 8b 17 0f
0x000000005c36502d:   1f 40 00 39 53 f8 7d 14 4b 8d 04 d1 4c 8b c3 48
0x000000005c36503d:   03 c3 48 8b 5c 04 20 48 3b d9 75 e7 4e 89 44 d4
0x000000005c36504d:   20 49 ff ca 79 cd 48 3b d9 74 3e 8b 43 f8 39 07
0x000000005c36505d:   7c 37 90 48 8b 0e 4c 8b cb 48 8b 5b 08 48 3b d9
0x000000005c36506d:   74 0e 8b 43 f8 41 39 41 f8 7c 05 40 b7 01 eb 03
0x000000005c36507d:   40 32 ff 48 8d 54 24 20 41 b8 08 00 00 00 ff 15 


Stack slot to memory mapping:
stack at sp + 0 slots: 0x00000253f31cee30 points into unknown readable memory: 0x0000000000000001 | 01 00 00 00 00 00 00 00
stack at sp + 1 slots: 0x00000000fffffffb is an unknown value
stack at sp + 2 slots: 0x0 is NULL
stack at sp + 3 slots: 0x00007ffb67c06338 MSVCR110.dll
stack at sp + 4 slots: 0x0000025300000000 is an unknown value
stack at sp + 5 slots: 0x0 is NULL
stack at sp + 6 slots: 0xfffffffffffffffe is an unknown value
stack at sp + 7 slots: 0x0 is NULL


---------------  P R O C E S S  ---------------

Threads class SMR info:
_java_thread_list=0x00000253f3a2b610, length=13, elements={
0x00000253f258ce70, 0x00000253f258e1e0, 0x00000253f259fce0, 0x00000253f25a05f0,
0x00000253f25a0f00, 0x00000253f25a1810, 0x00000253f25a3400, 0x00000253f25aaad0,
0x00000253f25b6750, 0x00000253cf41b4f0, 0x00000253f3192c10, 0x00000253cf33a250,
0x00000253f35de4a0
}

Java Threads: ( => current thread )
  0x00000253f258ce70 JavaThread "Reference Handler" daemon [_thread_blocked, id=15640, stack(0x0000007369200000,0x0000007369300000)]
=>0x00000253f258e1e0 JavaThread "Finalizer" daemon [_thread_in_native, id=15604, stack(0x0000007369300000,0x0000007369400000)]
  0x00000253f259fce0 JavaThread "Signal Dispatcher" daemon [_thread_blocked, id=11836, stack(0x0000007369400000,0x0000007369500000)]
  0x00000253f25a05f0 JavaThread "Attach Listener" daemon [_thread_blocked, id=9048, stack(0x0000007369500000,0x0000007369600000)]
  0x00000253f25a0f00 JavaThread "Service Thread" daemon [_thread_blocked, id=1384, stack(0x0000007369600000,0x0000007369700000)]
  0x00000253f25a1810 JavaThread "Monitor Deflation Thread" daemon [_thread_blocked, id=2284, stack(0x0000007369700000,0x0000007369800000)]
  0x00000253f25a3400 JavaThread "C2 CompilerThread0" daemon [_thread_blocked, id=8440, stack(0x0000007369800000,0x0000007369900000)]
  0x00000253f25aaad0 JavaThread "C1 CompilerThread0" daemon [_thread_blocked, id=14828, stack(0x0000007369900000,0x0000007369a00000)]
  0x00000253f25b6750 JavaThread "Sweeper thread" daemon [_thread_blocked, id=17792, stack(0x0000007369a00000,0x0000007369b00000)]
  0x00000253cf41b4f0 JavaThread "Common-Cleaner" daemon [_thread_blocked, id=11484, stack(0x0000007369b00000,0x0000007369c00000)]
  0x00000253f3192c10 JavaThread "Notification Thread" daemon [_thread_blocked, id=2364, stack(0x0000007369f00000,0x000000736a000000)]
  0x00000253cf33a250 JavaThread "DestroyJavaVM" [_thread_blocked, id=18212, stack(0x0000007368b00000,0x0000007368c00000)]
  0x00000253f35de4a0 JavaThread "Thread-2" daemon [_thread_in_native, id=12620, stack(0x000000736a900000,0x000000736aa00000)]

Other Threads:
  0x00000253f2587870 VMThread "VM Thread" [stack: 0x0000007369100000,0x0000007369200000] [id=11368]
  0x00000253cf33b160 WatcherThread [stack: 0x000000736a000000,0x000000736a100000] [id=17784]
  0x00000253cf38ba90 GCTaskThread "GC Thread#0" [stack: 0x0000007368c00000,0x0000007368d00000] [id=18100]
  0x00000253f32d9c90 GCTaskThread "GC Thread#1" [stack: 0x0000007369d00000,0x0000007369e00000] [id=6964]
  0x00000253f315cc90 GCTaskThread "GC Thread#2" [stack: 0x000000736a400000,0x000000736a500000] [id=10264]
  0x00000253f41f7de0 GCTaskThread "GC Thread#3" [stack: 0x000000736a500000,0x000000736a600000] [id=18288]
  0x00000253f3959770 GCTaskThread "GC Thread#4" [stack: 0x000000736a600000,0x000000736a700000] [id=17260]
  0x00000253f417fd10 GCTaskThread "GC Thread#5" [stack: 0x000000736a700000,0x000000736a800000] [id=14376]
  0x00000253f30733c0 GCTaskThread "GC Thread#6" [stack: 0x000000736a800000,0x000000736a900000] [id=13392]
  0x00000253cf39d130 ConcurrentGCThread "G1 Main Marker" [stack: 0x0000007368d00000,0x0000007368e00000] [id=11696]
  0x00000253cf39e250 ConcurrentGCThread "G1 Conc#0" [stack: 0x0000007368e00000,0x0000007368f00000] [id=18348]
  0x00000253cf408780 ConcurrentGCThread "G1 Refine#0" [stack: 0x0000007368f00000,0x0000007369000000] [id=7876]
  0x00000253cf409010 ConcurrentGCThread "G1 Service" [stack: 0x0000007369000000,0x0000007369100000] [id=920]

Threads with active compile tasks:

VM state: not at safepoint (normal execution)

VM Mutex/Monitor currently owned by a thread: None

Heap address: 0x0000000709400000, size: 3948 MB, Compressed Oops mode: Zero based, Oop shift amount: 3

CDS archive(s) mapped at: [0x0000000800000000-0x0000000800bb0000-0x0000000800bb0000), size 12255232, SharedBaseAddress: 0x0000000800000000, ArchiveRelocationMode: 0.
Compressed class space mapped at: 0x0000000800c00000-0x0000000840c00000, reserved size: 1073741824
Narrow klass base: 0x0000000800000000, Narrow klass shift: 3, Narrow klass range: 0x100000000

GC Precious Log:
 CPUs: 16 total, 16 available
 Memory: 15789M
 Large Page Support: Disabled
 NUMA Support: Disabled
 Compressed Oops: Enabled (Zero based)
 Heap Region Size: 2M
 Heap Min Capacity: 8M
 Heap Initial Capacity: 248M
 Heap Max Capacity: 3948M
 Pre-touch: Disabled
 Parallel Workers: 13
 Concurrent Workers: 3
 Concurrent Refinement Workers: 13
 Periodic GC: Disabled

Heap:
 garbage-first heap   total 14336K, used 2292K [0x0000000709400000, 0x0000000800000000)
  region size 2048K, 1 young (2048K), 0 survivors (0K)
 Metaspace       used 6508K, committed 6720K, reserved 1056768K
  class space    used 601K, committed 704K, reserved 1048576K

Heap Regions: E=young(eden), S=young(survivor), O=old, HS=humongous(starts), HC=humongous(continues), CS=collection set, F=free, OA=open archive, CA=closed archive, TAMS=top-at-mark-start (previous, next)
|   0|0x0000000709400000, 0x00000007095ffff0, 0x0000000709600000| 99%| O|  |TAMS 0x0000000709400000, 0x0000000709400000| Untracked 
|   1|0x0000000709600000, 0x000000070963d340, 0x0000000709800000| 11%| O|  |TAMS 0x0000000709600000, 0x0000000709600000| Untracked 
|   2|0x0000000709800000, 0x0000000709800000, 0x0000000709a00000|  0%| F|  |TAMS 0x0000000709800000, 0x0000000709800000| Untracked 
|   3|0x0000000709a00000, 0x0000000709a00000, 0x0000000709c00000|  0%| F|  |TAMS 0x0000000709a00000, 0x0000000709a00000| Untracked 
|   4|0x0000000709c00000, 0x0000000709c00000, 0x0000000709e00000|  0%| F|  |TAMS 0x0000000709c00000, 0x0000000709c00000| Untracked 
|   5|0x0000000709e00000, 0x0000000709e00000, 0x000000070a000000|  0%| F|  |TAMS 0x0000000709e00000, 0x0000000709e00000| Untracked 
|   6|0x000000070a000000, 0x000000070a00a3e0, 0x000000070a200000|  2%| E|  |TAMS 0x000000070a000000, 0x000000070a000000| Complete 

Card table byte_map: [0x00000253e6b00000,0x00000253e72c0000] _byte_map_base: 0x00000253e32b6000

Marking Bits (Prev, Next): (CMBitMap*) 0x00000253cf38c090, (CMBitMap*) 0x00000253cf38c0d0
 Prev Bits: [0x00000253e7a80000, 0x00000253eb830000)
 Next Bits: [0x00000253eb830000, 0x00000253ef5e0000)

Polling page: 0x00000253cd2b0000

Metaspace:

Usage:
  Non-class:      5.77 MB used.
      Class:    601.95 KB used.
       Both:      6.36 MB used.

Virtual space:
  Non-class space:        8.00 MB reserved,       5.88 MB ( 73%) committed,  1 nodes.
      Class space:        1.00 GB reserved,     704.00 KB ( <1%) committed,  1 nodes.
              Both:        1.01 GB reserved,       6.56 MB ( <1%) committed. 

Chunk freelists:
   Non-Class:  624.00 KB
       Class:  3.34 MB
        Both:  3.95 MB

MaxMetaspaceSize: 17179869184.00 GB
CompressedClassSpaceSize: 1.00 GB
 - commit_granule_bytes: 65536.
 - commit_granule_words: 8192.
 - virtual_space_node_default_size: 1048576.
 - enlarge_chunks_in_place: 1.
 - new_chunks_are_fully_committed: 0.
 - uncommit_free_chunks: 1.
 - use_allocation_guard: 0.
 - handle_deallocations: 1.


Internal statistics:

num_allocs_failed_limit: 0.
num_arena_births: 68.
num_arena_deaths: 0.
num_vsnodes_births: 2.
num_vsnodes_deaths: 0.
num_space_committed: 105.
num_space_uncommitted: 0.
num_chunks_returned_to_freelist: 0.
num_chunks_taken_from_freelist: 218.
num_chunk_merges: 0.
num_chunk_splits: 173.
num_chunks_enlarged: 142.
num_purges: 0.

CodeHeap 'non-profiled nmethods': size=119168Kb used=404Kb max_used=404Kb free=118763Kb
 bounds [0x00000253de660000, 0x00000253de8d0000, 0x00000253e5ac0000]
CodeHeap 'profiled nmethods': size=119104Kb used=1794Kb max_used=1794Kb free=117309Kb
 bounds [0x00000253d7210000, 0x00000253d7480000, 0x00000253de660000]
CodeHeap 'non-nmethods': size=7488Kb used=1169Kb max_used=2312Kb free=6318Kb
 bounds [0x00000253d6ac0000, 0x00000253d6d30000, 0x00000253d7210000]
 total_blobs=1496 nmethods=1041 adapters=368
 compilation: enabled
              stopped_count=0, restarted_count=0
 full_count=0

Compilation events (20 events):
Event: 681.822 Thread 0x00000253f25aaad0 1032       3       java.lang.StringBuilder::append (8 bytes)
Event: 681.823 Thread 0x00000253f25aaad0 nmethod 1032 0x00000253d73cd410 code [0x00000253d73cd5c0, 0x00000253d73cd708]
Event: 681.823 Thread 0x00000253f25aaad0 1033       3       java.lang.AbstractStringBuilder::append (55 bytes)
Event: 681.823 Thread 0x00000253f25aaad0 nmethod 1033 0x00000253d73cd790 code [0x00000253d73cd980, 0x00000253d73cdcb8]
Event: 681.835 Thread 0x00000253f25aaad0 1034       3       java.nio.charset.CoderResult::isUnderflow (13 bytes)
Event: 681.835 Thread 0x00000253f25aaad0 nmethod 1034 0x00000253d73cde10 code [0x00000253d73cdfa0, 0x00000253d73ce118]
Event: 681.841 Thread 0x00000253f25aaad0 1036   !   3       java.io.BufferedWriter::write (117 bytes)
Event: 681.841 Thread 0x00000253f25aaad0 nmethod 1036 0x00000253d73ce190 code [0x00000253d73ce3a0, 0x00000253d73ce9a8]
Event: 681.841 Thread 0x00000253f25aaad0 1035       3       java.io.Writer::write (11 bytes)
Event: 681.842 Thread 0x00000253f25aaad0 nmethod 1035 0x00000253d73ced10 code [0x00000253d73ceee0, 0x00000253d73cf1c8]
Event: 681.842 Thread 0x00000253f25aaad0 1037       3       java.io.BufferedWriter::min (9 bytes)
Event: 681.842 Thread 0x00000253f25aaad0 nmethod 1037 0x00000253d73cf310 code [0x00000253d73cf4c0, 0x00000253d73cf638]
Event: 681.842 Thread 0x00000253f25aaad0 1038       3       java.io.PrintStream::ensureOpen (18 bytes)
Event: 681.842 Thread 0x00000253f25aaad0 nmethod 1038 0x00000253d73cf710 code [0x00000253d73cf8c0, 0x00000253d73cfae8]
Event: 681.842 Thread 0x00000253f25aaad0 1039  s    3       java.io.BufferedOutputStream::flush (12 bytes)
Event: 681.842 Thread 0x00000253f25aaad0 nmethod 1039 0x00000253d73cfb90 code [0x00000253d73cfd60, 0x00000253d73d0178]
Event: 681.842 Thread 0x00000253f25aaad0 1040       3       java.io.BufferedOutputStream::flushBuffer (29 bytes)
Event: 681.843 Thread 0x00000253f25aaad0 nmethod 1040 0x00000253d73d0290 code [0x00000253d73d0440, 0x00000253d73d0688]
Event: 681.843 Thread 0x00000253f25aaad0 1041       3       java.io.OutputStream::flush (1 bytes)
Event: 681.843 Thread 0x00000253f25aaad0 nmethod 1041 0x00000253d73d0790 code [0x00000253d73d0920, 0x00000253d73d0a38]

GC Heap History (9 events):
Event: 44.485 GC heap before
{Heap before GC invocations=0 (full 0):
 garbage-first heap   total 253952K, used 22528K [0x0000000709400000, 0x0000000800000000)
  region size 2048K, 11 young (22528K), 0 survivors (0K)
 Metaspace       used 6202K, committed 6336K, reserved 1056768K
  class space    used 580K, committed 640K, reserved 1048576K
}
Event: 44.489 GC heap after
{Heap after GC invocations=1 (full 0):
 garbage-first heap   total 253952K, used 2235K [0x0000000709400000, 0x0000000800000000)
  region size 2048K, 2 young (4096K), 2 survivors (4096K)
 Metaspace       used 6202K, committed 6336K, reserved 1056768K
  class space    used 580K, committed 640K, reserved 1048576K
}
Event: 681.527 GC heap before
{Heap before GC invocations=1 (full 0):
 garbage-first heap   total 253952K, used 12475K [0x0000000709400000, 0x0000000800000000)
  region size 2048K, 8 young (16384K), 2 survivors (4096K)
 Metaspace       used 6375K, committed 6592K, reserved 1056768K
  class space    used 590K, committed 704K, reserved 1048576K
}
Event: 681.538 GC heap after
{Heap after GC invocations=2 (full 1):
 garbage-first heap   total 34816K, used 2366K [0x0000000709400000, 0x0000000800000000)
  region size 2048K, 0 young (0K), 0 survivors (0K)
 Metaspace       used 6375K, committed 6592K, reserved 1056768K
  class space    used 590K, committed 704K, reserved 1048576K
}
Event: 681.562 GC heap before
{Heap before GC invocations=2 (full 1):
 garbage-first heap   total 34816K, used 2366K [0x0000000709400000, 0x0000000800000000)
  region size 2048K, 1 young (2048K), 0 survivors (0K)
 Metaspace       used 6382K, committed 6592K, reserved 1056768K
  class space    used 591K, committed 704K, reserved 1048576K
}
Event: 681.579 GC heap after
{Heap after GC invocations=3 (full 2):
 garbage-first heap   total 14336K, used 2307K [0x0000000709400000, 0x0000000800000000)
  region size 2048K, 0 young (0K), 0 survivors (0K)
 Metaspace       used 6382K, committed 6592K, reserved 1056768K
  class space    used 591K, committed 704K, reserved 1048576K
}
Event: 681.846 GC heap before
{Heap before GC invocations=3 (full 2):
 garbage-first heap   total 14336K, used 2307K [0x0000000709400000, 0x0000000800000000)
  region size 2048K, 1 young (2048K), 0 survivors (0K)
 Metaspace       used 6465K, committed 6656K, reserved 1056768K
  class space    used 596K, committed 704K, reserved 1048576K
}
Event: 681.862 GC heap after
{Heap after GC invocations=4 (full 3):
 garbage-first heap   total 14336K, used 2291K [0x0000000709400000, 0x0000000800000000)
  region size 2048K, 0 young (0K), 0 survivors (0K)
 Metaspace       used 6465K, committed 6656K, reserved 1056768K
  class space    used 596K, committed 704K, reserved 1048576K
}
Event: 681.869 GC heap before
{Heap before GC invocations=4 (full 3):
 garbage-first heap   total 14336K, used 2291K [0x0000000709400000, 0x0000000800000000)
  region size 2048K, 1 young (2048K), 0 survivors (0K)
 Metaspace       used 6508K, committed 6720K, reserved 1056768K
  class space    used 601K, committed 704K, reserved 1048576K
}

Deoptimization events (20 events):
Event: 2.414 Thread 0x00000253cf33a250 DEOPT PACKING pc=0x00000253de699590 sp=0x0000007368bf9f20
Event: 2.414 Thread 0x00000253cf33a250 DEOPT UNPACKING pc=0x00000253d6b0d72e sp=0x0000007368bf9e28 mode 2
Event: 15.419 Thread 0x00000253cf33a250 DEOPT PACKING pc=0x00000253d72fc276 sp=0x0000007368bf8c60
Event: 15.420 Thread 0x00000253cf33a250 DEOPT UNPACKING pc=0x00000253d6b0dece sp=0x0000007368bf8198 mode 0
Event: 44.489 Thread 0x00000253cf33a250 Uncommon trap: trap_request=0xffffff45 fr.pc=0x00000253de6a7dd0 relative=0x0000000000000130
Event: 44.489 Thread 0x00000253cf33a250 Uncommon trap: reason=unstable_if action=reinterpret pc=0x00000253de6a7dd0 method=java.lang.ref.SoftReference.get()Ljava/lang/Object; @ 17 c2
Event: 44.489 Thread 0x00000253cf33a250 DEOPT PACKING pc=0x00000253de6a7dd0 sp=0x0000007368bf4430
Event: 44.489 Thread 0x00000253cf33a250 DEOPT UNPACKING pc=0x00000253d6b0d72e sp=0x0000007368bf4378 mode 2
Event: 44.489 Thread 0x00000253f258e1e0 Uncommon trap: trap_request=0xffffff45 fr.pc=0x00000253de6a5b00 relative=0x00000000000000e0
Event: 44.489 Thread 0x00000253f258e1e0 Uncommon trap: reason=unstable_if action=reinterpret pc=0x00000253de6a5b00 method=java.lang.ref.SoftReference.get()Ljava/lang/Object; @ 17 c2
Event: 44.490 Thread 0x00000253f258e1e0 DEOPT PACKING pc=0x00000253de6a5b00 sp=0x00000073693fdcc0
Event: 44.490 Thread 0x00000253f258e1e0 DEOPT UNPACKING pc=0x00000253d6b0d72e sp=0x00000073693fdc78 mode 2
Event: 48.461 Thread 0x00000253cf33a250 Uncommon trap: trap_request=0xffffff45 fr.pc=0x00000253de69fd04 relative=0x0000000000001fe4
Event: 48.461 Thread 0x00000253cf33a250 Uncommon trap: reason=unstable_if action=reinterpret pc=0x00000253de69fd04 method=java.lang.ref.SoftReference.get()Ljava/lang/Object; @ 17 c2
Event: 48.461 Thread 0x00000253cf33a250 DEOPT PACKING pc=0x00000253de69fd04 sp=0x0000007368bf9f30
Event: 48.461 Thread 0x00000253cf33a250 DEOPT UNPACKING pc=0x00000253d6b0d72e sp=0x0000007368bf9cd0 mode 2
Event: 55.382 Thread 0x00000253cf33a250 DEOPT PACKING pc=0x00000253d7300094 sp=0x0000007368bf4f10
Event: 55.382 Thread 0x00000253cf33a250 DEOPT UNPACKING pc=0x00000253d6b0dece sp=0x0000007368bf4438 mode 0
Event: 83.428 Thread 0x00000253cf33a250 DEOPT PACKING pc=0x00000253d737fd0c sp=0x0000007368bf9f20
Event: 83.428 Thread 0x00000253cf33a250 DEOPT UNPACKING pc=0x00000253d6b0dece sp=0x0000007368bf9420 mode 0

Classes unloaded (0 events):
No events

Classes redefined (0 events):
No events

Internal exceptions (20 events):
Event: 151.644 Thread 0x00000253cf33a250 Exception <a 'java/lang/NoSuchFieldError'{0x0000000718215c28}: com.trolltech.qt.gui.QStandardItemModel.columnsAboutToBeRemoved Lcom/trolltech/qt/QSignalEmitter$Signal3;> (0x0000000718215c28) 
thrown [t:\workspace\open\src\hotspot\share\prims\jni.cpp, line 1897]
Event: 151.644 Thread 0x00000253cf33a250 Exception <a 'java/lang/NoSuchFieldError'{0x0000000718215f88}: com.trolltech.qt.gui.QStandardItemModel.columnsInserted Lcom/trolltech/qt/QSignalEmitter$Signal3;> (0x0000000718215f88) 
thrown [t:\workspace\open\src\hotspot\share\prims\jni.cpp, line 1897]
Event: 151.644 Thread 0x00000253cf33a250 Exception <a 'java/lang/NoSuchFieldError'{0x00000007182162e0}: com.trolltech.qt.gui.QStandardItemModel.columnsRemoved Lcom/trolltech/qt/QSignalEmitter$Signal3;> (0x00000007182162e0) 
thrown [t:\workspace\open\src\hotspot\share\prims\jni.cpp, line 1897]
Event: 151.644 Thread 0x00000253cf33a250 Exception <a 'java/lang/NoSuchFieldError'{0x0000000718216640}: com.trolltech.qt.gui.QStandardItemModel.modelAboutToBeReset Lcom/trolltech/qt/QSignalEmitter$Signal0;> (0x0000000718216640) 
thrown [t:\workspace\open\src\hotspot\share\prims\jni.cpp, line 1897]
Event: 151.644 Thread 0x00000253cf33a250 Exception <a 'java/lang/NoSuchFieldError'{0x0000000718216998}: com.trolltech.qt.gui.QStandardItemModel.modelReset Lcom/trolltech/qt/QSignalEmitter$Signal0;> (0x0000000718216998) 
thrown [t:\workspace\open\src\hotspot\share\prims\jni.cpp, line 1897]
Event: 151.644 Thread 0x00000253cf33a250 Exception <a 'java/lang/NoSuchFieldError'{0x0000000718216cf8}: com.trolltech.qt.gui.QStandardItemModel.rowsAboutToBeInserted Lcom/trolltech/qt/QSignalEmitter$Signal3;> (0x0000000718216cf8) 
thrown [t:\workspace\open\src\hotspot\share\prims\jni.cpp, line 1897]
Event: 151.644 Thread 0x00000253cf33a250 Exception <a 'java/lang/NoSuchFieldError'{0x0000000718217058}: com.trolltech.qt.gui.QStandardItemModel.rowsAboutToBeRemoved Lcom/trolltech/qt/QSignalEmitter$Signal3;> (0x0000000718217058) 
thrown [t:\workspace\open\src\hotspot\share\prims\jni.cpp, line 1897]
Event: 151.644 Thread 0x00000253cf33a250 Exception <a 'java/lang/NoSuchFieldError'{0x00000007182173b0}: com.trolltech.qt.gui.QStandardItemModel.rowsInserted Lcom/trolltech/qt/QSignalEmitter$Signal3;> (0x00000007182173b0) 
thrown [t:\workspace\open\src\hotspot\share\prims\jni.cpp, line 1897]
Event: 151.644 Thread 0x00000253cf33a250 Exception <a 'java/lang/NoSuchFieldError'{0x0000000718217708}: com.trolltech.qt.gui.QStandardItemModel.rowsRemoved Lcom/trolltech/qt/QSignalEmitter$Signal3;> (0x0000000718217708) 
thrown [t:\workspace\open\src\hotspot\share\prims\jni.cpp, line 1897]
Event: 165.171 Thread 0x00000253cf33a250 Exception <a 'java/lang/NoSuchFieldError'{0x00000007183017c8}: com.trolltech.qt.gui.QStandardItemModel.columnsAboutToBeInserted Lcom/trolltech/qt/QSignalEmitter$Signal3;> (0x00000007183017c8) 
thrown [t:\workspace\open\src\hotspot\share\prims\jni.cpp, line 1897]
Event: 165.171 Thread 0x00000253cf33a250 Exception <a 'java/lang/NoSuchFieldError'{0x0000000718301b30}: com.trolltech.qt.gui.QStandardItemModel.columnsAboutToBeRemoved Lcom/trolltech/qt/QSignalEmitter$Signal3;> (0x0000000718301b30) 
thrown [t:\workspace\open\src\hotspot\share\prims\jni.cpp, line 1897]
Event: 165.171 Thread 0x00000253cf33a250 Exception <a 'java/lang/NoSuchFieldError'{0x0000000718301e90}: com.trolltech.qt.gui.QStandardItemModel.columnsInserted Lcom/trolltech/qt/QSignalEmitter$Signal3;> (0x0000000718301e90) 
thrown [t:\workspace\open\src\hotspot\share\prims\jni.cpp, line 1897]
Event: 165.171 Thread 0x00000253cf33a250 Exception <a 'java/lang/NoSuchFieldError'{0x00000007183021e8}: com.trolltech.qt.gui.QStandardItemModel.columnsRemoved Lcom/trolltech/qt/QSignalEmitter$Signal3;> (0x00000007183021e8) 
thrown [t:\workspace\open\src\hotspot\share\prims\jni.cpp, line 1897]
Event: 165.171 Thread 0x00000253cf33a250 Exception <a 'java/lang/NoSuchFieldError'{0x0000000718302548}: com.trolltech.qt.gui.QStandardItemModel.modelAboutToBeReset Lcom/trolltech/qt/QSignalEmitter$Signal0;> (0x0000000718302548) 
thrown [t:\workspace\open\src\hotspot\share\prims\jni.cpp, line 1897]
Event: 165.171 Thread 0x00000253cf33a250 Exception <a 'java/lang/NoSuchFieldError'{0x00000007183028a0}: com.trolltech.qt.gui.QStandardItemModel.modelReset Lcom/trolltech/qt/QSignalEmitter$Signal0;> (0x00000007183028a0) 
thrown [t:\workspace\open\src\hotspot\share\prims\jni.cpp, line 1897]
Event: 165.171 Thread 0x00000253cf33a250 Exception <a 'java/lang/NoSuchFieldError'{0x0000000718302c00}: com.trolltech.qt.gui.QStandardItemModel.rowsAboutToBeInserted Lcom/trolltech/qt/QSignalEmitter$Signal3;> (0x0000000718302c00) 
thrown [t:\workspace\open\src\hotspot\share\prims\jni.cpp, line 1897]
Event: 165.171 Thread 0x00000253cf33a250 Exception <a 'java/lang/NoSuchFieldError'{0x0000000718302f60}: com.trolltech.qt.gui.QStandardItemModel.rowsAboutToBeRemoved Lcom/trolltech/qt/QSignalEmitter$Signal3;> (0x0000000718302f60) 
thrown [t:\workspace\open\src\hotspot\share\prims\jni.cpp, line 1897]
Event: 165.171 Thread 0x00000253cf33a250 Exception <a 'java/lang/NoSuchFieldError'{0x00000007183032b8}: com.trolltech.qt.gui.QStandardItemModel.rowsInserted Lcom/trolltech/qt/QSignalEmitter$Signal3;> (0x00000007183032b8) 
thrown [t:\workspace\open\src\hotspot\share\prims\jni.cpp, line 1897]
Event: 165.171 Thread 0x00000253cf33a250 Exception <a 'java/lang/NoSuchFieldError'{0x0000000718303610}: com.trolltech.qt.gui.QStandardItemModel.rowsRemoved Lcom/trolltech/qt/QSignalEmitter$Signal3;> (0x0000000718303610) 
thrown [t:\workspace\open\src\hotspot\share\prims\jni.cpp, line 1897]
Event: 681.869 Thread 0x00000253f34084a0 Exception <a 'java/lang/InterruptedException'{0x000000070a014960}: sleep interrupted> (0x000000070a014960) 
thrown [t:\workspace\open\src\hotspot\share\prims\jvm.cpp, line 3305]

Events (20 events):
Event: 681.866 Thread 0x00000253f3bdd4a0 Thread exited: 0x00000253f3bdd4a0
Event: 681.867 Thread 0x00000253f35de4a0 Thread added: 0x00000253f35de4a0
Event: 681.867 loading class java/util/zip/ZipException
Event: 681.867 loading class java/util/zip/ZipException done
Event: 681.868 loading class java/util/concurrent/locks/ReadWriteLock
Event: 681.868 loading class java/util/concurrent/locks/ReadWriteLock done
Event: 681.868 loading class java/util/concurrent/locks/ReentrantReadWriteLock
Event: 681.868 loading class java/util/concurrent/locks/ReentrantReadWriteLock done
Event: 681.868 loading class java/util/concurrent/locks/ReentrantReadWriteLock$NonfairSync
Event: 681.868 loading class java/util/concurrent/locks/ReentrantReadWriteLock$Sync
Event: 681.868 loading class java/util/concurrent/locks/ReentrantReadWriteLock$Sync done
Event: 681.868 loading class java/util/concurrent/locks/ReentrantReadWriteLock$NonfairSync done
Event: 681.868 loading class java/util/concurrent/locks/ReentrantReadWriteLock$Sync$ThreadLocalHoldCounter
Event: 681.868 loading class java/util/concurrent/locks/ReentrantReadWriteLock$Sync$ThreadLocalHoldCounter done
Event: 681.868 loading class java/util/concurrent/locks/ReentrantReadWriteLock$ReadLock
Event: 681.868 loading class java/util/concurrent/locks/ReentrantReadWriteLock$ReadLock done
Event: 681.868 loading class java/util/concurrent/locks/ReentrantReadWriteLock$WriteLock
Event: 681.868 loading class java/util/concurrent/locks/ReentrantReadWriteLock$WriteLock done
Event: 681.869 Thread 0x00000253f34084a0 Thread exited: 0x00000253f34084a0
Event: 681.869 Executing  VM operation: G1CollectFull


Dynamic libraries:
0x00007ff7f7c80000 - 0x00007ff7f7c90000 	C:\Program Files\Java\jdk-16.0.1\bin\java.exe
0x00007ffb8b470000 - 0x00007ffb8b665000 	C:\WINDOWS\SYSTEM32\ntdll.dll
0x00007ffb897e0000 - 0x00007ffb8989e000 	C:\WINDOWS\System32\KERNEL32.DLL
0x00007ffb88bc0000 - 0x00007ffb88e88000 	C:\WINDOWS\System32\KERNELBASE.dll
0x00007ffb88ff0000 - 0x00007ffb890f0000 	C:\WINDOWS\System32\ucrtbase.dll
0x00007ffb848a0000 - 0x00007ffb848b9000 	C:\Program Files\Java\jdk-16.0.1\bin\VCRUNTIME140.dll
0x00007ffb7c210000 - 0x00007ffb7c228000 	C:\Program Files\Java\jdk-16.0.1\bin\jli.dll
0x00007ffb8af70000 - 0x00007ffb8b01c000 	C:\WINDOWS\System32\ADVAPI32.dll
0x00007ffb8b0e0000 - 0x00007ffb8b17e000 	C:\WINDOWS\System32\msvcrt.dll
0x00007ffb8a690000 - 0x00007ffb8a72b000 	C:\WINDOWS\System32\sechost.dll
0x00007ffb8ac80000 - 0x00007ffb8adaa000 	C:\WINDOWS\System32\RPCRT4.dll
0x00007ffb894c0000 - 0x00007ffb89661000 	C:\WINDOWS\System32\USER32.dll
0x00007ffb76950000 - 0x00007ffb76bea000 	C:\WINDOWS\WinSxS\amd64_microsoft.windows.common-controls_6595b64144ccf1df_6.0.19041.1110_none_60b5254171f9507e\COMCTL32.dll
0x00007ffb89490000 - 0x00007ffb894b2000 	C:\WINDOWS\System32\win32u.dll
0x00007ffb89670000 - 0x00007ffb8969b000 	C:\WINDOWS\System32\GDI32.dll
0x00007ffb89380000 - 0x00007ffb8948b000 	C:\WINDOWS\System32\gdi32full.dll
0x00007ffb890f0000 - 0x00007ffb8918d000 	C:\WINDOWS\System32\msvcp_win.dll
0x00007ffb82990000 - 0x00007ffb8299a000 	C:\WINDOWS\SYSTEM32\VERSION.dll
0x00007ffb8b0b0000 - 0x00007ffb8b0e0000 	C:\WINDOWS\System32\IMM32.DLL
0x00007ffb849f0000 - 0x00007ffb849fc000 	C:\Program Files\Java\jdk-16.0.1\bin\vcruntime140_1.dll
0x00007ffb7c230000 - 0x00007ffb7c2c1000 	C:\Program Files\Java\jdk-16.0.1\bin\msvcp140.dll
0x00007ffb40cd0000 - 0x00007ffb4187b000 	C:\Program Files\Java\jdk-16.0.1\bin\server\jvm.dll
0x00007ffb898a0000 - 0x00007ffb898a8000 	C:\WINDOWS\System32\PSAPI.DLL
0x00007ffb74920000 - 0x00007ffb74929000 	C:\WINDOWS\SYSTEM32\WSOCK32.dll
0x00007ffb81250000 - 0x00007ffb81277000 	C:\WINDOWS\SYSTEM32\WINMM.dll
0x00007ffb8b360000 - 0x00007ffb8b3cb000 	C:\WINDOWS\System32\WS2_32.dll
0x00007ffb86a90000 - 0x00007ffb86aa2000 	C:\WINDOWS\SYSTEM32\kernel.appcore.dll
0x00007ffb848d0000 - 0x00007ffb848da000 	C:\Program Files\Java\jdk-16.0.1\bin\jimage.dll
0x00007ffb72840000 - 0x00007ffb72a24000 	C:\WINDOWS\SYSTEM32\DBGHELP.DLL
0x00007ffb72750000 - 0x00007ffb7277c000 	C:\WINDOWS\SYSTEM32\dbgcore.DLL
0x00007ffb89190000 - 0x00007ffb89213000 	C:\WINDOWS\System32\bcryptPrimitives.dll
0x00007ffb80100000 - 0x00007ffb80125000 	C:\Program Files\Java\jdk-16.0.1\bin\java.dll
0x00007ffb89ad0000 - 0x00007ffb8a20f000 	C:\WINDOWS\System32\SHELL32.dll
0x00007ffb86c90000 - 0x00007ffb87420000 	C:\WINDOWS\SYSTEM32\windows.storage.dll
0x00007ffb8a730000 - 0x00007ffb8aa85000 	C:\WINDOWS\System32\combase.dll
0x00007ffb88570000 - 0x00007ffb8859e000 	C:\WINDOWS\SYSTEM32\Wldp.dll
0x00007ffb8b2b0000 - 0x00007ffb8b35d000 	C:\WINDOWS\System32\SHCORE.dll
0x00007ffb8ac20000 - 0x00007ffb8ac75000 	C:\WINDOWS\System32\shlwapi.dll
0x00007ffb88ad0000 - 0x00007ffb88aef000 	C:\WINDOWS\SYSTEM32\profapi.dll
0x00007ffb81150000 - 0x00007ffb81169000 	C:\Program Files\Java\jdk-16.0.1\bin\net.dll
0x00007ffb80fb0000 - 0x00007ffb810bc000 	C:\WINDOWS\SYSTEM32\WINHTTP.dll
0x00007ffb882d0000 - 0x00007ffb8833a000 	C:\WINDOWS\system32\mswsock.dll
0x00007ffb803a0000 - 0x00007ffb803b3000 	C:\Program Files\Java\jdk-16.0.1\bin\nio.dll
0x00007ffb7fcd0000 - 0x00007ffb7fce8000 	C:\Program Files\Java\jdk-16.0.1\bin\zip.dll
0x00007ffb846f0000 - 0x00007ffb84700000 	C:\Program Files\Java\jdk-16.0.1\bin\verify.dll
0x000000005cfb0000 - 0x000000005d291000 	C:\Users\DANILOR\AppData\Local\Temp\QtJambi_DANILOR_amd64_4.8.6_msvc2012x64-20150117-2107\lib\QtCore4.dll
0x00007ffb8b180000 - 0x00007ffb8b2aa000 	C:\WINDOWS\System32\ole32.dll
0x00007ffb66270000 - 0x00007ffb66317000 	C:\WINDOWS\SYSTEM32\MSVCP110.dll
0x00007ffb67ba0000 - 0x00007ffb67c74000 	C:\WINDOWS\SYSTEM32\MSVCR110.dll
0x00007ffb767d0000 - 0x00007ffb76810000 	C:\Users\DANILOR\AppData\Local\Temp\QtJambi_DANILOR_amd64_4.8.6_msvc2012x64-20150117-2107\lib\qtjambi.dll
0x00007ffb5ae50000 - 0x00007ffb5af80000 	C:\Users\DANILOR\AppData\Local\Temp\QtJambi_DANILOR_amd64_4.8.6_msvc2012x64-20150117-2107\lib\com_trolltech_qt_core.dll
0x000000005c300000 - 0x000000005cc76000 	C:\Users\DANILOR\AppData\Local\Temp\QtJambi_DANILOR_amd64_4.8.6_msvc2012x64-20150117-2107\lib\QtGui4.dll
0x00007ffb8aa90000 - 0x00007ffb8ab6a000 	C:\WINDOWS\System32\COMDLG32.dll
0x00007ffb898b0000 - 0x00007ffb8997d000 	C:\WINDOWS\System32\OLEAUT32.dll
0x00007ffb77500000 - 0x00007ffb77595000 	C:\WINDOWS\SYSTEM32\WINSPOOL.DRV
0x00007ffb440f0000 - 0x00007ffb4481f000 	C:\Users\DANILOR\AppData\Local\Temp\QtJambi_DANILOR_amd64_4.8.6_msvc2012x64-20150117-2107\lib\com_trolltech_qt_gui.dll
0x00007ffb865b0000 - 0x00007ffb8664e000 	C:\WINDOWS\system32\uxtheme.dll
0x00007ffb63200000 - 0x00007ffb63331000 	C:\ProgramData\A-Volute\A-Volute.SonicStudio3\Modules\ScheduledModules\x64\AudioDevProps2.dll
0x00007ffb896c0000 - 0x00007ffb897d5000 	C:\WINDOWS\System32\MSCTF.dll
0x00007ffb80a00000 - 0x00007ffb80af9000 	C:\WINDOWS\SYSTEM32\textinputframework.dll
0x00007ffb85e30000 - 0x00007ffb8618e000 	C:\WINDOWS\System32\CoreUIComponents.dll
0x00007ffb86190000 - 0x00007ffb86282000 	C:\WINDOWS\System32\CoreMessaging.dll
0x00007ffb87880000 - 0x00007ffb878b3000 	C:\WINDOWS\SYSTEM32\ntmarta.dll
0x00007ffb84ad0000 - 0x00007ffb84c24000 	C:\WINDOWS\SYSTEM32\wintypes.dll
0x00007ffb777e0000 - 0x00007ffb77890000 	C:\WINDOWS\WinSxS\amd64_microsoft.windows.common-controls_6595b64144ccf1df_5.82.19041.1110_none_792d1c772443f647\comctl32.dll
0x00007ffb8ab70000 - 0x00007ffb8ac19000 	C:\WINDOWS\System32\clbcatq.dll
0x00007ffb81340000 - 0x00007ffb8137b000 	C:\WINDOWS\SYSTEM32\dxcore.dll
0x00007ffb88fa0000 - 0x00007ffb88fee000 	C:\WINDOWS\System32\cfgmgr32.dll

dbghelp: loaded successfully - version: 4.0.5 - missing functions: none
symbol engine: initialized successfully - sym options: 0x614 - pdb path: .;C:\Program Files\Java\jdk-16.0.1\bin;C:\WINDOWS\SYSTEM32;C:\WINDOWS\WinSxS\amd64_microsoft.windows.common-controls_6595b64144ccf1df_6.0.19041.1110_none_60b5254171f9507e;C:\Program Files\Java\jdk-16.0.1\bin\server;C:\Users\DANILOR\AppData\Local\Temp\QtJambi_DANILOR_amd64_4.8.6_msvc2012x64-20150117-2107\lib;C:\ProgramData\A-Volute\A-Volute.SonicStudio3\Modules\ScheduledModules\x64;C:\WINDOWS\WinSxS\amd64_microsoft.windows.common-controls_6595b64144ccf1df_5.82.19041.1110_none_792d1c772443f647

VM Arguments:
jvm_args: -Dfile.encoding=UTF-8 --module-path=D:\Curso Dam\Asignaturas 2ºDAM\DI\Tareas\Tarea2\Tarea2DI\build\classes 
java_command: listaCompra.Inicio
java_class_path (initial): C:\qtjambi-4.8.6\qtjambi-4.8.6.jar;C:\qtjambi-4.8.6\qtjambi-designer-4.8.6.jar;C:\qtjambi-4.8.6\qtjambi-examples-4.8.6.jar;C:\qtjambi-4.8.6\qtjambi-examples-src-4.8.6.jar;C:\qtjambi-4.8.6\qtjambi-native-win64-msvc2012x64-4.8.6.jar;D:\Curso Dam\Asignaturas 2ºDAM\DI\Tareas\Tarea2\Tarea2DI\build\classes
Launcher Type: SUN_STANDARD

[Global flags]
     intx CICompilerCount                          = 12                                        {product} {ergonomic}
     uint ConcGCThreads                            = 3                                         {product} {ergonomic}
     uint G1ConcRefinementThreads                  = 13                                        {product} {ergonomic}
   size_t G1HeapRegionSize                         = 2097152                                   {product} {ergonomic}
    uintx GCDrainStackTargetSize                   = 64                                        {product} {ergonomic}
   size_t InitialHeapSize                          = 260046848                                 {product} {ergonomic}
   size_t MarkStackSize                            = 4194304                                   {product} {ergonomic}
   size_t MaxHeapSize                              = 4139778048                                {product} {ergonomic}
   size_t MaxNewSize                               = 2483027968                                {product} {ergonomic}
   size_t MinHeapDeltaBytes                        = 2097152                                   {product} {ergonomic}
   size_t MinHeapSize                              = 8388608                                   {product} {ergonomic}
    uintx NonNMethodCodeHeapSize                   = 7602480                                {pd product} {ergonomic}
    uintx NonProfiledCodeHeapSize                  = 122027880                              {pd product} {ergonomic}
    uintx ProfiledCodeHeapSize                     = 122027880                              {pd product} {ergonomic}
    uintx ReservedCodeCacheSize                    = 251658240                              {pd product} {ergonomic}
     bool SegmentedCodeCache                       = true                                      {product} {ergonomic}
   size_t SoftMaxHeapSize                          = 4139778048                             {manageable} {ergonomic}
     bool UseCompressedClassPointers               = true                           {product lp64_product} {ergonomic}
     bool UseCompressedOops                        = true                           {product lp64_product} {ergonomic}
     bool UseG1GC                                  = true                                      {product} {ergonomic}
     bool UseLargePagesIndividualAllocation        = false                                  {pd product} {ergonomic}

Logging:
Log output configuration:
 #0: stdout all=warning uptime,level,tags
 #1: stderr all=off uptime,level,tags

Environment Variables:
JAVA_HOME=C:\Program Files\Java\jdk-16.0.1
PATH=C:\oraclexe\app\oracle\product\11.2.0\server\bin;C:\Program Files\Common Files\Oracle\Java\javapath;C:\Program Files (x86)\Common Files\Oracle\Java\javapath;C:\WINDOWS\system32;C:\WINDOWS;C:\WINDOWS\System32\Wbem;C:\WINDOWS\System32\WindowsPowerShell\v1.0\;C:\WINDOWS\System32\OpenSSH\;C:\Program Files\Git\cmd;C:\Program Files\AutoFirma\AutoFirma;C:\Program Files\Microsoft VS Code\bin;C:\Program Files\Java\jdk-16.0.1\bin;C:\Program Files\Java\jdk-16.0.1\bin;C:\mingw64\bin;C:\qtjambi-4.8.6\bin;C:\Program Files\MySQL\MySQL Shell 8.0\bin\;C:\Users\DANILOR\AppData\Local\Programs\Python\Python39\Scripts\;C:\Users\DANILOR\AppData\Local\Programs\Python\Python39\;C:\Users\DANILOR\AppData\Local\Microsoft\WindowsApps;C:\Program Files\Java\jdk-16.0.1\bin;C:\Program Files\Java\jdk-16.0.1\bin;C:\mingw64\bin;C:\qtjambi-4.8.6\bin;
USERNAME=DANILOR
OS=Windows_NT
PROCESSOR_IDENTIFIER=AMD64 Family 23 Model 96 Stepping 1, AuthenticAMD



---------------  S Y S T E M  ---------------

OS:
 Windows 10 , 64 bit Build 19041 (10.0.19041.1348)
OS uptime: 1 days 0:34 hours

CPU: total 16 (initial active 16) (16 cores per cpu, 2 threads per core) family 23 model 96 stepping 1 microcode 0x0, cx8, cmov, fxsr, ht, mmx, 3dnowpref, sse, sse2, sse3, ssse3, sse4a, sse4.1, sse4.2, popcnt, lzcnt, tsc, tscinvbit, avx, avx2, aes, clmul, bmi1, bmi2, adx, sha, fma, vzeroupper, clflush, clflushopt

Memory: 4k page, system-wide physical 15789M (10914M free)
TotalPageFile size 18221M (AvailPageFile size 10604M)
current process WorkingSet (physical memory assigned to process): 77M, peak: 105M
current process commit charge ("private bytes"): 127M, peak: 387M

vm_info: Java HotSpot(TM) 64-Bit Server VM (16.0.1+9-24) for windows-amd64 JRE (16.0.1+9-24), built on Mar 26 2021 19:31:42 by "mach5one" with MS VC++ 16.7 (VS2019)

END.
