#
# A fatal error has been detected by the Java Runtime Environment:
#
#  EXCEPTION_ACCESS_VIOLATION (0xc0000005) at pc=0x0000000060ad4f8d, pid=17572, tid=18748
#
# JRE version: Java(TM) SE Runtime Environment (16.0.1+9) (build 16.0.1+9-24)
# Java VM: Java HotSpot(TM) 64-Bit Server VM (16.0.1+9-24, mixed mode, sharing, tiered, compressed oops, compressed class ptrs, g1 gc, windows-amd64)
# Problematic frame:
# C  [QtGui4.dll+0x64f8d]
#
# No core dump will be written. Minidumps are not enabled by default on client versions of Windows
#
# If you would like to submit a bug report, please visit:
#   https://bugreport.java.com/bugreport/crash.jsp
# The crash happened outside the Java Virtual Machine in native code.
# See problematic frame for where to report the bug.
#

---------------  S U M M A R Y ------------

Command Line: -Dfile.encoding=UTF-8 --module-path=C:\Users\DANILOR\OneDrive - Educacyl\Asignaturas 2ºDAM\DI\Tareas\Tarea2\Tarea2DI\build\classes listaCompra.Inicio

Host: AMD Ryzen 9 4900HS with Radeon Graphics         , 16 cores, 15G,  Windows 10 , 64 bit Build 19041 (10.0.19041.1348)
Time: Tue Dec  7 04:02:31 2021 Hora estándar romance elapsed time: 42.597234 seconds (0d 0h 0m 42s)

---------------  T H R E A D  ---------------

Current thread (0x000001f335cd1170):  JavaThread "Finalizer" daemon [_thread_in_native, id=18748, stack(0x00000005acd00000,0x00000005ace00000)]

Stack: [0x00000005acd00000,0x00000005ace00000],  sp=0x00000005acdfe740,  free space=1017k
Native frames: (J=compiled Java code, j=interpreted, Vv=VM code, C=native code)
C  [QtGui4.dll+0x64f8d]

Java frames: (J=compiled Java code, j=interpreted, Vv=VM code)
j  com.trolltech.qt.internal.QtJambiObject.finalize()V+0
J 910 c1 java.lang.ref.Finalizer.runFinalizer(Ljdk/internal/access/JavaLangAccess;)V java.base@16.0.1 (131 bytes) @ 0x000001f31aacf654 [0x000001f31aacefc0+0x0000000000000694]
j  java.lang.ref.Finalizer$FinalizerThread.run()V+46 java.base@16.0.1
v  ~StubRoutines::call_stub

siginfo: EXCEPTION_ACCESS_VIOLATION (0xc0000005), reading address 0x0000000000000008


Register to memory mapping:

RIP=0x0000000060ad4f8d QtGui4.dll
RAX=0x0 is NULL
RBX=0x00000000fffffffb is an unknown value
RCX=0x000001f3369a2ec0 points into unknown readable memory: 0x0000000000000001 | 01 00 00 00 00 00 00 00
RDX=0x0000000000000001 is an unknown value
RSP=0x00000005acdfe740 is pointing into the stack for thread: 0x000001f335cd1170
RBP=0x0 is NULL
RSI=0x000001f3372d16a0 points into unknown readable memory: 0x00000000610c65b8 | b8 65 0c 61 00 00 00 00
RDI=0x000001f3372d16a0 points into unknown readable memory: 0x00000000610c65b8 | b8 65 0c 61 00 00 00 00
R8 =0x0000000000000021 is an unknown value
R9 =0x0000000000000040 is an unknown value
R10=0x0 is NULL
R11=0x3181a08120010207 is an unknown value
R12=0x000001f3382bbaa0 points into unknown readable memory: 0x0000000061071378 | 78 13 07 61 00 00 00 00
R13=0x000001f3370ef450 points into unknown readable memory: 0x0000000061062048 | 48 20 06 61 00 00 00 00
R14=0x0000000001800000 is an unknown value
R15=0x0 is NULL


Registers:
RAX=0x0000000000000000, RBX=0x00000000fffffffb, RCX=0x000001f3369a2ec0, RDX=0x0000000000000001
RSP=0x00000005acdfe740, RBP=0x0000000000000000, RSI=0x000001f3372d16a0, RDI=0x000001f3372d16a0
R8 =0x0000000000000021, R9 =0x0000000000000040, R10=0x0000000000000000, R11=0x3181a08120010207
R12=0x000001f3382bbaa0, R13=0x000001f3370ef450, R14=0x0000000001800000, R15=0x0000000000000000
RIP=0x0000000060ad4f8d, EFLAGS=0x0000000000010202

Top of Stack: (sp=0x00000005acdfe740)
0x00000005acdfe740:   000001f3369a2ec0 00000000fffffffb
0x00000005acdfe750:   0000000000000000 00007ffdc5dc6338
0x00000005acdfe760:   000001f300000000 0000000000000000
0x00000005acdfe770:   fffffffffffffffe 0000000000000000
0x00000005acdfe780:   0000000000000000 0000000060defffe
0x00000005acdfe790:   000001f336929ad0 00000000610c5fb0
0x00000005acdfe7a0:   000001f3369a2ec0 0000000000000000
0x00000005acdfe7b0:   0000000000000001 0000000060def864
0x00000005acdfe7c0:   000001f3372d16a0 0000000000000000
0x00000005acdfe7d0:   000001f33733fa50 0000000000000002
0x00000005acdfe7e0:   fffffffffffffffe 0000000060c4f993
0x00000005acdfe7f0:   000001f3372d16a0 00007ffd9d4d1885
0x00000005acdfe800:   000001f3372d16a0 0000000000000000
0x00000005acdfe810:   000001f3373d4980 0000000060c4f6a4
0x00000005acdfe820:   fffffffffffffffe 000000006137cb68
0x00000005acdfe830:   000001f3370ef450 000000006150b3e3 

Instructions: (pc=0x0000000060ad4f8d)
0x0000000060ad4e8d:   73 08 48 8b 0e 48 3b cb 74 1b ff 15 d3 78 58 00
0x0000000060ad4e9d:   84 c0 75 0e ba 08 00 00 00 48 8b 0e ff 15 59 7b
0x0000000060ad4ead:   58 00 48 89 1e 48 83 c4 38 41 5e 5f 5e 5b c3 cc
0x0000000060ad4ebd:   cc cc cc 40 57 48 83 ec 20 48 8b 41 f8 48 8b fa
0x0000000060ad4ecd:   48 3b 90 40 01 00 00 74 6c 48 8b 41 f8 48 89 5c
0x0000000060ad4edd:   24 30 48 8d 59 f0 f7 80 c8 01 00 00 00 00 00 10
0x0000000060ad4eed:   74 0c 48 8b 43 20 48 8b 08 48 85 c9 75 22 41 b0
0x0000000060ad4efd:   01 ba 64 00 00 00 48 8b cb e8 25 2d 00 00 48 8b
0x0000000060ad4f0d:   4b 08 33 d2 e8 5a 78 ff ff 48 8b 43 20 48 8b 08
0x0000000060ad4f1d:   48 8b d7 ff 15 e2 ab 58 00 48 8b 5c 24 30 85 c0
0x0000000060ad4f2d:   75 13 48 8d 0d b2 cd 59 00 48 83 c4 20 5f 48 ff
0x0000000060ad4f3d:   25 d6 83 58 00 48 83 c4 20 5f c3 cc cc cc cc cc
0x0000000060ad4f4d:   cc cc cc 85 d2 74 68 57 48 83 ec 40 48 c7 44 24
0x0000000060ad4f5d:   30 fe ff ff ff 48 89 5c 24 50 8b da 48 8b f9 c7
0x0000000060ad4f6d:   44 24 20 00 00 00 00 45 33 c9 45 33 c0 33 d2 48
0x0000000060ad4f7d:   8d 4c 24 60 e8 7a 9d fd ff 90 ff 15 4b 79 58 00
0x0000000060ad4f8d:   48 8b 48 08 48 81 c1 28 01 00 00 4c 8d 4c 24 60
0x0000000060ad4f9d:   4c 8b c7 8b d3 e8 29 7f fe ff 90 48 8d 4c 24 60
0x0000000060ad4fad:   e8 de d6 fc ff 48 8b 5c 24 50 48 83 c4 40 5f f3
0x0000000060ad4fbd:   c3 cc cc 48 89 5c 24 08 48 89 6c 24 10 48 89 74
0x0000000060ad4fcd:   24 18 57 48 81 ec 80 00 00 00 48 8b f1 48 8b 09
0x0000000060ad4fdd:   48 8b fa 48 83 c1 68 ba 01 00 00 00 ff 15 71 77
0x0000000060ad4fed:   58 00 84 c0 74 08 48 8b ce e8 c5 58 fa ff 48 8b
0x0000000060ad4ffd:   0e 4c 8b c1 48 8b d9 4c 63 51 6c 8b 69 70 4d 85
0x0000000060ad500d:   d2 78 43 48 8d 44 24 20 41 b9 08 00 00 00 4c 2b
0x0000000060ad501d:   c8 66 90 4b 8b 5c d0 08 48 3b d9 74 1f 8b 17 0f
0x0000000060ad502d:   1f 40 00 39 53 f8 7d 14 4b 8d 04 d1 4c 8b c3 48
0x0000000060ad503d:   03 c3 48 8b 5c 04 20 48 3b d9 75 e7 4e 89 44 d4
0x0000000060ad504d:   20 49 ff ca 79 cd 48 3b d9 74 3e 8b 43 f8 39 07
0x0000000060ad505d:   7c 37 90 48 8b 0e 4c 8b cb 48 8b 5b 08 48 3b d9
0x0000000060ad506d:   74 0e 8b 43 f8 41 39 41 f8 7c 05 40 b7 01 eb 03
0x0000000060ad507d:   40 32 ff 48 8d 54 24 20 41 b8 08 00 00 00 ff 15 


Stack slot to memory mapping:
stack at sp + 0 slots: 0x000001f3369a2ec0 points into unknown readable memory: 0x0000000000000001 | 01 00 00 00 00 00 00 00
stack at sp + 1 slots: 0x00000000fffffffb is an unknown value
stack at sp + 2 slots: 0x0 is NULL
stack at sp + 3 slots: 0x00007ffdc5dc6338 MSVCR110.dll
stack at sp + 4 slots: 0x000001f300000000 is an unknown value
stack at sp + 5 slots: 0x0 is NULL
stack at sp + 6 slots: 0xfffffffffffffffe is an unknown value
stack at sp + 7 slots: 0x0 is NULL


---------------  P R O C E S S  ---------------

Threads class SMR info:
_java_thread_list=0x000001f33707b450, length=13, elements={
0x000001f335cd04b0, 0x000001f335cd1170, 0x000001f335cdfc40, 0x000001f335ce0640,
0x000001f335ce1040, 0x000001f335ce3e50, 0x000001f335ce4c30, 0x000001f335ce5720,
0x000001f335ce8170, 0x000001f3368f3bf0, 0x000001f33697e750, 0x000001f312a79e50,
0x000001f336fb3410
}

Java Threads: ( => current thread )
  0x000001f335cd04b0 JavaThread "Reference Handler" daemon [_thread_blocked, id=12416, stack(0x00000005acc00000,0x00000005acd00000)]
=>0x000001f335cd1170 JavaThread "Finalizer" daemon [_thread_in_native, id=18748, stack(0x00000005acd00000,0x00000005ace00000)]
  0x000001f335cdfc40 JavaThread "Signal Dispatcher" daemon [_thread_blocked, id=15192, stack(0x00000005ace00000,0x00000005acf00000)]
  0x000001f335ce0640 JavaThread "Attach Listener" daemon [_thread_blocked, id=13432, stack(0x00000005acf00000,0x00000005ad000000)]
  0x000001f335ce1040 JavaThread "Service Thread" daemon [_thread_blocked, id=17924, stack(0x00000005ad000000,0x00000005ad100000)]
  0x000001f335ce3e50 JavaThread "Monitor Deflation Thread" daemon [_thread_blocked, id=15180, stack(0x00000005ad100000,0x00000005ad200000)]
  0x000001f335ce4c30 JavaThread "C2 CompilerThread0" daemon [_thread_blocked, id=10872, stack(0x00000005ad200000,0x00000005ad300000)]
  0x000001f335ce5720 JavaThread "C1 CompilerThread0" daemon [_thread_blocked, id=8252, stack(0x00000005ad300000,0x00000005ad400000)]
  0x000001f335ce8170 JavaThread "Sweeper thread" daemon [_thread_blocked, id=9348, stack(0x00000005ad400000,0x00000005ad500000)]
  0x000001f3368f3bf0 JavaThread "Common-Cleaner" daemon [_thread_blocked, id=16524, stack(0x00000005ad500000,0x00000005ad600000)]
  0x000001f33697e750 JavaThread "Notification Thread" daemon [_thread_blocked, id=8172, stack(0x00000005ad800000,0x00000005ad900000)]
  0x000001f312a79e50 JavaThread "DestroyJavaVM" [_thread_blocked, id=19248, stack(0x00000005ac500000,0x00000005ac600000)]
  0x000001f336fb3410 JavaThread "Thread-2" daemon [_thread_in_native, id=10880, stack(0x00000005ae300000,0x00000005ae400000)]

Other Threads:
  0x000001f335ccf980 VMThread "VM Thread" [stack: 0x00000005acb00000,0x00000005acc00000] [id=17264]
  0x000001f3369b6c70 WatcherThread [stack: 0x00000005ad900000,0x00000005ada00000] [id=16268]
  0x000001f312acc810 GCTaskThread "GC Thread#0" [stack: 0x00000005ac600000,0x00000005ac700000] [id=10540]
  0x000001f33829f640 GCTaskThread "GC Thread#1" [stack: 0x00000005ad600000,0x00000005ad700000] [id=11516]
  0x000001f338280ed0 GCTaskThread "GC Thread#2" [stack: 0x00000005ade00000,0x00000005adf00000] [id=16284]
  0x000001f3373587c0 GCTaskThread "GC Thread#3" [stack: 0x00000005adf00000,0x00000005ae000000] [id=3824]
  0x000001f337399b10 GCTaskThread "GC Thread#4" [stack: 0x00000005ae000000,0x00000005ae100000] [id=4576]
  0x000001f337397f80 GCTaskThread "GC Thread#5" [stack: 0x00000005ae100000,0x00000005ae200000] [id=13712]
  0x000001f337398290 GCTaskThread "GC Thread#6" [stack: 0x00000005ae200000,0x00000005ae300000] [id=4188]
  0x000001f312adcf10 ConcurrentGCThread "G1 Main Marker" [stack: 0x00000005ac700000,0x00000005ac800000] [id=13680]
  0x000001f312add980 ConcurrentGCThread "G1 Conc#0" [stack: 0x00000005ac800000,0x00000005ac900000] [id=7796]
  0x000001f335b820d0 ConcurrentGCThread "G1 Refine#0" [stack: 0x00000005ac900000,0x00000005aca00000] [id=8348]
  0x000001f335b84a60 ConcurrentGCThread "G1 Service" [stack: 0x00000005aca00000,0x00000005acb00000] [id=14072]

Threads with active compile tasks:

VM state: not at safepoint (normal execution)

VM Mutex/Monitor currently owned by a thread: None

Heap address: 0x0000000709400000, size: 3948 MB, Compressed Oops mode: Zero based, Oop shift amount: 3

CDS archive(s) mapped at: [0x0000000800000000-0x0000000800bb0000-0x0000000800bb0000), size 12255232, SharedBaseAddress: 0x0000000800000000, ArchiveRelocationMode: 0.
Compressed class space mapped at: 0x0000000800c00000-0x0000000840c00000, reserved size: 1073741824
Narrow klass base: 0x0000000800000000, Narrow klass shift: 3, Narrow klass range: 0x100000000

GC Precious Log:
 CPUs: 16 total, 16 available
 Memory: 15789M
 Large Page Support: Disabled
 NUMA Support: Disabled
 Compressed Oops: Enabled (Zero based)
 Heap Region Size: 2M
 Heap Min Capacity: 8M
 Heap Initial Capacity: 248M
 Heap Max Capacity: 3948M
 Pre-touch: Disabled
 Parallel Workers: 13
 Concurrent Workers: 3
 Concurrent Refinement Workers: 13
 Periodic GC: Disabled

Heap:
 garbage-first heap   total 14336K, used 2204K [0x0000000709400000, 0x0000000800000000)
  region size 2048K, 1 young (2048K), 0 survivors (0K)
 Metaspace       used 6455K, committed 6592K, reserved 1056768K
  class space    used 601K, committed 704K, reserved 1048576K

Heap Regions: E=young(eden), S=young(survivor), O=old, HS=humongous(starts), HC=humongous(continues), CS=collection set, F=free, OA=open archive, CA=closed archive, TAMS=top-at-mark-start (previous, next)
|   0|0x0000000709400000, 0x00000007095ffff0, 0x0000000709600000| 99%| O|  |TAMS 0x0000000709400000, 0x0000000709400000| Untracked 
|   1|0x0000000709600000, 0x0000000709627130, 0x0000000709800000|  7%| O|  |TAMS 0x0000000709600000, 0x0000000709600000| Untracked 
|   2|0x0000000709800000, 0x0000000709800000, 0x0000000709a00000|  0%| F|  |TAMS 0x0000000709800000, 0x0000000709800000| Untracked 
|   3|0x0000000709a00000, 0x0000000709a00000, 0x0000000709c00000|  0%| F|  |TAMS 0x0000000709a00000, 0x0000000709a00000| Untracked 
|   4|0x0000000709c00000, 0x0000000709c00000, 0x0000000709e00000|  0%| F|  |TAMS 0x0000000709c00000, 0x0000000709c00000| Untracked 
|   5|0x0000000709e00000, 0x0000000709e00000, 0x000000070a000000|  0%| F|  |TAMS 0x0000000709e00000, 0x0000000709e00000| Untracked 
|   6|0x000000070a000000, 0x000000070a00a3e0, 0x000000070a200000|  2%| E|  |TAMS 0x000000070a000000, 0x000000070a000000| Complete 

Card table byte_map: [0x000001f32a240000,0x000001f32aa00000] _byte_map_base: 0x000001f3269f6000

Marking Bits (Prev, Next): (CMBitMap*) 0x000001f312acce80, (CMBitMap*) 0x000001f312accec0
 Prev Bits: [0x000001f32b1c0000, 0x000001f32ef70000)
 Next Bits: [0x000001f32ef70000, 0x000001f332d20000)

Polling page: 0x000001f3107c0000

Metaspace:

Usage:
  Non-class:      5.72 MB used.
      Class:    601.37 KB used.
       Both:      6.30 MB used.

Virtual space:
  Non-class space:        8.00 MB reserved,       5.75 MB ( 72%) committed,  1 nodes.
      Class space:        1.00 GB reserved,     704.00 KB ( <1%) committed,  1 nodes.
              Both:        1.01 GB reserved,       6.44 MB ( <1%) committed. 

Chunk freelists:
   Non-Class:  640.00 KB
       Class:  3.34 MB
        Both:  3.97 MB

MaxMetaspaceSize: 17179869184.00 GB
CompressedClassSpaceSize: 1.00 GB
 - commit_granule_bytes: 65536.
 - commit_granule_words: 8192.
 - virtual_space_node_default_size: 1048576.
 - enlarge_chunks_in_place: 1.
 - new_chunks_are_fully_committed: 0.
 - uncommit_free_chunks: 1.
 - use_allocation_guard: 0.
 - handle_deallocations: 1.


Internal statistics:

num_allocs_failed_limit: 0.
num_arena_births: 68.
num_arena_deaths: 0.
num_vsnodes_births: 2.
num_vsnodes_deaths: 0.
num_space_committed: 103.
num_space_uncommitted: 0.
num_chunks_returned_to_freelist: 0.
num_chunks_taken_from_freelist: 217.
num_chunk_merges: 0.
num_chunk_splits: 172.
num_chunks_enlarged: 142.
num_purges: 0.

CodeHeap 'non-profiled nmethods': size=119168Kb used=347Kb max_used=347Kb free=118820Kb
 bounds [0x000001f321da0000, 0x000001f322010000, 0x000001f329200000]
CodeHeap 'profiled nmethods': size=119104Kb used=1607Kb max_used=1607Kb free=117496Kb
 bounds [0x000001f31a950000, 0x000001f31abc0000, 0x000001f321da0000]
CodeHeap 'non-nmethods': size=7488Kb used=1168Kb max_used=1752Kb free=6319Kb
 bounds [0x000001f31a200000, 0x000001f31a470000, 0x000001f31a950000]
 total_blobs=1406 nmethods=951 adapters=368
 compilation: enabled
              stopped_count=0, restarted_count=0
 full_count=0

Compilation events (20 events):
Event: 42.575 Thread 0x000001f335ce5720 nmethod 941 0x000001f31aad9e90 code [0x000001f31aada4a0, 0x000001f31aadda68]
Event: 42.575 Thread 0x000001f335ce4c30 nmethod 940 0x000001f321df5890 code [0x000001f321df5a20, 0x000001f321df5e78]
Event: 42.578 Thread 0x000001f335ce5720  942       3       java.lang.StringBuilder::append (8 bytes)
Event: 42.578 Thread 0x000001f335ce5720 nmethod 942 0x000001f31aadeb90 code [0x000001f31aaded40, 0x000001f31aadee88]
Event: 42.578 Thread 0x000001f335ce5720  943       3       java.lang.AbstractStringBuilder::append (55 bytes)
Event: 42.578 Thread 0x000001f335ce5720 nmethod 943 0x000001f31aadef10 code [0x000001f31aadf100, 0x000001f31aadf438]
Event: 42.582 Thread 0x000001f335ce5720  944       3       java.nio.charset.CoderResult::isUnderflow (13 bytes)
Event: 42.582 Thread 0x000001f335ce5720 nmethod 944 0x000001f31aadf590 code [0x000001f31aadf720, 0x000001f31aadf898]
Event: 42.585 Thread 0x000001f335ce5720  946   !   3       java.io.BufferedWriter::write (117 bytes)
Event: 42.586 Thread 0x000001f335ce5720 nmethod 946 0x000001f31aadf910 code [0x000001f31aadfb20, 0x000001f31aae0128]
Event: 42.586 Thread 0x000001f335ce5720  945       3       java.io.Writer::write (11 bytes)
Event: 42.586 Thread 0x000001f335ce5720 nmethod 945 0x000001f31aae0490 code [0x000001f31aae0660, 0x000001f31aae0948]
Event: 42.586 Thread 0x000001f335ce5720  947       3       java.io.BufferedWriter::min (9 bytes)
Event: 42.586 Thread 0x000001f335ce5720 nmethod 947 0x000001f31aae0a90 code [0x000001f31aae0c40, 0x000001f31aae0db8]
Event: 42.586 Thread 0x000001f335ce5720  948       3       java.io.PrintStream::ensureOpen (18 bytes)
Event: 42.586 Thread 0x000001f335ce5720 nmethod 948 0x000001f31aae0e90 code [0x000001f31aae1040, 0x000001f31aae1268]
Event: 42.586 Thread 0x000001f335ce5720  949  s    3       java.io.BufferedOutputStream::flush (12 bytes)
Event: 42.586 Thread 0x000001f335ce5720 nmethod 949 0x000001f31aae1310 code [0x000001f31aae14e0, 0x000001f31aae18f8]
Event: 42.586 Thread 0x000001f335ce5720  950       3       java.io.BufferedOutputStream::flushBuffer (29 bytes)
Event: 42.586 Thread 0x000001f335ce5720 nmethod 950 0x000001f31aae1a10 code [0x000001f31aae1bc0, 0x000001f31aae1e08]

GC Heap History (8 events):
Event: 31.024 GC heap before
{Heap before GC invocations=0 (full 0):
 garbage-first heap   total 253952K, used 22528K [0x0000000709400000, 0x0000000800000000)
  region size 2048K, 11 young (22528K), 0 survivors (0K)
 Metaspace       used 6314K, committed 6464K, reserved 1056768K
  class space    used 588K, committed 704K, reserved 1048576K
}
Event: 31.026 GC heap after
{Heap after GC invocations=1 (full 0):
 garbage-first heap   total 253952K, used 2275K [0x0000000709400000, 0x0000000800000000)
  region size 2048K, 2 young (4096K), 2 survivors (4096K)
 Metaspace       used 6314K, committed 6464K, reserved 1056768K
  class space    used 588K, committed 704K, reserved 1048576K
}
Event: 42.485 GC heap before
{Heap before GC invocations=1 (full 0):
 garbage-first heap   total 253952K, used 2275K [0x0000000709400000, 0x0000000800000000)
  region size 2048K, 3 young (6144K), 2 survivors (4096K)
 Metaspace       used 6324K, committed 6464K, reserved 1056768K
  class space    used 589K, committed 704K, reserved 1048576K
}
Event: 42.490 GC heap after
{Heap after GC invocations=2 (full 1):
 garbage-first heap   total 20480K, used 2219K [0x0000000709400000, 0x0000000800000000)
  region size 2048K, 0 young (0K), 0 survivors (0K)
 Metaspace       used 6324K, committed 6464K, reserved 1056768K
  class space    used 589K, committed 704K, reserved 1048576K
}
Event: 42.500 GC heap before
{Heap before GC invocations=2 (full 1):
 garbage-first heap   total 20480K, used 2219K [0x0000000709400000, 0x0000000800000000)
  region size 2048K, 1 young (2048K), 0 survivors (0K)
 Metaspace       used 6329K, committed 6464K, reserved 1056768K
  class space    used 590K, committed 704K, reserved 1048576K
}
Event: 42.507 GC heap after
{Heap after GC invocations=3 (full 2):
 garbage-first heap   total 14336K, used 2219K [0x0000000709400000, 0x0000000800000000)
  region size 2048K, 0 young (0K), 0 survivors (0K)
 Metaspace       used 6329K, committed 6464K, reserved 1056768K
  class space    used 590K, committed 704K, reserved 1048576K
}
Event: 42.588 GC heap before
{Heap before GC invocations=3 (full 2):
 garbage-first heap   total 14336K, used 2219K [0x0000000709400000, 0x0000000800000000)
  region size 2048K, 1 young (2048K), 0 survivors (0K)
 Metaspace       used 6412K, committed 6592K, reserved 1056768K
  class space    used 596K, committed 704K, reserved 1048576K
}
Event: 42.594 GC heap after
{Heap after GC invocations=4 (full 3):
 garbage-first heap   total 14336K, used 2202K [0x0000000709400000, 0x0000000800000000)
  region size 2048K, 0 young (0K), 0 survivors (0K)
 Metaspace       used 6412K, committed 6592K, reserved 1056768K
  class space    used 596K, committed 704K, reserved 1048576K
}

Deoptimization events (20 events):
Event: 14.919 Thread 0x000001f312a79e50 DEOPT PACKING pc=0x000001f31aa37676 sp=0x00000005ac5f8e10
Event: 14.919 Thread 0x000001f312a79e50 DEOPT UNPACKING pc=0x000001f31a24dece sp=0x00000005ac5f8348 mode 0
Event: 14.919 Thread 0x000001f312a79e50 DEOPT PACKING pc=0x000001f31aa8630c sp=0x00000005ac5f9de0
Event: 14.919 Thread 0x000001f312a79e50 DEOPT UNPACKING pc=0x000001f31a24dece sp=0x00000005ac5f92e0 mode 0
Event: 14.919 Thread 0x000001f312a79e50 Uncommon trap: trap_request=0xfffffff4 fr.pc=0x000001f321ddfc24 relative=0x0000000000002f24
Event: 14.919 Thread 0x000001f312a79e50 Uncommon trap: reason=null_check action=make_not_entrant pc=0x000001f321ddfc24 method=com.trolltech.qt.internal.QtJambiInternal.isSignal(Ljava/lang/Class;)Z @ 4 c2
Event: 14.919 Thread 0x000001f312a79e50 DEOPT PACKING pc=0x000001f321ddfc24 sp=0x00000005ac5f9de0
Event: 14.919 Thread 0x000001f312a79e50 DEOPT UNPACKING pc=0x000001f31a24d72e sp=0x00000005ac5f9ce8 mode 2
Event: 31.027 Thread 0x000001f312a79e50 Uncommon trap: trap_request=0xffffff45 fr.pc=0x000001f321def550 relative=0x0000000000000130
Event: 31.027 Thread 0x000001f312a79e50 Uncommon trap: reason=unstable_if action=reinterpret pc=0x000001f321def550 method=java.lang.ref.SoftReference.get()Ljava/lang/Object; @ 17 c2
Event: 31.027 Thread 0x000001f312a79e50 DEOPT PACKING pc=0x000001f321def550 sp=0x00000005ac5f8f80
Event: 31.027 Thread 0x000001f312a79e50 DEOPT UNPACKING pc=0x000001f31a24d72e sp=0x00000005ac5f8ec8 mode 2
Event: 31.027 Thread 0x000001f312a79e50 Uncommon trap: trap_request=0xffffff45 fr.pc=0x000001f321def180 relative=0x00000000000000e0
Event: 31.027 Thread 0x000001f312a79e50 Uncommon trap: reason=unstable_if action=reinterpret pc=0x000001f321def180 method=java.lang.ref.SoftReference.get()Ljava/lang/Object; @ 17 c2
Event: 31.027 Thread 0x000001f312a79e50 DEOPT PACKING pc=0x000001f321def180 sp=0x00000005ac5f8f00
Event: 31.027 Thread 0x000001f312a79e50 DEOPT UNPACKING pc=0x000001f31a24d72e sp=0x00000005ac5f8eb8 mode 2
Event: 31.029 Thread 0x000001f312a79e50 Uncommon trap: trap_request=0xffffff45 fr.pc=0x000001f321debd24 relative=0x0000000000002004
Event: 31.029 Thread 0x000001f312a79e50 Uncommon trap: reason=unstable_if action=reinterpret pc=0x000001f321debd24 method=java.lang.ref.SoftReference.get()Ljava/lang/Object; @ 17 c2
Event: 31.029 Thread 0x000001f312a79e50 DEOPT PACKING pc=0x000001f321debd24 sp=0x00000005ac5f9df0
Event: 31.029 Thread 0x000001f312a79e50 DEOPT UNPACKING pc=0x000001f31a24d72e sp=0x00000005ac5f9b90 mode 2

Classes unloaded (0 events):
No events

Classes redefined (0 events):
No events

Internal exceptions (20 events):
Event: 23.761 Thread 0x000001f312a79e50 Exception <a 'java/lang/NoSuchFieldError'{0x00000007176c3fc0}: com.trolltech.qt.gui.QStandardItemModel.columnsAboutToBeInserted Lcom/trolltech/qt/QSignalEmitter$Signal3;> (0x00000007176c3fc0) 
thrown [t:\workspace\open\src\hotspot\share\prims\jni.cpp, line 1897]
Event: 23.761 Thread 0x000001f312a79e50 Exception <a 'java/lang/NoSuchFieldError'{0x00000007176c4328}: com.trolltech.qt.gui.QStandardItemModel.columnsAboutToBeRemoved Lcom/trolltech/qt/QSignalEmitter$Signal3;> (0x00000007176c4328) 
thrown [t:\workspace\open\src\hotspot\share\prims\jni.cpp, line 1897]
Event: 23.761 Thread 0x000001f312a79e50 Exception <a 'java/lang/NoSuchFieldError'{0x00000007176c4688}: com.trolltech.qt.gui.QStandardItemModel.columnsInserted Lcom/trolltech/qt/QSignalEmitter$Signal3;> (0x00000007176c4688) 
thrown [t:\workspace\open\src\hotspot\share\prims\jni.cpp, line 1897]
Event: 23.761 Thread 0x000001f312a79e50 Exception <a 'java/lang/NoSuchFieldError'{0x00000007176c49e0}: com.trolltech.qt.gui.QStandardItemModel.columnsRemoved Lcom/trolltech/qt/QSignalEmitter$Signal3;> (0x00000007176c49e0) 
thrown [t:\workspace\open\src\hotspot\share\prims\jni.cpp, line 1897]
Event: 23.761 Thread 0x000001f312a79e50 Exception <a 'java/lang/NoSuchFieldError'{0x00000007176c4d40}: com.trolltech.qt.gui.QStandardItemModel.modelAboutToBeReset Lcom/trolltech/qt/QSignalEmitter$Signal0;> (0x00000007176c4d40) 
thrown [t:\workspace\open\src\hotspot\share\prims\jni.cpp, line 1897]
Event: 23.761 Thread 0x000001f312a79e50 Exception <a 'java/lang/NoSuchFieldError'{0x00000007176c5098}: com.trolltech.qt.gui.QStandardItemModel.modelReset Lcom/trolltech/qt/QSignalEmitter$Signal0;> (0x00000007176c5098) 
thrown [t:\workspace\open\src\hotspot\share\prims\jni.cpp, line 1897]
Event: 23.761 Thread 0x000001f312a79e50 Exception <a 'java/lang/NoSuchFieldError'{0x00000007176c53f8}: com.trolltech.qt.gui.QStandardItemModel.rowsAboutToBeInserted Lcom/trolltech/qt/QSignalEmitter$Signal3;> (0x00000007176c53f8) 
thrown [t:\workspace\open\src\hotspot\share\prims\jni.cpp, line 1897]
Event: 23.761 Thread 0x000001f312a79e50 Exception <a 'java/lang/NoSuchFieldError'{0x00000007176c5758}: com.trolltech.qt.gui.QStandardItemModel.rowsAboutToBeRemoved Lcom/trolltech/qt/QSignalEmitter$Signal3;> (0x00000007176c5758) 
thrown [t:\workspace\open\src\hotspot\share\prims\jni.cpp, line 1897]
Event: 23.761 Thread 0x000001f312a79e50 Exception <a 'java/lang/NoSuchFieldError'{0x00000007176c5ab0}: com.trolltech.qt.gui.QStandardItemModel.rowsInserted Lcom/trolltech/qt/QSignalEmitter$Signal3;> (0x00000007176c5ab0) 
thrown [t:\workspace\open\src\hotspot\share\prims\jni.cpp, line 1897]
Event: 23.761 Thread 0x000001f312a79e50 Exception <a 'java/lang/NoSuchFieldError'{0x00000007176c5e08}: com.trolltech.qt.gui.QStandardItemModel.rowsRemoved Lcom/trolltech/qt/QSignalEmitter$Signal3;> (0x00000007176c5e08) 
thrown [t:\workspace\open\src\hotspot\share\prims\jni.cpp, line 1897]
Event: 31.027 Thread 0x000001f312a79e50 Exception <a 'java/lang/NoSuchFieldError'{0x0000000718a2a5f8}: com.trolltech.qt.core.QAbstractListModel.columnsAboutToBeInserted Lcom/trolltech/qt/QSignalEmitter$Signal3;> (0x0000000718a2a5f8) 
thrown [t:\workspace\open\src\hotspot\share\prims\jni.cpp, line 1897]
Event: 31.027 Thread 0x000001f312a79e50 Exception <a 'java/lang/NoSuchFieldError'{0x0000000718a2a960}: com.trolltech.qt.core.QAbstractListModel.columnsAboutToBeRemoved Lcom/trolltech/qt/QSignalEmitter$Signal3;> (0x0000000718a2a960) 
thrown [t:\workspace\open\src\hotspot\share\prims\jni.cpp, line 1897]
Event: 31.027 Thread 0x000001f312a79e50 Exception <a 'java/lang/NoSuchFieldError'{0x0000000718a2acc0}: com.trolltech.qt.core.QAbstractListModel.columnsInserted Lcom/trolltech/qt/QSignalEmitter$Signal3;> (0x0000000718a2acc0) 
thrown [t:\workspace\open\src\hotspot\share\prims\jni.cpp, line 1897]
Event: 31.027 Thread 0x000001f312a79e50 Exception <a 'java/lang/NoSuchFieldError'{0x0000000718a2b020}: com.trolltech.qt.core.QAbstractListModel.columnsRemoved Lcom/trolltech/qt/QSignalEmitter$Signal3;> (0x0000000718a2b020) 
thrown [t:\workspace\open\src\hotspot\share\prims\jni.cpp, line 1897]
Event: 31.027 Thread 0x000001f312a79e50 Exception <a 'java/lang/NoSuchFieldError'{0x0000000718a2b380}: com.trolltech.qt.core.QAbstractListModel.modelAboutToBeReset Lcom/trolltech/qt/QSignalEmitter$Signal0;> (0x0000000718a2b380) 
thrown [t:\workspace\open\src\hotspot\share\prims\jni.cpp, line 1897]
Event: 31.027 Thread 0x000001f312a79e50 Exception <a 'java/lang/NoSuchFieldError'{0x0000000718a2b6d8}: com.trolltech.qt.core.QAbstractListModel.modelReset Lcom/trolltech/qt/QSignalEmitter$Signal0;> (0x0000000718a2b6d8) 
thrown [t:\workspace\open\src\hotspot\share\prims\jni.cpp, line 1897]
Event: 31.027 Thread 0x000001f312a79e50 Exception <a 'java/lang/NoSuchFieldError'{0x0000000718a2ba38}: com.trolltech.qt.core.QAbstractListModel.rowsAboutToBeInserted Lcom/trolltech/qt/QSignalEmitter$Signal3;> (0x0000000718a2ba38) 
thrown [t:\workspace\open\src\hotspot\share\prims\jni.cpp, line 1897]
Event: 31.027 Thread 0x000001f312a79e50 Exception <a 'java/lang/NoSuchFieldError'{0x0000000718a2bd98}: com.trolltech.qt.core.QAbstractListModel.rowsAboutToBeRemoved Lcom/trolltech/qt/QSignalEmitter$Signal3;> (0x0000000718a2bd98) 
thrown [t:\workspace\open\src\hotspot\share\prims\jni.cpp, line 1897]
Event: 31.027 Thread 0x000001f312a79e50 Exception <a 'java/lang/NoSuchFieldError'{0x0000000718a2c0f0}: com.trolltech.qt.core.QAbstractListModel.rowsInserted Lcom/trolltech/qt/QSignalEmitter$Signal3;> (0x0000000718a2c0f0) 
thrown [t:\workspace\open\src\hotspot\share\prims\jni.cpp, line 1897]
Event: 31.027 Thread 0x000001f312a79e50 Exception <a 'java/lang/NoSuchFieldError'{0x0000000718a2c448}: com.trolltech.qt.core.QAbstractListModel.rowsRemoved Lcom/trolltech/qt/QSignalEmitter$Signal3;> (0x0000000718a2c448) 
thrown [t:\workspace\open\src\hotspot\share\prims\jni.cpp, line 1897]

Events (20 events):
Event: 42.490 loading class java/lang/ref/Finalizer$1
Event: 42.490 loading class java/lang/ref/Finalizer$1 done
Event: 42.490 Thread 0x000001f3369d70b0 Thread added: 0x000001f3369d70b0
Event: 42.490 Thread 0x000001f3369d70b0 Thread exited: 0x000001f3369d70b0
Event: 42.500 Executing  VM operation: G1CollectFull
Event: 42.507 Executing  VM operation: G1CollectFull done
Event: 42.508 Thread 0x000001f3369d70b0 Thread added: 0x000001f3369d70b0
Event: 42.508 Thread 0x000001f3369d70b0 Thread exited: 0x000001f3369d70b0
Event: 42.508 Thread 0x000001f312a79e50 Thread exited: 0x000001f312a79e50
Event: 42.508 Thread 0x000001f312a79e50 Thread added: 0x000001f312a79e50
Event: 42.508 Thread 0x000001f3369d70b0 Thread added: 0x000001f3369d70b0
Event: 42.510 loading class java/lang/Throwable$WrappedPrintStream
Event: 42.510 loading class java/lang/Throwable$PrintStreamOrWriter
Event: 42.510 loading class java/lang/Throwable$PrintStreamOrWriter done
Event: 42.510 loading class java/lang/Throwable$WrappedPrintStream done
Event: 42.511 loading class java/lang/StackTraceElement$HashedModules
Event: 42.511 loading class java/lang/StackTraceElement$HashedModules done
Event: 42.588 Executing  VM operation: G1CollectFull
Event: 42.594 Executing  VM operation: G1CollectFull done
Event: 42.595 Thread 0x000001f33739b7c0 Thread added: 0x000001f33739b7c0


Dynamic libraries:
0x00007ff633c00000 - 0x00007ff633c10000 	C:\Program Files\Java\jdk-16.0.1\bin\java.exe
0x00007ffdfbb90000 - 0x00007ffdfbd85000 	C:\WINDOWS\SYSTEM32\ntdll.dll
0x00007ffdfaa80000 - 0x00007ffdfab3e000 	C:\WINDOWS\System32\KERNEL32.DLL
0x00007ffdf95e0000 - 0x00007ffdf98a8000 	C:\WINDOWS\System32\KERNELBASE.dll
0x00007ffdf92b0000 - 0x00007ffdf93b0000 	C:\WINDOWS\System32\ucrtbase.dll
0x00007ffdf0f30000 - 0x00007ffdf0f48000 	C:\Program Files\Java\jdk-16.0.1\bin\jli.dll
0x00007ffdd8160000 - 0x00007ffdd8179000 	C:\Program Files\Java\jdk-16.0.1\bin\VCRUNTIME140.dll
0x00007ffdfb010000 - 0x00007ffdfb0bc000 	C:\WINDOWS\System32\ADVAPI32.dll
0x00007ffdf9fa0000 - 0x00007ffdfa03e000 	C:\WINDOWS\System32\msvcrt.dll
0x00007ffdfa2a0000 - 0x00007ffdfa33b000 	C:\WINDOWS\System32\sechost.dll
0x00007ffdfba20000 - 0x00007ffdfbb4a000 	C:\WINDOWS\System32\RPCRT4.dll
0x00007ffdfa0f0000 - 0x00007ffdfa291000 	C:\WINDOWS\System32\USER32.dll
0x00007ffdf9400000 - 0x00007ffdf9422000 	C:\WINDOWS\System32\win32u.dll
0x00007ffdf9f60000 - 0x00007ffdf9f8b000 	C:\WINDOWS\System32\GDI32.dll
0x00007ffde8b90000 - 0x00007ffde8e2a000 	C:\WINDOWS\WinSxS\amd64_microsoft.windows.common-controls_6595b64144ccf1df_6.0.19041.1110_none_60b5254171f9507e\COMCTL32.dll
0x00007ffdf94d0000 - 0x00007ffdf95db000 	C:\WINDOWS\System32\gdi32full.dll
0x00007ffdf9430000 - 0x00007ffdf94cd000 	C:\WINDOWS\System32\msvcp_win.dll
0x00007ffdf2f70000 - 0x00007ffdf2f7a000 	C:\WINDOWS\SYSTEM32\VERSION.dll
0x00007ffdfb7c0000 - 0x00007ffdfb7f0000 	C:\WINDOWS\System32\IMM32.DLL
0x00007ffdea6b0000 - 0x00007ffdea6bc000 	C:\Program Files\Java\jdk-16.0.1\bin\vcruntime140_1.dll
0x00007ffdbc7d0000 - 0x00007ffdbc861000 	C:\Program Files\Java\jdk-16.0.1\bin\msvcp140.dll
0x00007ffdbc870000 - 0x00007ffdbd41b000 	C:\Program Files\Java\jdk-16.0.1\bin\server\jvm.dll
0x00007ffdf9f90000 - 0x00007ffdf9f98000 	C:\WINDOWS\System32\PSAPI.DLL
0x00007ffdf1180000 - 0x00007ffdf11a7000 	C:\WINDOWS\SYSTEM32\WINMM.dll
0x00007ffde3f20000 - 0x00007ffde3f29000 	C:\WINDOWS\SYSTEM32\WSOCK32.dll
0x00007ffdfafa0000 - 0x00007ffdfb00b000 	C:\WINDOWS\System32\WS2_32.dll
0x00007ffdf71b0000 - 0x00007ffdf71c2000 	C:\WINDOWS\SYSTEM32\kernel.appcore.dll
0x00007ffde93b0000 - 0x00007ffde93ba000 	C:\Program Files\Java\jdk-16.0.1\bin\jimage.dll
0x00007ffde27a0000 - 0x00007ffde2984000 	C:\WINDOWS\SYSTEM32\DBGHELP.DLL
0x00007ffde3dd0000 - 0x00007ffde3dfc000 	C:\WINDOWS\SYSTEM32\dbgcore.DLL
0x00007ffdf9910000 - 0x00007ffdf9993000 	C:\WINDOWS\System32\bcryptPrimitives.dll
0x00007ffdc9240000 - 0x00007ffdc9265000 	C:\Program Files\Java\jdk-16.0.1\bin\java.dll
0x00007ffdfa340000 - 0x00007ffdfaa7f000 	C:\WINDOWS\System32\SHELL32.dll
0x00007ffdf73b0000 - 0x00007ffdf7b40000 	C:\WINDOWS\SYSTEM32\windows.storage.dll
0x00007ffdfabb0000 - 0x00007ffdfaf05000 	C:\WINDOWS\System32\combase.dll
0x00007ffdf8c90000 - 0x00007ffdf8cbe000 	C:\WINDOWS\SYSTEM32\Wldp.dll
0x00007ffdf9d00000 - 0x00007ffdf9dad000 	C:\WINDOWS\System32\SHCORE.dll
0x00007ffdfb760000 - 0x00007ffdfb7b5000 	C:\WINDOWS\System32\shlwapi.dll
0x00007ffdf91f0000 - 0x00007ffdf920f000 	C:\WINDOWS\SYSTEM32\profapi.dll
0x00007ffdd8140000 - 0x00007ffdd8159000 	C:\Program Files\Java\jdk-16.0.1\bin\net.dll
0x00007ffdf1800000 - 0x00007ffdf190c000 	C:\WINDOWS\SYSTEM32\WINHTTP.dll
0x00007ffdf89f0000 - 0x00007ffdf8a5a000 	C:\WINDOWS\system32\mswsock.dll
0x00007ffdd7f70000 - 0x00007ffdd7f83000 	C:\Program Files\Java\jdk-16.0.1\bin\nio.dll
0x00007ffdc9220000 - 0x00007ffdc9238000 	C:\Program Files\Java\jdk-16.0.1\bin\zip.dll
0x00007ffde8410000 - 0x00007ffde8420000 	C:\Program Files\Java\jdk-16.0.1\bin\verify.dll
0x00000000613f0000 - 0x00000000616d1000 	C:\Users\DANILOR\AppData\Local\Temp\QtJambi_DANILOR_amd64_4.8.6_msvc2012x64-20150117-2107\lib\QtCore4.dll
0x00007ffdfb150000 - 0x00007ffdfb27a000 	C:\WINDOWS\System32\ole32.dll
0x00007ffdc5e40000 - 0x00007ffdc5ee7000 	C:\WINDOWS\SYSTEM32\MSVCP110.dll
0x00007ffdc5d60000 - 0x00007ffdc5e34000 	C:\WINDOWS\SYSTEM32\MSVCR110.dll
0x00007ffdc8140000 - 0x00007ffdc8180000 	C:\Users\DANILOR\AppData\Local\Temp\QtJambi_DANILOR_amd64_4.8.6_msvc2012x64-20150117-2107\lib\qtjambi.dll
0x00007ffdab430000 - 0x00007ffdab560000 	C:\Users\DANILOR\AppData\Local\Temp\QtJambi_DANILOR_amd64_4.8.6_msvc2012x64-20150117-2107\lib\com_trolltech_qt_core.dll
0x0000000060a70000 - 0x00000000613e6000 	C:\Users\DANILOR\AppData\Local\Temp\QtJambi_DANILOR_amd64_4.8.6_msvc2012x64-20150117-2107\lib\QtGui4.dll
0x00007ffdf9db0000 - 0x00007ffdf9e8a000 	C:\WINDOWS\System32\COMDLG32.dll
0x00007ffdf9e90000 - 0x00007ffdf9f5d000 	C:\WINDOWS\System32\OLEAUT32.dll
0x00007ffde8af0000 - 0x00007ffde8b85000 	C:\WINDOWS\SYSTEM32\WINSPOOL.DRV
0x00007ffd9d320000 - 0x00007ffd9da4f000 	C:\Users\DANILOR\AppData\Local\Temp\QtJambi_DANILOR_amd64_4.8.6_msvc2012x64-20150117-2107\lib\com_trolltech_qt_gui.dll
0x00007ffdf6cd0000 - 0x00007ffdf6d6e000 	C:\WINDOWS\system32\uxtheme.dll
0x00007ffdd1e50000 - 0x00007ffdd1f81000 	C:\ProgramData\A-Volute\A-Volute.SonicStudio3\Modules\ScheduledModules\x64\AudioDevProps2.dll
0x00007ffdf9be0000 - 0x00007ffdf9cf5000 	C:\WINDOWS\System32\MSCTF.dll
0x00007ffdeb1f0000 - 0x00007ffdeb2e9000 	C:\WINDOWS\SYSTEM32\textinputframework.dll
0x00007ffdf68b0000 - 0x00007ffdf69a2000 	C:\WINDOWS\System32\CoreMessaging.dll
0x00007ffdf6550000 - 0x00007ffdf68ae000 	C:\WINDOWS\System32\CoreUIComponents.dll
0x00007ffdf7fa0000 - 0x00007ffdf7fd3000 	C:\WINDOWS\SYSTEM32\ntmarta.dll
0x00007ffdf51f0000 - 0x00007ffdf5344000 	C:\WINDOWS\SYSTEM32\wintypes.dll
0x00007ffde80b0000 - 0x00007ffde8160000 	C:\WINDOWS\WinSxS\amd64_microsoft.windows.common-controls_6595b64144ccf1df_5.82.19041.1110_none_792d1c772443f647\comctl32.dll
0x00007ffdfa040000 - 0x00007ffdfa0e9000 	C:\WINDOWS\System32\clbcatq.dll
0x00007ffdf2b50000 - 0x00007ffdf2b8b000 	C:\WINDOWS\SYSTEM32\dxcore.dll
0x00007ffdf93b0000 - 0x00007ffdf93fe000 	C:\WINDOWS\System32\cfgmgr32.dll

dbghelp: loaded successfully - version: 4.0.5 - missing functions: none
symbol engine: initialized successfully - sym options: 0x614 - pdb path: .;C:\Program Files\Java\jdk-16.0.1\bin;C:\WINDOWS\SYSTEM32;C:\WINDOWS\WinSxS\amd64_microsoft.windows.common-controls_6595b64144ccf1df_6.0.19041.1110_none_60b5254171f9507e;C:\Program Files\Java\jdk-16.0.1\bin\server;C:\Users\DANILOR\AppData\Local\Temp\QtJambi_DANILOR_amd64_4.8.6_msvc2012x64-20150117-2107\lib;C:\ProgramData\A-Volute\A-Volute.SonicStudio3\Modules\ScheduledModules\x64;C:\WINDOWS\WinSxS\amd64_microsoft.windows.common-controls_6595b64144ccf1df_5.82.19041.1110_none_792d1c772443f647

VM Arguments:
jvm_args: -Dfile.encoding=UTF-8 --module-path=C:\Users\DANILOR\OneDrive - Educacyl\Asignaturas 2ºDAM\DI\Tareas\Tarea2\Tarea2DI\build\classes 
java_command: listaCompra.Inicio
java_class_path (initial): C:\qtjambi-4.8.6\qtjambi-4.8.6.jar;C:\qtjambi-4.8.6\qtjambi-designer-4.8.6.jar;C:\qtjambi-4.8.6\qtjambi-examples-4.8.6.jar;C:\qtjambi-4.8.6\qtjambi-examples-src-4.8.6.jar;C:\qtjambi-4.8.6\qtjambi-native-win64-msvc2012x64-4.8.6.jar;C:\Users\DANILOR\OneDrive - Educacyl\Asignaturas 2ºDAM\DI\Tareas\Tarea2\Tarea2DI\build\classes
Launcher Type: SUN_STANDARD

[Global flags]
     intx CICompilerCount                          = 12                                        {product} {ergonomic}
     uint ConcGCThreads                            = 3                                         {product} {ergonomic}
     uint G1ConcRefinementThreads                  = 13                                        {product} {ergonomic}
   size_t G1HeapRegionSize                         = 2097152                                   {product} {ergonomic}
    uintx GCDrainStackTargetSize                   = 64                                        {product} {ergonomic}
   size_t InitialHeapSize                          = 260046848                                 {product} {ergonomic}
   size_t MarkStackSize                            = 4194304                                   {product} {ergonomic}
   size_t MaxHeapSize                              = 4139778048                                {product} {ergonomic}
   size_t MaxNewSize                               = 2483027968                                {product} {ergonomic}
   size_t MinHeapDeltaBytes                        = 2097152                                   {product} {ergonomic}
   size_t MinHeapSize                              = 8388608                                   {product} {ergonomic}
    uintx NonNMethodCodeHeapSize                   = 7602480                                {pd product} {ergonomic}
    uintx NonProfiledCodeHeapSize                  = 122027880                              {pd product} {ergonomic}
    uintx ProfiledCodeHeapSize                     = 122027880                              {pd product} {ergonomic}
    uintx ReservedCodeCacheSize                    = 251658240                              {pd product} {ergonomic}
     bool SegmentedCodeCache                       = true                                      {product} {ergonomic}
   size_t SoftMaxHeapSize                          = 4139778048                             {manageable} {ergonomic}
     bool UseCompressedClassPointers               = true                           {product lp64_product} {ergonomic}
     bool UseCompressedOops                        = true                           {product lp64_product} {ergonomic}
     bool UseG1GC                                  = true                                      {product} {ergonomic}
     bool UseLargePagesIndividualAllocation        = false                                  {pd product} {ergonomic}

Logging:
Log output configuration:
 #0: stdout all=warning uptime,level,tags
 #1: stderr all=off uptime,level,tags

Environment Variables:
JAVA_HOME=C:\Program Files\Java\jdk-16.0.1
PATH=C:\oraclexe\app\oracle\product\11.2.0\server\bin;C:\Program Files\Common Files\Oracle\Java\javapath;C:\Program Files (x86)\Common Files\Oracle\Java\javapath;C:\WINDOWS\system32;C:\WINDOWS;C:\WINDOWS\System32\Wbem;C:\WINDOWS\System32\WindowsPowerShell\v1.0\;C:\WINDOWS\System32\OpenSSH\;C:\Program Files\Git\cmd;C:\Program Files\AutoFirma\AutoFirma;C:\Program Files\Microsoft VS Code\bin;C:\Program Files\Java\jdk-16.0.1\bin;C:\Program Files\Java\jdk-16.0.1\bin;C:\mingw64\bin;C:\qtjambi-4.8.6\bin;C:\Program Files\MySQL\MySQL Shell 8.0\bin\;C:\Users\DANILOR\AppData\Local\Programs\Python\Python39\Scripts\;C:\Users\DANILOR\AppData\Local\Programs\Python\Python39\;C:\Users\DANILOR\AppData\Local\Microsoft\WindowsApps;C:\Program Files\Java\jdk-16.0.1\bin;C:\Program Files\Java\jdk-16.0.1\bin;C:\mingw64\bin;C:\qtjambi-4.8.6\bin;
USERNAME=DANILOR
OS=Windows_NT
PROCESSOR_IDENTIFIER=AMD64 Family 23 Model 96 Stepping 1, AuthenticAMD



---------------  S Y S T E M  ---------------

OS:
 Windows 10 , 64 bit Build 19041 (10.0.19041.1348)
OS uptime: 6 days 12:23 hours

CPU: total 16 (initial active 16) (16 cores per cpu, 2 threads per core) family 23 model 96 stepping 1 microcode 0x0, cx8, cmov, fxsr, ht, mmx, 3dnowpref, sse, sse2, sse3, ssse3, sse4a, sse4.1, sse4.2, popcnt, lzcnt, tsc, tscinvbit, avx, avx2, aes, clmul, bmi1, bmi2, adx, sha, fma, vzeroupper, clflush, clflushopt

Memory: 4k page, system-wide physical 15789M (9190M free)
TotalPageFile size 18221M (AvailPageFile size 6636M)
current process WorkingSet (physical memory assigned to process): 72M, peak: 99M
current process commit charge ("private bytes"): 123M, peak: 383M

vm_info: Java HotSpot(TM) 64-Bit Server VM (16.0.1+9-24) for windows-amd64 JRE (16.0.1+9-24), built on Mar 26 2021 19:31:42 by "mach5one" with MS VC++ 16.7 (VS2019)

END.
