#
# A fatal error has been detected by the Java Runtime Environment:
#
#  EXCEPTION_ACCESS_VIOLATION (0xc0000005) at pc=0x000000005c364f8d, pid=14172, tid=11428
#
# JRE version: Java(TM) SE Runtime Environment (16.0.1+9) (build 16.0.1+9-24)
# Java VM: Java HotSpot(TM) 64-Bit Server VM (16.0.1+9-24, mixed mode, sharing, tiered, compressed oops, compressed class ptrs, g1 gc, windows-amd64)
# Problematic frame:
# C  [QtGui4.dll+0x64f8d]
#
# No core dump will be written. Minidumps are not enabled by default on client versions of Windows
#
# If you would like to submit a bug report, please visit:
#   https://bugreport.java.com/bugreport/crash.jsp
# The crash happened outside the Java Virtual Machine in native code.
# See problematic frame for where to report the bug.
#

---------------  S U M M A R Y ------------

Command Line: -Dfile.encoding=UTF-8 --module-path=D:\Curso Dam\Asignaturas 2ºDAM\DI\Tareas\Tarea2\Tarea2DI\build\classes listaCompra.Inicio

Host: AMD Ryzen 9 4900HS with Radeon Graphics         , 16 cores, 15G,  Windows 10 , 64 bit Build 19041 (10.0.19041.1348)
Time: Sat Dec 11 11:09:29 2021 Hora estándar romance elapsed time: 87.596845 seconds (0d 0h 1m 27s)

---------------  T H R E A D  ---------------

Current thread (0x000002026d750a00):  JavaThread "Finalizer" daemon [_thread_in_native, id=11428, stack(0x00000051fa800000,0x00000051fa900000)]

Stack: [0x00000051fa800000,0x00000051fa900000],  sp=0x00000051fa8fe730,  free space=1017k
Native frames: (J=compiled Java code, j=interpreted, Vv=VM code, C=native code)
C  [QtGui4.dll+0x64f8d]

Java frames: (J=compiled Java code, j=interpreted, Vv=VM code)
J 920  com.trolltech.qt.internal.QtJambiObject.finalize()V (0 bytes) @ 0x000002025987cbeb [0x000002025987cba0+0x000000000000004b]
J 910 c1 java.lang.ref.Finalizer.runFinalizer(Ljdk/internal/access/JavaLangAccess;)V java.base@16.0.1 (131 bytes) @ 0x0000020252563a44 [0x00000202525633c0+0x0000000000000684]
j  java.lang.ref.Finalizer$FinalizerThread.run()V+46 java.base@16.0.1
v  ~StubRoutines::call_stub

siginfo: EXCEPTION_ACCESS_VIOLATION (0xc0000005), reading address 0x0000000000000008


Register to memory mapping:

RIP=0x000000005c364f8d QtGui4.dll
RAX=0x0 is NULL
RBX=0x00000000fffffffb is an unknown value
RCX=0x000002026f280550 points into unknown readable memory: 0x0000000000000001 | 01 00 00 00 00 00 00 00
RDX=0x0000000000000001 is an unknown value
RSP=0x00000051fa8fe730 is pointing into the stack for thread: 0x000002026d750a00
RBP=0x0 is NULL
RSI=0x000002026eb12f80 points into unknown readable memory: 0x000000005c9565b8 | b8 65 95 5c 00 00 00 00
RDI=0x000002026eb12f80 points into unknown readable memory: 0x000000005c9565b8 | b8 65 95 5c 00 00 00 00
R8 =0x0000000000000013 is an unknown value
R9 =0x000000000000001d is an unknown value
R10=0x0 is NULL
R11=0xfeffc000000003ff is an unknown value
R12=0x000002026eb12a30 points into unknown readable memory: 0x000000005c901378 | 78 13 90 5c 00 00 00 00
R13=0x000002026eb1ff00 points into unknown readable memory: 0x000000005c8f2048 | 48 20 8f 5c 00 00 00 00
R14=0x0 is NULL
R15=0x0 is NULL


Registers:
RAX=0x0000000000000000, RBX=0x00000000fffffffb, RCX=0x000002026f280550, RDX=0x0000000000000001
RSP=0x00000051fa8fe730, RBP=0x0000000000000000, RSI=0x000002026eb12f80, RDI=0x000002026eb12f80
R8 =0x0000000000000013, R9 =0x000000000000001d, R10=0x0000000000000000, R11=0xfeffc000000003ff
R12=0x000002026eb12a30, R13=0x000002026eb1ff00, R14=0x0000000000000000, R15=0x0000000000000000
RIP=0x000000005c364f8d, EFLAGS=0x0000000000010202

Top of Stack: (sp=0x00000051fa8fe730)
0x00000051fa8fe730:   000002026f280550 00000000fffffffb
0x00000051fa8fe740:   0000000000000000 00007ffb5c606338
0x00000051fa8fe750:   0000020200000000 0000000000000000
0x00000051fa8fe760:   fffffffffffffffe 0000000000000000
0x00000051fa8fe770:   0000000000000000 000000005c67fffe
0x00000051fa8fe780:   000002026f222be0 000000005c955fb0
0x00000051fa8fe790:   000002026f280550 0000000000000000
0x00000051fa8fe7a0:   0000000000000001 000000005c67f864
0x00000051fa8fe7b0:   000002026eb12f80 0000000000000000
0x00000051fa8fe7c0:   000002026eb153c0 0000000000000002
0x00000051fa8fe7d0:   fffffffffffffffe 000000005c4df993
0x00000051fa8fe7e0:   000002026eb12f80 00007ffb3c151885
0x00000051fa8fe7f0:   000002026eb12f80 0000000000000000
0x00000051fa8fe800:   000002026eb13700 000000005c4df6a4
0x00000051fa8fe810:   fffffffffffffffe 000000005cc0cb68
0x00000051fa8fe820:   000002026eb1ff00 000000005d0cb3e3 

Instructions: (pc=0x000000005c364f8d)
0x000000005c364e8d:   73 08 48 8b 0e 48 3b cb 74 1b ff 15 d3 78 58 00
0x000000005c364e9d:   84 c0 75 0e ba 08 00 00 00 48 8b 0e ff 15 59 7b
0x000000005c364ead:   58 00 48 89 1e 48 83 c4 38 41 5e 5f 5e 5b c3 cc
0x000000005c364ebd:   cc cc cc 40 57 48 83 ec 20 48 8b 41 f8 48 8b fa
0x000000005c364ecd:   48 3b 90 40 01 00 00 74 6c 48 8b 41 f8 48 89 5c
0x000000005c364edd:   24 30 48 8d 59 f0 f7 80 c8 01 00 00 00 00 00 10
0x000000005c364eed:   74 0c 48 8b 43 20 48 8b 08 48 85 c9 75 22 41 b0
0x000000005c364efd:   01 ba 64 00 00 00 48 8b cb e8 25 2d 00 00 48 8b
0x000000005c364f0d:   4b 08 33 d2 e8 5a 78 ff ff 48 8b 43 20 48 8b 08
0x000000005c364f1d:   48 8b d7 ff 15 e2 ab 58 00 48 8b 5c 24 30 85 c0
0x000000005c364f2d:   75 13 48 8d 0d b2 cd 59 00 48 83 c4 20 5f 48 ff
0x000000005c364f3d:   25 d6 83 58 00 48 83 c4 20 5f c3 cc cc cc cc cc
0x000000005c364f4d:   cc cc cc 85 d2 74 68 57 48 83 ec 40 48 c7 44 24
0x000000005c364f5d:   30 fe ff ff ff 48 89 5c 24 50 8b da 48 8b f9 c7
0x000000005c364f6d:   44 24 20 00 00 00 00 45 33 c9 45 33 c0 33 d2 48
0x000000005c364f7d:   8d 4c 24 60 e8 7a 9d fd ff 90 ff 15 4b 79 58 00
0x000000005c364f8d:   48 8b 48 08 48 81 c1 28 01 00 00 4c 8d 4c 24 60
0x000000005c364f9d:   4c 8b c7 8b d3 e8 29 7f fe ff 90 48 8d 4c 24 60
0x000000005c364fad:   e8 de d6 fc ff 48 8b 5c 24 50 48 83 c4 40 5f f3
0x000000005c364fbd:   c3 cc cc 48 89 5c 24 08 48 89 6c 24 10 48 89 74
0x000000005c364fcd:   24 18 57 48 81 ec 80 00 00 00 48 8b f1 48 8b 09
0x000000005c364fdd:   48 8b fa 48 83 c1 68 ba 01 00 00 00 ff 15 71 77
0x000000005c364fed:   58 00 84 c0 74 08 48 8b ce e8 c5 58 fa ff 48 8b
0x000000005c364ffd:   0e 4c 8b c1 48 8b d9 4c 63 51 6c 8b 69 70 4d 85
0x000000005c36500d:   d2 78 43 48 8d 44 24 20 41 b9 08 00 00 00 4c 2b
0x000000005c36501d:   c8 66 90 4b 8b 5c d0 08 48 3b d9 74 1f 8b 17 0f
0x000000005c36502d:   1f 40 00 39 53 f8 7d 14 4b 8d 04 d1 4c 8b c3 48
0x000000005c36503d:   03 c3 48 8b 5c 04 20 48 3b d9 75 e7 4e 89 44 d4
0x000000005c36504d:   20 49 ff ca 79 cd 48 3b d9 74 3e 8b 43 f8 39 07
0x000000005c36505d:   7c 37 90 48 8b 0e 4c 8b cb 48 8b 5b 08 48 3b d9
0x000000005c36506d:   74 0e 8b 43 f8 41 39 41 f8 7c 05 40 b7 01 eb 03
0x000000005c36507d:   40 32 ff 48 8d 54 24 20 41 b8 08 00 00 00 ff 15 


Stack slot to memory mapping:
stack at sp + 0 slots: 0x000002026f280550 points into unknown readable memory: 0x0000000000000001 | 01 00 00 00 00 00 00 00
stack at sp + 1 slots: 0x00000000fffffffb is an unknown value
stack at sp + 2 slots: 0x0 is NULL
stack at sp + 3 slots: 0x00007ffb5c606338 MSVCR110.dll
stack at sp + 4 slots: 0x0000020200000000 is an unknown value
stack at sp + 5 slots: 0x0 is NULL
stack at sp + 6 slots: 0xfffffffffffffffe is an unknown value
stack at sp + 7 slots: 0x0 is NULL


---------------  P R O C E S S  ---------------

Threads class SMR info:
_java_thread_list=0x000002024a517ab0, length=13, elements={
0x000002026d74fe30, 0x000002026d750a00, 0x000002026d762e10, 0x000002026d764730,
0x000002026d765040, 0x000002026d765950, 0x000002026d769a90, 0x000002026d76d0b0,
0x000002026d782bd0, 0x000002026e1be900, 0x000002026e2d6450, 0x000002024a50a830,
0x000002026e1fe5c0
}

Java Threads: ( => current thread )
  0x000002026d74fe30 JavaThread "Reference Handler" daemon [_thread_blocked, id=14864, stack(0x00000051fa700000,0x00000051fa800000)]
=>0x000002026d750a00 JavaThread "Finalizer" daemon [_thread_in_native, id=11428, stack(0x00000051fa800000,0x00000051fa900000)]
  0x000002026d762e10 JavaThread "Signal Dispatcher" daemon [_thread_blocked, id=18284, stack(0x00000051fa900000,0x00000051faa00000)]
  0x000002026d764730 JavaThread "Attach Listener" daemon [_thread_blocked, id=15320, stack(0x00000051faa00000,0x00000051fab00000)]
  0x000002026d765040 JavaThread "Service Thread" daemon [_thread_blocked, id=17972, stack(0x00000051fab00000,0x00000051fac00000)]
  0x000002026d765950 JavaThread "Monitor Deflation Thread" daemon [_thread_blocked, id=6632, stack(0x00000051fac00000,0x00000051fad00000)]
  0x000002026d769a90 JavaThread "C2 CompilerThread0" daemon [_thread_blocked, id=8824, stack(0x00000051fad00000,0x00000051fae00000)]
  0x000002026d76d0b0 JavaThread "C1 CompilerThread0" daemon [_thread_blocked, id=7232, stack(0x00000051fae00000,0x00000051faf00000)]
  0x000002026d782bd0 JavaThread "Sweeper thread" daemon [_thread_blocked, id=18348, stack(0x00000051faf00000,0x00000051fb000000)]
  0x000002026e1be900 JavaThread "Common-Cleaner" daemon [_thread_blocked, id=9240, stack(0x00000051fb000000,0x00000051fb100000)]
  0x000002026e2d6450 JavaThread "Notification Thread" daemon [_thread_blocked, id=10188, stack(0x00000051fb300000,0x00000051fb400000)]
  0x000002024a50a830 JavaThread "DestroyJavaVM" [_thread_blocked, id=2920, stack(0x00000051fa000000,0x00000051fa100000)]
  0x000002026e1fe5c0 JavaThread "Thread-2" daemon [_thread_in_native, id=17912, stack(0x00000051fbc00000,0x00000051fbd00000)]

Other Threads:
  0x000002026d74b3d0 VMThread "VM Thread" [stack: 0x00000051fa600000,0x00000051fa700000] [id=5728]
  0x000002024a50b640 WatcherThread [stack: 0x00000051fb400000,0x00000051fb500000] [id=18012]
  0x000002024a55ae70 GCTaskThread "GC Thread#0" [stack: 0x00000051fa100000,0x00000051fa200000] [id=9028]
  0x0000020248315a50 GCTaskThread "GC Thread#1" [stack: 0x00000051f9d00000,0x00000051f9e00000] [id=9136]
  0x000002026e3109a0 GCTaskThread "GC Thread#2" [stack: 0x00000051f9e00000,0x00000051f9f00000] [id=9504]
  0x000002026e310cb0 GCTaskThread "GC Thread#3" [stack: 0x00000051f9f00000,0x00000051fa000000] [id=16020]
  0x000002026eba85f0 GCTaskThread "GC Thread#4" [stack: 0x00000051fb800000,0x00000051fb900000] [id=15080]
  0x000002026eb7a820 GCTaskThread "GC Thread#5" [stack: 0x00000051fb900000,0x00000051fba00000] [id=18128]
  0x000002026e22b270 GCTaskThread "GC Thread#6" [stack: 0x00000051fba00000,0x00000051fbb00000] [id=8944]
  0x000002024a56d520 ConcurrentGCThread "G1 Main Marker" [stack: 0x00000051fa200000,0x00000051fa300000] [id=3792]
  0x000002024a56dea0 ConcurrentGCThread "G1 Conc#0" [stack: 0x00000051fa300000,0x00000051fa400000] [id=13512]
  0x000002024a5edd30 ConcurrentGCThread "G1 Refine#0" [stack: 0x00000051fa400000,0x00000051fa500000] [id=14568]
  0x000002024a5ee5c0 ConcurrentGCThread "G1 Service" [stack: 0x00000051fa500000,0x00000051fa600000] [id=14712]

Threads with active compile tasks:

VM state: not at safepoint (normal execution)

VM Mutex/Monitor currently owned by a thread: None

Heap address: 0x0000000709400000, size: 3948 MB, Compressed Oops mode: Zero based, Oop shift amount: 3

CDS archive(s) mapped at: [0x0000000800000000-0x0000000800bb0000-0x0000000800bb0000), size 12255232, SharedBaseAddress: 0x0000000800000000, ArchiveRelocationMode: 0.
Compressed class space mapped at: 0x0000000800c00000-0x0000000840c00000, reserved size: 1073741824
Narrow klass base: 0x0000000800000000, Narrow klass shift: 3, Narrow klass range: 0x100000000

GC Precious Log:
 CPUs: 16 total, 16 available
 Memory: 15789M
 Large Page Support: Disabled
 NUMA Support: Disabled
 Compressed Oops: Enabled (Zero based)
 Heap Region Size: 2M
 Heap Min Capacity: 8M
 Heap Initial Capacity: 248M
 Heap Max Capacity: 3948M
 Pre-touch: Disabled
 Parallel Workers: 13
 Concurrent Workers: 3
 Concurrent Refinement Workers: 13
 Periodic GC: Disabled

Heap:
 garbage-first heap   total 14336K, used 2217K [0x0000000709400000, 0x0000000800000000)
  region size 2048K, 1 young (2048K), 0 survivors (0K)
 Metaspace       used 6471K, committed 6656K, reserved 1056768K
  class space    used 601K, committed 704K, reserved 1048576K

Heap Regions: E=young(eden), S=young(survivor), O=old, HS=humongous(starts), HC=humongous(continues), CS=collection set, F=free, OA=open archive, CA=closed archive, TAMS=top-at-mark-start (previous, next)
|   0|0x0000000709400000, 0x00000007095fff70, 0x0000000709600000| 99%| O|  |TAMS 0x0000000709400000, 0x0000000709400000| Untracked 
|   1|0x0000000709600000, 0x000000070962a610, 0x0000000709800000|  8%| O|  |TAMS 0x0000000709600000, 0x0000000709600000| Untracked 
|   2|0x0000000709800000, 0x0000000709800000, 0x0000000709a00000|  0%| F|  |TAMS 0x0000000709800000, 0x0000000709800000| Untracked 
|   3|0x0000000709a00000, 0x0000000709a00000, 0x0000000709c00000|  0%| F|  |TAMS 0x0000000709a00000, 0x0000000709a00000| Untracked 
|   4|0x0000000709c00000, 0x0000000709c00000, 0x0000000709e00000|  0%| F|  |TAMS 0x0000000709c00000, 0x0000000709c00000| Untracked 
|   5|0x0000000709e00000, 0x0000000709e00000, 0x000000070a000000|  0%| F|  |TAMS 0x0000000709e00000, 0x0000000709e00000| Untracked 
|   6|0x000000070a000000, 0x000000070a00a3e0, 0x000000070a200000|  2%| E|  |TAMS 0x000000070a000000, 0x000000070a000000| Complete 

Card table byte_map: [0x0000020261ce0000,0x00000202624a0000] _byte_map_base: 0x000002025e496000

Marking Bits (Prev, Next): (CMBitMap*) 0x000002024a55c480, (CMBitMap*) 0x000002024a55c4c0
 Prev Bits: [0x0000020262c60000, 0x0000020266a10000)
 Next Bits: [0x0000020266a10000, 0x000002026a7c0000)

Polling page: 0x00000202482f0000

Metaspace:

Usage:
  Non-class:      5.73 MB used.
      Class:    601.95 KB used.
       Both:      6.32 MB used.

Virtual space:
  Non-class space:        8.00 MB reserved,       5.81 MB ( 73%) committed,  1 nodes.
      Class space:        1.00 GB reserved,     704.00 KB ( <1%) committed,  1 nodes.
              Both:        1.01 GB reserved,       6.50 MB ( <1%) committed. 

Chunk freelists:
   Non-Class:  624.00 KB
       Class:  3.34 MB
        Both:  3.95 MB

MaxMetaspaceSize: 17179869184.00 GB
CompressedClassSpaceSize: 1.00 GB
 - commit_granule_bytes: 65536.
 - commit_granule_words: 8192.
 - virtual_space_node_default_size: 1048576.
 - enlarge_chunks_in_place: 1.
 - new_chunks_are_fully_committed: 0.
 - uncommit_free_chunks: 1.
 - use_allocation_guard: 0.
 - handle_deallocations: 1.


Internal statistics:

num_allocs_failed_limit: 0.
num_arena_births: 68.
num_arena_deaths: 0.
num_vsnodes_births: 2.
num_vsnodes_deaths: 0.
num_space_committed: 104.
num_space_uncommitted: 0.
num_chunks_returned_to_freelist: 0.
num_chunks_taken_from_freelist: 218.
num_chunk_merges: 0.
num_chunk_splits: 172.
num_chunks_enlarged: 142.
num_purges: 0.

CodeHeap 'non-profiled nmethods': size=119168Kb used=352Kb max_used=352Kb free=118815Kb
 bounds [0x0000020259830000, 0x0000020259aa0000, 0x0000020260c90000]
CodeHeap 'profiled nmethods': size=119104Kb used=1661Kb max_used=1661Kb free=117442Kb
 bounds [0x00000202523e0000, 0x0000020252650000, 0x0000020259830000]
CodeHeap 'non-nmethods': size=7488Kb used=1167Kb max_used=1746Kb free=6320Kb
 bounds [0x0000020251c90000, 0x0000020251f00000, 0x00000202523e0000]
 total_blobs=1420 nmethods=965 adapters=368
 compilation: enabled
              stopped_count=0, restarted_count=0
 full_count=0

Compilation events (20 events):
Event: 87.533 Thread 0x000002026d76d0b0  958       3       java.lang.StringBuilder::append (8 bytes)
Event: 87.533 Thread 0x000002026d76d0b0 nmethod 958 0x000002025257c090 code [0x000002025257c240, 0x000002025257c388]
Event: 87.533 Thread 0x000002026d76d0b0  959       3       java.lang.AbstractStringBuilder::append (55 bytes)
Event: 87.534 Thread 0x000002026d76d0b0 nmethod 959 0x000002025257c410 code [0x000002025257c600, 0x000002025257c938]
Event: 87.550 Thread 0x000002026d76d0b0  960       3       java.nio.charset.CoderResult::isUnderflow (13 bytes)
Event: 87.550 Thread 0x000002026d76d0b0 nmethod 960 0x000002025257ca90 code [0x000002025257cc20, 0x000002025257cd98]
Event: 87.556 Thread 0x000002026d76d0b0  962   !   3       java.io.BufferedWriter::write (117 bytes)
Event: 87.557 Thread 0x000002026d76d0b0 nmethod 962 0x000002025257ce10 code [0x000002025257d020, 0x000002025257d628]
Event: 87.557 Thread 0x000002026d76d0b0  961       3       java.io.Writer::write (11 bytes)
Event: 87.557 Thread 0x000002026d76d0b0 nmethod 961 0x000002025257d990 code [0x000002025257db60, 0x000002025257de48]
Event: 87.557 Thread 0x000002026d76d0b0  963       3       java.io.BufferedWriter::min (9 bytes)
Event: 87.557 Thread 0x000002026d76d0b0 nmethod 963 0x000002025257df90 code [0x000002025257e140, 0x000002025257e2b8]
Event: 87.557 Thread 0x000002026d76d0b0  964       3       java.io.PrintStream::ensureOpen (18 bytes)
Event: 87.557 Thread 0x000002026d76d0b0 nmethod 964 0x000002025257e390 code [0x000002025257e540, 0x000002025257e768]
Event: 87.557 Thread 0x000002026d76d0b0  965  s    3       java.io.BufferedOutputStream::flush (12 bytes)
Event: 87.558 Thread 0x000002026d76d0b0 nmethod 965 0x000002025257e810 code [0x000002025257e9e0, 0x000002025257edf8]
Event: 87.558 Thread 0x000002026d76d0b0  966       3       java.io.BufferedOutputStream::flushBuffer (29 bytes)
Event: 87.558 Thread 0x000002026d76d0b0 nmethod 966 0x000002025257ef10 code [0x000002025257f0c0, 0x000002025257f308]
Event: 87.558 Thread 0x000002026d76d0b0  967       3       java.io.OutputStream::flush (1 bytes)
Event: 87.558 Thread 0x000002026d76d0b0 nmethod 967 0x000002025257f410 code [0x000002025257f5a0, 0x000002025257f6b8]

GC Heap History (8 events):
Event: 70.041 GC heap before
{Heap before GC invocations=0 (full 0):
 garbage-first heap   total 253952K, used 22528K [0x0000000709400000, 0x0000000800000000)
  region size 2048K, 11 young (22528K), 0 survivors (0K)
 Metaspace       used 6320K, committed 6528K, reserved 1056768K
  class space    used 589K, committed 704K, reserved 1048576K
}
Event: 70.045 GC heap after
{Heap after GC invocations=1 (full 0):
 garbage-first heap   total 253952K, used 2293K [0x0000000709400000, 0x0000000800000000)
  region size 2048K, 2 young (4096K), 2 survivors (4096K)
 Metaspace       used 6320K, committed 6528K, reserved 1056768K
  class space    used 589K, committed 704K, reserved 1048576K
}
Event: 87.077 GC heap before
{Heap before GC invocations=1 (full 0):
 garbage-first heap   total 253952K, used 4341K [0x0000000709400000, 0x0000000800000000)
  region size 2048K, 4 young (8192K), 2 survivors (4096K)
 Metaspace       used 6339K, committed 6528K, reserved 1056768K
  class space    used 590K, committed 704K, reserved 1048576K
}
Event: 87.088 GC heap after
{Heap after GC invocations=2 (full 1):
 garbage-first heap   total 28672K, used 2233K [0x0000000709400000, 0x0000000800000000)
  region size 2048K, 0 young (0K), 0 survivors (0K)
 Metaspace       used 6339K, committed 6528K, reserved 1056768K
  class space    used 590K, committed 704K, reserved 1048576K
}
Event: 87.119 GC heap before
{Heap before GC invocations=2 (full 1):
 garbage-first heap   total 28672K, used 2233K [0x0000000709400000, 0x0000000800000000)
  region size 2048K, 1 young (2048K), 0 survivors (0K)
 Metaspace       used 6345K, committed 6528K, reserved 1056768K
  class space    used 591K, committed 704K, reserved 1048576K
}
Event: 87.136 GC heap after
{Heap after GC invocations=3 (full 2):
 garbage-first heap   total 14336K, used 2232K [0x0000000709400000, 0x0000000800000000)
  region size 2048K, 0 young (0K), 0 survivors (0K)
 Metaspace       used 6345K, committed 6528K, reserved 1056768K
  class space    used 591K, committed 704K, reserved 1048576K
}
Event: 87.564 GC heap before
{Heap before GC invocations=3 (full 2):
 garbage-first heap   total 14336K, used 2232K [0x0000000709400000, 0x0000000800000000)
  region size 2048K, 1 young (2048K), 0 survivors (0K)
 Metaspace       used 6427K, committed 6592K, reserved 1056768K
  class space    used 596K, committed 704K, reserved 1048576K
}
Event: 87.581 GC heap after
{Heap after GC invocations=4 (full 3):
 garbage-first heap   total 14336K, used 2215K [0x0000000709400000, 0x0000000800000000)
  region size 2048K, 0 young (0K), 0 survivors (0K)
 Metaspace       used 6427K, committed 6592K, reserved 1056768K
  class space    used 596K, committed 704K, reserved 1048576K
}

Deoptimization events (20 events):
Event: 43.737 Thread 0x000002024a50a830 DEOPT PACKING pc=0x00000202524c79f6 sp=0x00000051fa0f4d10
Event: 43.737 Thread 0x000002024a50a830 DEOPT UNPACKING pc=0x0000020251cddece sp=0x00000051fa0f4248 mode 0
Event: 70.046 Thread 0x000002024a50a830 Uncommon trap: trap_request=0xffffff45 fr.pc=0x000002025987b44c relative=0x000000000000028c
Event: 70.046 Thread 0x000002024a50a830 Uncommon trap: reason=unstable_if action=reinterpret pc=0x000002025987b44c method=java.lang.ref.SoftReference.get()Ljava/lang/Object; @ 17 c2
Event: 70.046 Thread 0x000002024a50a830 DEOPT PACKING pc=0x000002025987b44c sp=0x00000051fa0f9290
Event: 70.046 Thread 0x000002024a50a830 DEOPT UNPACKING pc=0x0000020251cdd72e sp=0x00000051fa0f9170 mode 2
Event: 70.046 Thread 0x000002024a50a830 Uncommon trap: trap_request=0xffffff45 fr.pc=0x000002025987c3d0 relative=0x0000000000000130
Event: 70.046 Thread 0x000002024a50a830 Uncommon trap: reason=unstable_if action=reinterpret pc=0x000002025987c3d0 method=java.lang.ref.SoftReference.get()Ljava/lang/Object; @ 17 c2
Event: 70.046 Thread 0x000002024a50a830 DEOPT PACKING pc=0x000002025987c3d0 sp=0x00000051fa0f9210
Event: 70.046 Thread 0x000002024a50a830 DEOPT UNPACKING pc=0x0000020251cdd72e sp=0x00000051fa0f9160 mode 2
Event: 70.046 Thread 0x000002024a50a830 Uncommon trap: trap_request=0xffffff45 fr.pc=0x000002025987af00 relative=0x00000000000000e0
Event: 70.046 Thread 0x000002024a50a830 Uncommon trap: reason=unstable_if action=reinterpret pc=0x000002025987af00 method=java.lang.ref.SoftReference.get()Ljava/lang/Object; @ 17 c2
Event: 70.046 Thread 0x000002024a50a830 DEOPT PACKING pc=0x000002025987af00 sp=0x00000051fa0f91a0
Event: 70.046 Thread 0x000002024a50a830 DEOPT UNPACKING pc=0x0000020251cdd72e sp=0x00000051fa0f9158 mode 2
Event: 70.048 Thread 0x000002024a50a830 Uncommon trap: trap_request=0xffffff45 fr.pc=0x000002025986eba8 relative=0x0000000000002008
Event: 70.048 Thread 0x000002024a50a830 Uncommon trap: reason=unstable_if action=reinterpret pc=0x000002025986eba8 method=java.lang.ref.SoftReference.get()Ljava/lang/Object; @ 17 c2
Event: 70.048 Thread 0x000002024a50a830 DEOPT PACKING pc=0x000002025986eba8 sp=0x00000051fa0fa1d0
Event: 70.048 Thread 0x000002024a50a830 DEOPT UNPACKING pc=0x0000020251cdd72e sp=0x00000051fa0f9f70 mode 2
Event: 85.194 Thread 0x000002024a50a830 DEOPT PACKING pc=0x00000202524cbc94 sp=0x00000051fa0f91d0
Event: 85.194 Thread 0x000002024a50a830 DEOPT UNPACKING pc=0x0000020251cddece sp=0x00000051fa0f86f8 mode 0

Classes unloaded (0 events):
No events

Classes redefined (0 events):
No events

Internal exceptions (20 events):
Event: 70.047 Thread 0x000002024a50a830 Exception <a 'java/lang/NoSuchFieldError'{0x0000000718a15020}: com.trolltech.qt.gui.QStandardItemModel.columnsAboutToBeRemoved Lcom/trolltech/qt/QSignalEmitter$Signal3;> (0x0000000718a15020) 
thrown [t:\workspace\open\src\hotspot\share\prims\jni.cpp, line 1897]
Event: 70.047 Thread 0x000002024a50a830 Exception <a 'java/lang/NoSuchFieldError'{0x0000000718a15380}: com.trolltech.qt.gui.QStandardItemModel.columnsInserted Lcom/trolltech/qt/QSignalEmitter$Signal3;> (0x0000000718a15380) 
thrown [t:\workspace\open\src\hotspot\share\prims\jni.cpp, line 1897]
Event: 70.047 Thread 0x000002024a50a830 Exception <a 'java/lang/NoSuchFieldError'{0x0000000718a156d8}: com.trolltech.qt.gui.QStandardItemModel.columnsRemoved Lcom/trolltech/qt/QSignalEmitter$Signal3;> (0x0000000718a156d8) 
thrown [t:\workspace\open\src\hotspot\share\prims\jni.cpp, line 1897]
Event: 70.047 Thread 0x000002024a50a830 Exception <a 'java/lang/NoSuchFieldError'{0x0000000718a15a38}: com.trolltech.qt.gui.QStandardItemModel.modelAboutToBeReset Lcom/trolltech/qt/QSignalEmitter$Signal0;> (0x0000000718a15a38) 
thrown [t:\workspace\open\src\hotspot\share\prims\jni.cpp, line 1897]
Event: 70.047 Thread 0x000002024a50a830 Exception <a 'java/lang/NoSuchFieldError'{0x0000000718a15d90}: com.trolltech.qt.gui.QStandardItemModel.modelReset Lcom/trolltech/qt/QSignalEmitter$Signal0;> (0x0000000718a15d90) 
thrown [t:\workspace\open\src\hotspot\share\prims\jni.cpp, line 1897]
Event: 70.047 Thread 0x000002024a50a830 Exception <a 'java/lang/NoSuchFieldError'{0x0000000718a160f0}: com.trolltech.qt.gui.QStandardItemModel.rowsAboutToBeInserted Lcom/trolltech/qt/QSignalEmitter$Signal3;> (0x0000000718a160f0) 
thrown [t:\workspace\open\src\hotspot\share\prims\jni.cpp, line 1897]
Event: 70.047 Thread 0x000002024a50a830 Exception <a 'java/lang/NoSuchFieldError'{0x0000000718a16450}: com.trolltech.qt.gui.QStandardItemModel.rowsAboutToBeRemoved Lcom/trolltech/qt/QSignalEmitter$Signal3;> (0x0000000718a16450) 
thrown [t:\workspace\open\src\hotspot\share\prims\jni.cpp, line 1897]
Event: 70.047 Thread 0x000002024a50a830 Exception <a 'java/lang/NoSuchFieldError'{0x0000000718a167a8}: com.trolltech.qt.gui.QStandardItemModel.rowsInserted Lcom/trolltech/qt/QSignalEmitter$Signal3;> (0x0000000718a167a8) 
thrown [t:\workspace\open\src\hotspot\share\prims\jni.cpp, line 1897]
Event: 70.047 Thread 0x000002024a50a830 Exception <a 'java/lang/NoSuchFieldError'{0x0000000718a16b00}: com.trolltech.qt.gui.QStandardItemModel.rowsRemoved Lcom/trolltech/qt/QSignalEmitter$Signal3;> (0x0000000718a16b00) 
thrown [t:\workspace\open\src\hotspot\share\prims\jni.cpp, line 1897]
Event: 85.192 Thread 0x000002024a50a830 Exception <a 'java/lang/NoSuchFieldError'{0x0000000718834c60}: com.trolltech.qt.core.QAbstractListModel.columnsAboutToBeInserted Lcom/trolltech/qt/QSignalEmitter$Signal3;> (0x0000000718834c60) 
thrown [t:\workspace\open\src\hotspot\share\prims\jni.cpp, line 1897]
Event: 85.192 Thread 0x000002024a50a830 Exception <a 'java/lang/NoSuchFieldError'{0x0000000718834fc8}: com.trolltech.qt.core.QAbstractListModel.columnsAboutToBeRemoved Lcom/trolltech/qt/QSignalEmitter$Signal3;> (0x0000000718834fc8) 
thrown [t:\workspace\open\src\hotspot\share\prims\jni.cpp, line 1897]
Event: 85.192 Thread 0x000002024a50a830 Exception <a 'java/lang/NoSuchFieldError'{0x0000000718835328}: com.trolltech.qt.core.QAbstractListModel.columnsInserted Lcom/trolltech/qt/QSignalEmitter$Signal3;> (0x0000000718835328) 
thrown [t:\workspace\open\src\hotspot\share\prims\jni.cpp, line 1897]
Event: 85.192 Thread 0x000002024a50a830 Exception <a 'java/lang/NoSuchFieldError'{0x0000000718835688}: com.trolltech.qt.core.QAbstractListModel.columnsRemoved Lcom/trolltech/qt/QSignalEmitter$Signal3;> (0x0000000718835688) 
thrown [t:\workspace\open\src\hotspot\share\prims\jni.cpp, line 1897]
Event: 85.192 Thread 0x000002024a50a830 Exception <a 'java/lang/NoSuchFieldError'{0x00000007188359e8}: com.trolltech.qt.core.QAbstractListModel.modelAboutToBeReset Lcom/trolltech/qt/QSignalEmitter$Signal0;> (0x00000007188359e8) 
thrown [t:\workspace\open\src\hotspot\share\prims\jni.cpp, line 1897]
Event: 85.192 Thread 0x000002024a50a830 Exception <a 'java/lang/NoSuchFieldError'{0x0000000718835d40}: com.trolltech.qt.core.QAbstractListModel.modelReset Lcom/trolltech/qt/QSignalEmitter$Signal0;> (0x0000000718835d40) 
thrown [t:\workspace\open\src\hotspot\share\prims\jni.cpp, line 1897]
Event: 85.192 Thread 0x000002024a50a830 Exception <a 'java/lang/NoSuchFieldError'{0x00000007188360a0}: com.trolltech.qt.core.QAbstractListModel.rowsAboutToBeInserted Lcom/trolltech/qt/QSignalEmitter$Signal3;> (0x00000007188360a0) 
thrown [t:\workspace\open\src\hotspot\share\prims\jni.cpp, line 1897]
Event: 85.192 Thread 0x000002024a50a830 Exception <a 'java/lang/NoSuchFieldError'{0x0000000718836400}: com.trolltech.qt.core.QAbstractListModel.rowsAboutToBeRemoved Lcom/trolltech/qt/QSignalEmitter$Signal3;> (0x0000000718836400) 
thrown [t:\workspace\open\src\hotspot\share\prims\jni.cpp, line 1897]
Event: 85.192 Thread 0x000002024a50a830 Exception <a 'java/lang/NoSuchFieldError'{0x0000000718836758}: com.trolltech.qt.core.QAbstractListModel.rowsInserted Lcom/trolltech/qt/QSignalEmitter$Signal3;> (0x0000000718836758) 
thrown [t:\workspace\open\src\hotspot\share\prims\jni.cpp, line 1897]
Event: 85.192 Thread 0x000002024a50a830 Exception <a 'java/lang/NoSuchFieldError'{0x0000000718836ab0}: com.trolltech.qt.core.QAbstractListModel.rowsRemoved Lcom/trolltech/qt/QSignalEmitter$Signal3;> (0x0000000718836ab0) 
thrown [t:\workspace\open\src\hotspot\share\prims\jni.cpp, line 1897]
Event: 87.588 Thread 0x000002026e4e6750 Exception <a 'java/lang/InterruptedException'{0x000000070a014960}: sleep interrupted> (0x000000070a014960) 
thrown [t:\workspace\open\src\hotspot\share\prims\jvm.cpp, line 3305]

Events (20 events):
Event: 87.582 Thread 0x000002026e1fe5c0 Thread added: 0x000002026e1fe5c0
Event: 87.585 Thread 0x000002026e1fe5c0 Thread exited: 0x000002026e1fe5c0
Event: 87.586 Thread 0x000002026e1fe5c0 Thread added: 0x000002026e1fe5c0
Event: 87.586 loading class java/util/zip/ZipException
Event: 87.586 loading class java/util/zip/ZipException done
Event: 87.586 loading class java/util/concurrent/locks/ReadWriteLock
Event: 87.587 loading class java/util/concurrent/locks/ReadWriteLock done
Event: 87.587 loading class java/util/concurrent/locks/ReentrantReadWriteLock
Event: 87.587 loading class java/util/concurrent/locks/ReentrantReadWriteLock done
Event: 87.587 loading class java/util/concurrent/locks/ReentrantReadWriteLock$NonfairSync
Event: 87.587 loading class java/util/concurrent/locks/ReentrantReadWriteLock$Sync
Event: 87.587 loading class java/util/concurrent/locks/ReentrantReadWriteLock$Sync done
Event: 87.587 loading class java/util/concurrent/locks/ReentrantReadWriteLock$NonfairSync done
Event: 87.587 loading class java/util/concurrent/locks/ReentrantReadWriteLock$Sync$ThreadLocalHoldCounter
Event: 87.587 loading class java/util/concurrent/locks/ReentrantReadWriteLock$Sync$ThreadLocalHoldCounter done
Event: 87.587 loading class java/util/concurrent/locks/ReentrantReadWriteLock$ReadLock
Event: 87.587 loading class java/util/concurrent/locks/ReentrantReadWriteLock$ReadLock done
Event: 87.588 loading class java/util/concurrent/locks/ReentrantReadWriteLock$WriteLock
Event: 87.588 loading class java/util/concurrent/locks/ReentrantReadWriteLock$WriteLock done
Event: 87.588 Thread 0x000002026e4e6750 Thread exited: 0x000002026e4e6750


Dynamic libraries:
0x00007ff601de0000 - 0x00007ff601df0000 	C:\Program Files\Java\jdk-16.0.1\bin\java.exe
0x00007ffb8b470000 - 0x00007ffb8b665000 	C:\WINDOWS\SYSTEM32\ntdll.dll
0x00007ffb897e0000 - 0x00007ffb8989e000 	C:\WINDOWS\System32\KERNEL32.DLL
0x00007ffb88bc0000 - 0x00007ffb88e88000 	C:\WINDOWS\System32\KERNELBASE.dll
0x00007ffb88ff0000 - 0x00007ffb890f0000 	C:\WINDOWS\System32\ucrtbase.dll
0x00007ffb809e0000 - 0x00007ffb809f8000 	C:\Program Files\Java\jdk-16.0.1\bin\jli.dll
0x00007ffb798c0000 - 0x00007ffb798d9000 	C:\Program Files\Java\jdk-16.0.1\bin\VCRUNTIME140.dll
0x00007ffb8af70000 - 0x00007ffb8b01c000 	C:\WINDOWS\System32\ADVAPI32.dll
0x00007ffb8b0e0000 - 0x00007ffb8b17e000 	C:\WINDOWS\System32\msvcrt.dll
0x00007ffb8a690000 - 0x00007ffb8a72b000 	C:\WINDOWS\System32\sechost.dll
0x00007ffb8ac80000 - 0x00007ffb8adaa000 	C:\WINDOWS\System32\RPCRT4.dll
0x00007ffb894c0000 - 0x00007ffb89661000 	C:\WINDOWS\System32\USER32.dll
0x00007ffb89490000 - 0x00007ffb894b2000 	C:\WINDOWS\System32\win32u.dll
0x00007ffb76950000 - 0x00007ffb76bea000 	C:\WINDOWS\WinSxS\amd64_microsoft.windows.common-controls_6595b64144ccf1df_6.0.19041.1110_none_60b5254171f9507e\COMCTL32.dll
0x00007ffb89670000 - 0x00007ffb8969b000 	C:\WINDOWS\System32\GDI32.dll
0x00007ffb89380000 - 0x00007ffb8948b000 	C:\WINDOWS\System32\gdi32full.dll
0x00007ffb890f0000 - 0x00007ffb8918d000 	C:\WINDOWS\System32\msvcp_win.dll
0x00007ffb82990000 - 0x00007ffb8299a000 	C:\WINDOWS\SYSTEM32\VERSION.dll
0x00007ffb8b0b0000 - 0x00007ffb8b0e0000 	C:\WINDOWS\System32\IMM32.DLL
0x00007ffb846d0000 - 0x00007ffb846dc000 	C:\Program Files\Java\jdk-16.0.1\bin\vcruntime140_1.dll
0x00007ffb57570000 - 0x00007ffb57601000 	C:\Program Files\Java\jdk-16.0.1\bin\msvcp140.dll
0x00007ffb31060000 - 0x00007ffb31c0b000 	C:\Program Files\Java\jdk-16.0.1\bin\server\jvm.dll
0x00007ffb898a0000 - 0x00007ffb898a8000 	C:\WINDOWS\System32\PSAPI.DLL
0x00007ffb81250000 - 0x00007ffb81277000 	C:\WINDOWS\SYSTEM32\WINMM.dll
0x00007ffb74920000 - 0x00007ffb74929000 	C:\WINDOWS\SYSTEM32\WSOCK32.dll
0x00007ffb8b360000 - 0x00007ffb8b3cb000 	C:\WINDOWS\System32\WS2_32.dll
0x00007ffb86a90000 - 0x00007ffb86aa2000 	C:\WINDOWS\SYSTEM32\kernel.appcore.dll
0x00007ffb79f30000 - 0x00007ffb79f3a000 	C:\Program Files\Java\jdk-16.0.1\bin\jimage.dll
0x00007ffb72840000 - 0x00007ffb72a24000 	C:\WINDOWS\SYSTEM32\DBGHELP.DLL
0x00007ffb72750000 - 0x00007ffb7277c000 	C:\WINDOWS\SYSTEM32\dbgcore.DLL
0x00007ffb89190000 - 0x00007ffb89213000 	C:\WINDOWS\System32\bcryptPrimitives.dll
0x00007ffb79890000 - 0x00007ffb798b5000 	C:\Program Files\Java\jdk-16.0.1\bin\java.dll
0x00007ffb89ad0000 - 0x00007ffb8a20f000 	C:\WINDOWS\System32\SHELL32.dll
0x00007ffb86c90000 - 0x00007ffb87420000 	C:\WINDOWS\SYSTEM32\windows.storage.dll
0x00007ffb8a730000 - 0x00007ffb8aa85000 	C:\WINDOWS\System32\combase.dll
0x00007ffb88570000 - 0x00007ffb8859e000 	C:\WINDOWS\SYSTEM32\Wldp.dll
0x00007ffb8b2b0000 - 0x00007ffb8b35d000 	C:\WINDOWS\System32\SHCORE.dll
0x00007ffb8ac20000 - 0x00007ffb8ac75000 	C:\WINDOWS\System32\shlwapi.dll
0x00007ffb88ad0000 - 0x00007ffb88aef000 	C:\WINDOWS\SYSTEM32\profapi.dll
0x00007ffb6fdb0000 - 0x00007ffb6fdc9000 	C:\Program Files\Java\jdk-16.0.1\bin\net.dll
0x00007ffb80fb0000 - 0x00007ffb810bc000 	C:\WINDOWS\SYSTEM32\WINHTTP.dll
0x00007ffb882d0000 - 0x00007ffb8833a000 	C:\WINDOWS\system32\mswsock.dll
0x00007ffb6fd90000 - 0x00007ffb6fda3000 	C:\Program Files\Java\jdk-16.0.1\bin\nio.dll
0x00007ffb59a10000 - 0x00007ffb59a28000 	C:\Program Files\Java\jdk-16.0.1\bin\zip.dll
0x00007ffb78b60000 - 0x00007ffb78b70000 	C:\Program Files\Java\jdk-16.0.1\bin\verify.dll
0x000000005cfb0000 - 0x000000005d291000 	C:\Users\DANILOR\AppData\Local\Temp\QtJambi_DANILOR_amd64_4.8.6_msvc2012x64-20150117-2107\lib\QtCore4.dll
0x00007ffb8b180000 - 0x00007ffb8b2aa000 	C:\WINDOWS\System32\ole32.dll
0x00007ffb5c680000 - 0x00007ffb5c727000 	C:\WINDOWS\SYSTEM32\MSVCP110.dll
0x00007ffb5c5a0000 - 0x00007ffb5c674000 	C:\WINDOWS\SYSTEM32\MSVCR110.dll
0x00007ffb6e740000 - 0x00007ffb6e780000 	C:\Users\DANILOR\AppData\Local\Temp\QtJambi_DANILOR_amd64_4.8.6_msvc2012x64-20150117-2107\lib\qtjambi.dll
0x00007ffb3c6d0000 - 0x00007ffb3c800000 	C:\Users\DANILOR\AppData\Local\Temp\QtJambi_DANILOR_amd64_4.8.6_msvc2012x64-20150117-2107\lib\com_trolltech_qt_core.dll
0x000000005c300000 - 0x000000005cc76000 	C:\Users\DANILOR\AppData\Local\Temp\QtJambi_DANILOR_amd64_4.8.6_msvc2012x64-20150117-2107\lib\QtGui4.dll
0x00007ffb8aa90000 - 0x00007ffb8ab6a000 	C:\WINDOWS\System32\COMDLG32.dll
0x00007ffb898b0000 - 0x00007ffb8997d000 	C:\WINDOWS\System32\OLEAUT32.dll
0x00007ffb77500000 - 0x00007ffb77595000 	C:\WINDOWS\SYSTEM32\WINSPOOL.DRV
0x00007ffb3bfa0000 - 0x00007ffb3c6cf000 	C:\Users\DANILOR\AppData\Local\Temp\QtJambi_DANILOR_amd64_4.8.6_msvc2012x64-20150117-2107\lib\com_trolltech_qt_gui.dll
0x00007ffb865b0000 - 0x00007ffb8664e000 	C:\WINDOWS\system32\uxtheme.dll
0x00007ffb5d190000 - 0x00007ffb5d2c1000 	C:\ProgramData\A-Volute\A-Volute.SonicStudio3\Modules\ScheduledModules\x64\AudioDevProps2.dll
0x00007ffb896c0000 - 0x00007ffb897d5000 	C:\WINDOWS\System32\MSCTF.dll
0x00007ffb78660000 - 0x00007ffb78759000 	C:\WINDOWS\SYSTEM32\textinputframework.dll
0x00007ffb85e30000 - 0x00007ffb8618e000 	C:\WINDOWS\System32\CoreUIComponents.dll
0x00007ffb86190000 - 0x00007ffb86282000 	C:\WINDOWS\System32\CoreMessaging.dll
0x00007ffb87880000 - 0x00007ffb878b3000 	C:\WINDOWS\SYSTEM32\ntmarta.dll
0x00007ffb84ad0000 - 0x00007ffb84c24000 	C:\WINDOWS\SYSTEM32\wintypes.dll
0x00007ffb777e0000 - 0x00007ffb77890000 	C:\WINDOWS\WinSxS\amd64_microsoft.windows.common-controls_6595b64144ccf1df_5.82.19041.1110_none_792d1c772443f647\comctl32.dll
0x00007ffb8ab70000 - 0x00007ffb8ac19000 	C:\WINDOWS\System32\clbcatq.dll
0x00007ffb81340000 - 0x00007ffb8137b000 	C:\WINDOWS\SYSTEM32\dxcore.dll
0x00007ffb88fa0000 - 0x00007ffb88fee000 	C:\WINDOWS\System32\cfgmgr32.dll

dbghelp: loaded successfully - version: 4.0.5 - missing functions: none
symbol engine: initialized successfully - sym options: 0x614 - pdb path: .;C:\Program Files\Java\jdk-16.0.1\bin;C:\WINDOWS\SYSTEM32;C:\WINDOWS\WinSxS\amd64_microsoft.windows.common-controls_6595b64144ccf1df_6.0.19041.1110_none_60b5254171f9507e;C:\Program Files\Java\jdk-16.0.1\bin\server;C:\Users\DANILOR\AppData\Local\Temp\QtJambi_DANILOR_amd64_4.8.6_msvc2012x64-20150117-2107\lib;C:\ProgramData\A-Volute\A-Volute.SonicStudio3\Modules\ScheduledModules\x64;C:\WINDOWS\WinSxS\amd64_microsoft.windows.common-controls_6595b64144ccf1df_5.82.19041.1110_none_792d1c772443f647

VM Arguments:
jvm_args: -Dfile.encoding=UTF-8 --module-path=D:\Curso Dam\Asignaturas 2ºDAM\DI\Tareas\Tarea2\Tarea2DI\build\classes 
java_command: listaCompra.Inicio
java_class_path (initial): C:\qtjambi-4.8.6\qtjambi-4.8.6.jar;C:\qtjambi-4.8.6\qtjambi-designer-4.8.6.jar;C:\qtjambi-4.8.6\qtjambi-examples-4.8.6.jar;C:\qtjambi-4.8.6\qtjambi-examples-src-4.8.6.jar;C:\qtjambi-4.8.6\qtjambi-native-win64-msvc2012x64-4.8.6.jar;D:\Curso Dam\Asignaturas 2ºDAM\DI\Tareas\Tarea2\Tarea2DI\build\classes
Launcher Type: SUN_STANDARD

[Global flags]
     intx CICompilerCount                          = 12                                        {product} {ergonomic}
     uint ConcGCThreads                            = 3                                         {product} {ergonomic}
     uint G1ConcRefinementThreads                  = 13                                        {product} {ergonomic}
   size_t G1HeapRegionSize                         = 2097152                                   {product} {ergonomic}
    uintx GCDrainStackTargetSize                   = 64                                        {product} {ergonomic}
   size_t InitialHeapSize                          = 260046848                                 {product} {ergonomic}
   size_t MarkStackSize                            = 4194304                                   {product} {ergonomic}
   size_t MaxHeapSize                              = 4139778048                                {product} {ergonomic}
   size_t MaxNewSize                               = 2483027968                                {product} {ergonomic}
   size_t MinHeapDeltaBytes                        = 2097152                                   {product} {ergonomic}
   size_t MinHeapSize                              = 8388608                                   {product} {ergonomic}
    uintx NonNMethodCodeHeapSize                   = 7602480                                {pd product} {ergonomic}
    uintx NonProfiledCodeHeapSize                  = 122027880                              {pd product} {ergonomic}
    uintx ProfiledCodeHeapSize                     = 122027880                              {pd product} {ergonomic}
    uintx ReservedCodeCacheSize                    = 251658240                              {pd product} {ergonomic}
     bool SegmentedCodeCache                       = true                                      {product} {ergonomic}
   size_t SoftMaxHeapSize                          = 4139778048                             {manageable} {ergonomic}
     bool UseCompressedClassPointers               = true                           {product lp64_product} {ergonomic}
     bool UseCompressedOops                        = true                           {product lp64_product} {ergonomic}
     bool UseG1GC                                  = true                                      {product} {ergonomic}
     bool UseLargePagesIndividualAllocation        = false                                  {pd product} {ergonomic}

Logging:
Log output configuration:
 #0: stdout all=warning uptime,level,tags
 #1: stderr all=off uptime,level,tags

Environment Variables:
JAVA_HOME=C:\Program Files\Java\jdk-16.0.1
PATH=C:\oraclexe\app\oracle\product\11.2.0\server\bin;C:\Program Files\Common Files\Oracle\Java\javapath;C:\Program Files (x86)\Common Files\Oracle\Java\javapath;C:\WINDOWS\system32;C:\WINDOWS;C:\WINDOWS\System32\Wbem;C:\WINDOWS\System32\WindowsPowerShell\v1.0\;C:\WINDOWS\System32\OpenSSH\;C:\Program Files\Git\cmd;C:\Program Files\AutoFirma\AutoFirma;C:\Program Files\Microsoft VS Code\bin;C:\Program Files\Java\jdk-16.0.1\bin;C:\Program Files\Java\jdk-16.0.1\bin;C:\mingw64\bin;C:\qtjambi-4.8.6\bin;C:\Program Files\MySQL\MySQL Shell 8.0\bin\;C:\Users\DANILOR\AppData\Local\Programs\Python\Python39\Scripts\;C:\Users\DANILOR\AppData\Local\Programs\Python\Python39\;C:\Users\DANILOR\AppData\Local\Microsoft\WindowsApps;C:\Program Files\Java\jdk-16.0.1\bin;C:\Program Files\Java\jdk-16.0.1\bin;C:\mingw64\bin;C:\qtjambi-4.8.6\bin;
USERNAME=DANILOR
OS=Windows_NT
PROCESSOR_IDENTIFIER=AMD64 Family 23 Model 96 Stepping 1, AuthenticAMD



---------------  S Y S T E M  ---------------

OS:
 Windows 10 , 64 bit Build 19041 (10.0.19041.1348)
OS uptime: 3 days 13:08 hours

CPU: total 16 (initial active 16) (16 cores per cpu, 2 threads per core) family 23 model 96 stepping 1 microcode 0x0, cx8, cmov, fxsr, ht, mmx, 3dnowpref, sse, sse2, sse3, ssse3, sse4a, sse4.1, sse4.2, popcnt, lzcnt, tsc, tscinvbit, avx, avx2, aes, clmul, bmi1, bmi2, adx, sha, fma, vzeroupper, clflush, clflushopt

Memory: 4k page, system-wide physical 15789M (9790M free)
TotalPageFile size 18221M (AvailPageFile size 9537M)
current process WorkingSet (physical memory assigned to process): 72M, peak: 102M
current process commit charge ("private bytes"): 122M, peak: 384M

vm_info: Java HotSpot(TM) 64-Bit Server VM (16.0.1+9-24) for windows-amd64 JRE (16.0.1+9-24), built on Mar 26 2021 19:31:42 by "mach5one" with MS VC++ 16.7 (VS2019)

END.
