#
# A fatal error has been detected by the Java Runtime Environment:
#
#  EXCEPTION_ACCESS_VIOLATION (0xc0000005) at pc=0x0000000060ad4f8d, pid=2760, tid=1716
#
# JRE version: Java(TM) SE Runtime Environment (16.0.1+9) (build 16.0.1+9-24)
# Java VM: Java HotSpot(TM) 64-Bit Server VM (16.0.1+9-24, mixed mode, sharing, tiered, compressed oops, compressed class ptrs, g1 gc, windows-amd64)
# Problematic frame:
# C  [QtGui4.dll+0x64f8d]
#
# No core dump will be written. Minidumps are not enabled by default on client versions of Windows
#
# If you would like to submit a bug report, please visit:
#   https://bugreport.java.com/bugreport/crash.jsp
# The crash happened outside the Java Virtual Machine in native code.
# See problematic frame for where to report the bug.
#

---------------  S U M M A R Y ------------

Command Line: -Dfile.encoding=UTF-8 --module-path=C:\Users\DANILOR\OneDrive - Educacyl\Asignaturas 2ºDAM\DI\Tareas\Tarea2\Tarea2DI\build\classes listaCompra.Inicio

Host: AMD Ryzen 9 4900HS with Radeon Graphics         , 16 cores, 15G,  Windows 10 , 64 bit Build 19041 (10.0.19041.1348)
Time: Tue Dec  7 03:49:18 2021 Hora estándar romance elapsed time: 30.648134 seconds (0d 0h 0m 30s)

---------------  T H R E A D  ---------------

Current thread (0x000002637f2b52b0):  JavaThread "Finalizer" daemon [_thread_in_native, id=1716, stack(0x0000006ac2c00000,0x0000006ac2d00000)]

Stack: [0x0000006ac2c00000,0x0000006ac2d00000],  sp=0x0000006ac2cfe660,  free space=1017k
Native frames: (J=compiled Java code, j=interpreted, Vv=VM code, C=native code)
C  [QtGui4.dll+0x64f8d]

Java frames: (J=compiled Java code, j=interpreted, Vv=VM code)
j  com.trolltech.qt.internal.QtJambiObject.finalize()V+0
J 836 c1 java.lang.ref.Finalizer.runFinalizer(Ljdk/internal/access/JavaLangAccess;)V java.base@16.0.1 (131 bytes) @ 0x00000263008aa0c4 [0x00000263008a9a40+0x0000000000000684]
j  java.lang.ref.Finalizer$FinalizerThread.run()V+46 java.base@16.0.1
v  ~StubRoutines::call_stub

siginfo: EXCEPTION_ACCESS_VIOLATION (0xc0000005), reading address 0x0000000000000008


Register to memory mapping:

RIP=0x0000000060ad4f8d QtGui4.dll
RAX=0x0 is NULL
RBX=0x00000000fffffffb is an unknown value
RCX=0x0000026317267550 points into unknown readable memory: 0x0000000000000001 | 01 00 00 00 00 00 00 00
RDX=0x0000000000000001 is an unknown value
RSP=0x0000006ac2cfe660 is pointing into the stack for thread: 0x000002637f2b52b0
RBP=0x0 is NULL
RSI=0x00000263172a0a60 points into unknown readable memory: 0x00000000610c65b8 | b8 65 0c 61 00 00 00 00
RDI=0x00000263172a0a60 points into unknown readable memory: 0x00000000610c65b8 | b8 65 0c 61 00 00 00 00
R8 =0x0000000000000020 is an unknown value
R9 =0x000000000000003d is an unknown value
R10=0x0 is NULL
R11=0x7bbb3c6e23be75be is an unknown value
R12=0x00000263172a13c0 points into unknown readable memory: 0x0000000061071378 | 78 13 07 61 00 00 00 00
R13=0x0000026317105d20 points into unknown readable memory: 0x0000000061062048 | 48 20 06 61 00 00 00 00
R14=0x0 is NULL
R15=0x0 is NULL


Registers:
RAX=0x0000000000000000, RBX=0x00000000fffffffb, RCX=0x0000026317267550, RDX=0x0000000000000001
RSP=0x0000006ac2cfe660, RBP=0x0000000000000000, RSI=0x00000263172a0a60, RDI=0x00000263172a0a60
R8 =0x0000000000000020, R9 =0x000000000000003d, R10=0x0000000000000000, R11=0x7bbb3c6e23be75be
R12=0x00000263172a13c0, R13=0x0000026317105d20, R14=0x0000000000000000, R15=0x0000000000000000
RIP=0x0000000060ad4f8d, EFLAGS=0x0000000000010202

Top of Stack: (sp=0x0000006ac2cfe660)
0x0000006ac2cfe660:   0000026317267550 00000000fffffffb
0x0000006ac2cfe670:   0000000000000000 00007ffdc5dc6338
0x0000006ac2cfe680:   0000026300000000 0000000000000000
0x0000006ac2cfe690:   fffffffffffffffe 0000000000000000
0x0000006ac2cfe6a0:   0000000000000000 0000000060defffe
0x0000006ac2cfe6b0:   00000263172300d0 00000000610c5fb0
0x0000006ac2cfe6c0:   0000026317267550 0000000000000000
0x0000006ac2cfe6d0:   0000000000000001 0000000060def864
0x0000006ac2cfe6e0:   00000263172a0a60 0000000000000000
0x0000006ac2cfe6f0:   00000263172a4750 0000000000000002
0x0000006ac2cfe700:   fffffffffffffffe 0000000060c4f993
0x0000006ac2cfe710:   00000263172a0a60 00007ffd9d821885
0x0000006ac2cfe720:   00000263172a0a60 0000000000000000
0x0000006ac2cfe730:   00000263172a2950 0000000060c4f6a4
0x0000006ac2cfe740:   fffffffffffffffe 000000006137cb68
0x0000006ac2cfe750:   0000026317105d20 000000006150b3e3 

Instructions: (pc=0x0000000060ad4f8d)
0x0000000060ad4e8d:   73 08 48 8b 0e 48 3b cb 74 1b ff 15 d3 78 58 00
0x0000000060ad4e9d:   84 c0 75 0e ba 08 00 00 00 48 8b 0e ff 15 59 7b
0x0000000060ad4ead:   58 00 48 89 1e 48 83 c4 38 41 5e 5f 5e 5b c3 cc
0x0000000060ad4ebd:   cc cc cc 40 57 48 83 ec 20 48 8b 41 f8 48 8b fa
0x0000000060ad4ecd:   48 3b 90 40 01 00 00 74 6c 48 8b 41 f8 48 89 5c
0x0000000060ad4edd:   24 30 48 8d 59 f0 f7 80 c8 01 00 00 00 00 00 10
0x0000000060ad4eed:   74 0c 48 8b 43 20 48 8b 08 48 85 c9 75 22 41 b0
0x0000000060ad4efd:   01 ba 64 00 00 00 48 8b cb e8 25 2d 00 00 48 8b
0x0000000060ad4f0d:   4b 08 33 d2 e8 5a 78 ff ff 48 8b 43 20 48 8b 08
0x0000000060ad4f1d:   48 8b d7 ff 15 e2 ab 58 00 48 8b 5c 24 30 85 c0
0x0000000060ad4f2d:   75 13 48 8d 0d b2 cd 59 00 48 83 c4 20 5f 48 ff
0x0000000060ad4f3d:   25 d6 83 58 00 48 83 c4 20 5f c3 cc cc cc cc cc
0x0000000060ad4f4d:   cc cc cc 85 d2 74 68 57 48 83 ec 40 48 c7 44 24
0x0000000060ad4f5d:   30 fe ff ff ff 48 89 5c 24 50 8b da 48 8b f9 c7
0x0000000060ad4f6d:   44 24 20 00 00 00 00 45 33 c9 45 33 c0 33 d2 48
0x0000000060ad4f7d:   8d 4c 24 60 e8 7a 9d fd ff 90 ff 15 4b 79 58 00
0x0000000060ad4f8d:   48 8b 48 08 48 81 c1 28 01 00 00 4c 8d 4c 24 60
0x0000000060ad4f9d:   4c 8b c7 8b d3 e8 29 7f fe ff 90 48 8d 4c 24 60
0x0000000060ad4fad:   e8 de d6 fc ff 48 8b 5c 24 50 48 83 c4 40 5f f3
0x0000000060ad4fbd:   c3 cc cc 48 89 5c 24 08 48 89 6c 24 10 48 89 74
0x0000000060ad4fcd:   24 18 57 48 81 ec 80 00 00 00 48 8b f1 48 8b 09
0x0000000060ad4fdd:   48 8b fa 48 83 c1 68 ba 01 00 00 00 ff 15 71 77
0x0000000060ad4fed:   58 00 84 c0 74 08 48 8b ce e8 c5 58 fa ff 48 8b
0x0000000060ad4ffd:   0e 4c 8b c1 48 8b d9 4c 63 51 6c 8b 69 70 4d 85
0x0000000060ad500d:   d2 78 43 48 8d 44 24 20 41 b9 08 00 00 00 4c 2b
0x0000000060ad501d:   c8 66 90 4b 8b 5c d0 08 48 3b d9 74 1f 8b 17 0f
0x0000000060ad502d:   1f 40 00 39 53 f8 7d 14 4b 8d 04 d1 4c 8b c3 48
0x0000000060ad503d:   03 c3 48 8b 5c 04 20 48 3b d9 75 e7 4e 89 44 d4
0x0000000060ad504d:   20 49 ff ca 79 cd 48 3b d9 74 3e 8b 43 f8 39 07
0x0000000060ad505d:   7c 37 90 48 8b 0e 4c 8b cb 48 8b 5b 08 48 3b d9
0x0000000060ad506d:   74 0e 8b 43 f8 41 39 41 f8 7c 05 40 b7 01 eb 03
0x0000000060ad507d:   40 32 ff 48 8d 54 24 20 41 b8 08 00 00 00 ff 15 


Stack slot to memory mapping:
stack at sp + 0 slots: 0x0000026317267550 points into unknown readable memory: 0x0000000000000001 | 01 00 00 00 00 00 00 00
stack at sp + 1 slots: 0x00000000fffffffb is an unknown value
stack at sp + 2 slots: 0x0 is NULL
stack at sp + 3 slots: 0x00007ffdc5dc6338 MSVCR110.dll
stack at sp + 4 slots: 0x0000026300000000 points into unknown readable memory: 0x0000000000000006 | 06 00 00 00 00 00 00 00
stack at sp + 5 slots: 0x0 is NULL
stack at sp + 6 slots: 0xfffffffffffffffe is an unknown value
stack at sp + 7 slots: 0x0 is NULL


---------------  P R O C E S S  ---------------

Threads class SMR info:
_java_thread_list=0x00000263170125f0, length=13, elements={
0x000002637f2b46e0, 0x000002637f2b52b0, 0x000002637fc058f0, 0x000002637fc08210,
0x000002637fc08b20, 0x000002637fc09430, 0x000002637fc0a070, 0x000002637fc0aa70,
0x000002637fc0dbe0, 0x000002637fd1a860, 0x000002637fdbf7c0, 0x0000026372baa380,
0x0000026317267910
}

Java Threads: ( => current thread )
  0x000002637f2b46e0 JavaThread "Reference Handler" daemon [_thread_blocked, id=16976, stack(0x0000006ac2b00000,0x0000006ac2c00000)]
=>0x000002637f2b52b0 JavaThread "Finalizer" daemon [_thread_in_native, id=1716, stack(0x0000006ac2c00000,0x0000006ac2d00000)]
  0x000002637fc058f0 JavaThread "Signal Dispatcher" daemon [_thread_blocked, id=13824, stack(0x0000006ac2d00000,0x0000006ac2e00000)]
  0x000002637fc08210 JavaThread "Attach Listener" daemon [_thread_blocked, id=6860, stack(0x0000006ac2e00000,0x0000006ac2f00000)]
  0x000002637fc08b20 JavaThread "Service Thread" daemon [_thread_blocked, id=4888, stack(0x0000006ac2f00000,0x0000006ac3000000)]
  0x000002637fc09430 JavaThread "Monitor Deflation Thread" daemon [_thread_blocked, id=18708, stack(0x0000006ac3000000,0x0000006ac3100000)]
  0x000002637fc0a070 JavaThread "C2 CompilerThread0" daemon [_thread_blocked, id=8080, stack(0x0000006ac3100000,0x0000006ac3200000)]
  0x000002637fc0aa70 JavaThread "C1 CompilerThread0" daemon [_thread_blocked, id=8084, stack(0x0000006ac3200000,0x0000006ac3300000)]
  0x000002637fc0dbe0 JavaThread "Sweeper thread" daemon [_thread_blocked, id=10724, stack(0x0000006ac3300000,0x0000006ac3400000)]
  0x000002637fd1a860 JavaThread "Common-Cleaner" daemon [_thread_blocked, id=10388, stack(0x0000006ac3400000,0x0000006ac3500000)]
  0x000002637fdbf7c0 JavaThread "Notification Thread" daemon [_thread_blocked, id=7180, stack(0x0000006ac3700000,0x0000006ac3800000)]
  0x0000026372baa380 JavaThread "DestroyJavaVM" [_thread_blocked, id=13784, stack(0x0000006ac2400000,0x0000006ac2500000)]
  0x0000026317267910 JavaThread "Thread-2" daemon [_thread_in_native, id=3880, stack(0x0000006ac4300000,0x0000006ac4400000)]

Other Threads:
  0x000002637f2af880 VMThread "VM Thread" [stack: 0x0000006ac2a00000,0x0000006ac2b00000] [id=16504]
  0x0000026372bab190 WatcherThread [stack: 0x0000006ac3800000,0x0000006ac3900000] [id=18840]
  0x0000026372bfcd40 GCTaskThread "GC Thread#0" [stack: 0x0000006ac2500000,0x0000006ac2600000] [id=4256]
  0x0000026316d01460 GCTaskThread "GC Thread#1" [stack: 0x0000006ac3500000,0x0000006ac3600000] [id=15996]
  0x0000026317a101d0 GCTaskThread "GC Thread#2" [stack: 0x0000006ac3d00000,0x0000006ac3e00000] [id=18324]
  0x000002637fca7490 GCTaskThread "GC Thread#3" [stack: 0x0000006ac3e00000,0x0000006ac3f00000] [id=5736]
  0x000002637fca77a0 GCTaskThread "GC Thread#4" [stack: 0x0000006ac3f00000,0x0000006ac4000000] [id=17640]
  0x000002631793cc40 GCTaskThread "GC Thread#5" [stack: 0x0000006ac4000000,0x0000006ac4100000] [id=10920]
  0x00000263172df9d0 GCTaskThread "GC Thread#6" [stack: 0x0000006ac4100000,0x0000006ac4200000] [id=1672]
  0x0000026372c0e360 ConcurrentGCThread "G1 Main Marker" [stack: 0x0000006ac2600000,0x0000006ac2700000] [id=10832]
  0x0000026372c10bf0 ConcurrentGCThread "G1 Conc#0" [stack: 0x0000006ac2700000,0x0000006ac2800000] [id=12368]
  0x0000026372c8e7b0 ConcurrentGCThread "G1 Refine#0" [stack: 0x0000006ac2800000,0x0000006ac2900000] [id=18468]
  0x000002637f169330 ConcurrentGCThread "G1 Service" [stack: 0x0000006ac2900000,0x0000006ac2a00000] [id=15372]

Threads with active compile tasks:

VM state: not at safepoint (normal execution)

VM Mutex/Monitor currently owned by a thread: None

Heap address: 0x0000000709400000, size: 3948 MB, Compressed Oops mode: Zero based, Oop shift amount: 3

CDS archive(s) mapped at: [0x0000000800000000-0x0000000800bb0000-0x0000000800bb0000), size 12255232, SharedBaseAddress: 0x0000000800000000, ArchiveRelocationMode: 0.
Compressed class space mapped at: 0x0000000800c00000-0x0000000840c00000, reserved size: 1073741824
Narrow klass base: 0x0000000800000000, Narrow klass shift: 3, Narrow klass range: 0x100000000

GC Precious Log:
 CPUs: 16 total, 16 available
 Memory: 15789M
 Large Page Support: Disabled
 NUMA Support: Disabled
 Compressed Oops: Enabled (Zero based)
 Heap Region Size: 2M
 Heap Min Capacity: 8M
 Heap Initial Capacity: 248M
 Heap Max Capacity: 3948M
 Pre-touch: Disabled
 Parallel Workers: 13
 Concurrent Workers: 3
 Concurrent Refinement Workers: 13
 Periodic GC: Disabled

Heap:
 garbage-first heap   total 14336K, used 2136K [0x0000000709400000, 0x0000000800000000)
  region size 2048K, 1 young (2048K), 0 survivors (0K)
 Metaspace       used 6348K, committed 6528K, reserved 1056768K
  class space    used 593K, committed 704K, reserved 1048576K

Heap Regions: E=young(eden), S=young(survivor), O=old, HS=humongous(starts), HC=humongous(continues), CS=collection set, F=free, OA=open archive, CA=closed archive, TAMS=top-at-mark-start (previous, next)
|   0|0x0000000709400000, 0x0000000709600000, 0x0000000709600000|100%| O|  |TAMS 0x0000000709400000, 0x0000000709400000| Untracked 
|   1|0x0000000709600000, 0x0000000709616098, 0x0000000709800000|  4%| O|  |TAMS 0x0000000709600000, 0x0000000709600000| Untracked 
|   2|0x0000000709800000, 0x0000000709800000, 0x0000000709a00000|  0%| F|  |TAMS 0x0000000709800000, 0x0000000709800000| Untracked 
|   3|0x0000000709a00000, 0x0000000709a00000, 0x0000000709c00000|  0%| F|  |TAMS 0x0000000709a00000, 0x0000000709a00000| Untracked 
|   4|0x0000000709c00000, 0x0000000709c00000, 0x0000000709e00000|  0%| F|  |TAMS 0x0000000709c00000, 0x0000000709c00000| Untracked 
|   5|0x0000000709e00000, 0x0000000709e00000, 0x000000070a000000|  0%| F|  |TAMS 0x0000000709e00000, 0x0000000709e00000| Untracked 
|   6|0x000000070a000000, 0x000000070a0021f8, 0x000000070a200000|  0%| E|  |TAMS 0x000000070a000000, 0x000000070a000000| Complete 

Card table byte_map: [0x000002637b370000,0x000002637bb30000] _byte_map_base: 0x0000026377b26000

Marking Bits (Prev, Next): (CMBitMap*) 0x0000026372bfe2d0, (CMBitMap*) 0x0000026372bfe310
 Prev Bits: [0x000002630f000000, 0x0000026312db0000)
 Next Bits: [0x0000026312db0000, 0x0000026316b60000)

Polling page: 0x0000026370b80000

Metaspace:

Usage:
  Non-class:      5.62 MB used.
      Class:    593.37 KB used.
       Both:      6.20 MB used.

Virtual space:
  Non-class space:        8.00 MB reserved,       5.69 MB ( 71%) committed,  1 nodes.
      Class space:        1.00 GB reserved,     704.00 KB ( <1%) committed,  1 nodes.
              Both:        1.01 GB reserved,       6.38 MB ( <1%) committed. 

Chunk freelists:
   Non-Class:  672.00 KB
       Class:  3.36 MB
        Both:  4.02 MB

MaxMetaspaceSize: 17179869184.00 GB
CompressedClassSpaceSize: 1.00 GB
 - commit_granule_bytes: 65536.
 - commit_granule_words: 8192.
 - virtual_space_node_default_size: 1048576.
 - enlarge_chunks_in_place: 1.
 - new_chunks_are_fully_committed: 0.
 - uncommit_free_chunks: 1.
 - use_allocation_guard: 0.
 - handle_deallocations: 1.


Internal statistics:

num_allocs_failed_limit: 0.
num_arena_births: 36.
num_arena_deaths: 0.
num_vsnodes_births: 2.
num_vsnodes_deaths: 0.
num_space_committed: 102.
num_space_uncommitted: 0.
num_chunks_returned_to_freelist: 0.
num_chunks_taken_from_freelist: 175.
num_chunk_merges: 0.
num_chunk_splits: 146.
num_chunks_enlarged: 129.
num_purges: 0.

CodeHeap 'non-profiled nmethods': size=119168Kb used=286Kb max_used=286Kb free=118881Kb
 bounds [0x0000026307ba0000, 0x0000026307e10000, 0x000002630f000000]
CodeHeap 'profiled nmethods': size=119104Kb used=1435Kb max_used=1435Kb free=117668Kb
 bounds [0x0000026300750000, 0x00000263009c0000, 0x0000026307ba0000]
CodeHeap 'non-nmethods': size=7488Kb used=1165Kb max_used=1747Kb free=6323Kb
 bounds [0x0000026300000000, 0x0000026300270000, 0x0000026300750000]
 total_blobs=1314 nmethods=863 adapters=364
 compilation: enabled
              stopped_count=0, restarted_count=0
 full_count=0

Compilation events (20 events):
Event: 30.625 Thread 0x000002637fc0aa70  854       3       sun.nio.cs.UTF_8$Encoder::encodeArrayLoop (489 bytes)
Event: 30.626 Thread 0x000002637fc0a070  855       4       java.lang.AbstractStringBuilder::isLatin1 (19 bytes)
Event: 30.627 Thread 0x000002637fc0a070 nmethod 855 0x0000026307be7790 code [0x0000026307be7920, 0x0000026307be79b8]
Event: 30.627 Thread 0x000002637fc0aa70 nmethod 854 0x00000263008af290 code [0x00000263008af8a0, 0x00000263008b2e68]
Event: 30.633 Thread 0x000002637fc0aa70  856       3       java.nio.charset.CoderResult::isUnderflow (13 bytes)
Event: 30.633 Thread 0x000002637fc0aa70 nmethod 856 0x00000263008b3f90 code [0x00000263008b4120, 0x00000263008b4298]
Event: 30.637 Thread 0x000002637fc0aa70  858   !   3       java.io.BufferedWriter::write (117 bytes)
Event: 30.637 Thread 0x000002637fc0aa70 nmethod 858 0x00000263008b4310 code [0x00000263008b4520, 0x00000263008b4b28]
Event: 30.637 Thread 0x000002637fc0aa70  857       3       java.io.Writer::write (11 bytes)
Event: 30.637 Thread 0x000002637fc0aa70 nmethod 857 0x00000263008b4e90 code [0x00000263008b5060, 0x00000263008b5348]
Event: 30.637 Thread 0x000002637fc0aa70  859       3       java.io.BufferedWriter::min (9 bytes)
Event: 30.637 Thread 0x000002637fc0aa70 nmethod 859 0x00000263008b5490 code [0x00000263008b5640, 0x00000263008b57b8]
Event: 30.637 Thread 0x000002637fc0aa70  860       3       java.io.PrintStream::ensureOpen (18 bytes)
Event: 30.637 Thread 0x000002637fc0aa70 nmethod 860 0x00000263008b5890 code [0x00000263008b5a40, 0x00000263008b5c68]
Event: 30.637 Thread 0x000002637fc0aa70  861  s    3       java.io.BufferedOutputStream::flush (12 bytes)
Event: 30.638 Thread 0x000002637fc0aa70 nmethod 861 0x00000263008b5d10 code [0x00000263008b5ee0, 0x00000263008b62f8]
Event: 30.638 Thread 0x000002637fc0aa70  862       3       java.io.BufferedOutputStream::flushBuffer (29 bytes)
Event: 30.638 Thread 0x000002637fc0aa70 nmethod 862 0x00000263008b6410 code [0x00000263008b65c0, 0x00000263008b6808]
Event: 30.638 Thread 0x000002637fc0aa70  863       3       java.io.OutputStream::flush (1 bytes)
Event: 30.638 Thread 0x000002637fc0aa70 nmethod 863 0x00000263008b6910 code [0x00000263008b6aa0, 0x00000263008b6bb8]

GC Heap History (6 events):
Event: 30.557 GC heap before
{Heap before GC invocations=0 (full 0):
 garbage-first heap   total 253952K, used 20480K [0x0000000709400000, 0x0000000800000000)
  region size 2048K, 11 young (22528K), 0 survivors (0K)
 Metaspace       used 6211K, committed 6336K, reserved 1056768K
  class space    used 580K, committed 640K, reserved 1048576K
}
Event: 30.562 GC heap after
{Heap after GC invocations=1 (full 1):
 garbage-first heap   total 34816K, used 2186K [0x0000000709400000, 0x0000000800000000)
  region size 2048K, 0 young (0K), 0 survivors (0K)
 Metaspace       used 6211K, committed 6336K, reserved 1056768K
  class space    used 580K, committed 640K, reserved 1048576K
}
Event: 30.572 GC heap before
{Heap before GC invocations=1 (full 1):
 garbage-first heap   total 34816K, used 2186K [0x0000000709400000, 0x0000000800000000)
  region size 2048K, 1 young (2048K), 0 survivors (0K)
 Metaspace       used 6224K, committed 6336K, reserved 1056768K
  class space    used 582K, committed 640K, reserved 1048576K
}
Event: 30.579 GC heap after
{Heap after GC invocations=2 (full 2):
 garbage-first heap   total 14336K, used 2149K [0x0000000709400000, 0x0000000800000000)
  region size 2048K, 0 young (0K), 0 survivors (0K)
 Metaspace       used 6224K, committed 6336K, reserved 1056768K
  class space    used 582K, committed 640K, reserved 1048576K
}
Event: 30.638 GC heap before
{Heap before GC invocations=2 (full 2):
 garbage-first heap   total 14336K, used 2149K [0x0000000709400000, 0x0000000800000000)
  region size 2048K, 1 young (2048K), 0 survivors (0K)
 Metaspace       used 6305K, committed 6528K, reserved 1056768K
  class space    used 588K, committed 704K, reserved 1048576K
}
Event: 30.645 GC heap after
{Heap after GC invocations=3 (full 3):
 garbage-first heap   total 14336K, used 2134K [0x0000000709400000, 0x0000000800000000)
  region size 2048K, 0 young (0K), 0 survivors (0K)
 Metaspace       used 6305K, committed 6528K, reserved 1056768K
  class space    used 588K, committed 704K, reserved 1048576K
}

Deoptimization events (20 events):
Event: 0.100 Thread 0x0000026372baa380 Uncommon trap: trap_request=0xffffff45 fr.pc=0x0000026307baf6cc relative=0x00000000000007cc
Event: 0.100 Thread 0x0000026372baa380 Uncommon trap: reason=unstable_if action=reinterpret pc=0x0000026307baf6cc method=java.util.HashMap.putVal(ILjava/lang/Object;Ljava/lang/Object;ZZ)Ljava/lang/Object; @ 236 c2
Event: 0.100 Thread 0x0000026372baa380 DEOPT PACKING pc=0x0000026307baf6cc sp=0x0000006ac24fc9f0
Event: 0.100 Thread 0x0000026372baa380 DEOPT UNPACKING pc=0x000002630004d72e sp=0x0000006ac24fc998 mode 2
Event: 0.182 Thread 0x0000026372baa380 DEOPT PACKING pc=0x0000026300767de7 sp=0x0000006ac24fded0
Event: 0.182 Thread 0x0000026372baa380 DEOPT UNPACKING pc=0x000002630004dece sp=0x0000006ac24fd2f0 mode 0
Event: 0.206 Thread 0x0000026372baa380 DEOPT PACKING pc=0x0000026300757ad1 sp=0x0000006ac24fdeb0
Event: 0.206 Thread 0x0000026372baa380 DEOPT UNPACKING pc=0x000002630004dece sp=0x0000006ac24fd328 mode 0
Event: 4.271 Thread 0x0000026372baa380 DEOPT PACKING pc=0x000002630088740c sp=0x0000006ac24f9b10
Event: 4.271 Thread 0x0000026372baa380 DEOPT UNPACKING pc=0x000002630004dece sp=0x0000006ac24f9010 mode 0
Event: 4.271 Thread 0x0000026372baa380 Uncommon trap: trap_request=0xfffffff4 fr.pc=0x0000026307bd9f10 relative=0x0000000000002f10
Event: 4.271 Thread 0x0000026372baa380 Uncommon trap: reason=null_check action=make_not_entrant pc=0x0000026307bd9f10 method=com.trolltech.qt.internal.QtJambiInternal.isSignal(Ljava/lang/Class;)Z @ 4 c2
Event: 4.271 Thread 0x0000026372baa380 DEOPT PACKING pc=0x0000026307bd9f10 sp=0x0000006ac24f9b10
Event: 4.271 Thread 0x0000026372baa380 DEOPT UNPACKING pc=0x000002630004d72e sp=0x0000006ac24f9a18 mode 2
Event: 16.432 Thread 0x0000026372baa380 DEOPT PACKING pc=0x000002630083a3f6 sp=0x0000006ac24f4660
Event: 16.432 Thread 0x0000026372baa380 DEOPT UNPACKING pc=0x000002630004dece sp=0x0000006ac24f3b98 mode 0
Event: 30.562 Thread 0x000002637f2b52b0 Uncommon trap: trap_request=0xffffff45 fr.pc=0x0000026307be2a00 relative=0x00000000000000e0
Event: 30.562 Thread 0x000002637f2b52b0 Uncommon trap: reason=unstable_if action=reinterpret pc=0x0000026307be2a00 method=java.lang.ref.SoftReference.get()Ljava/lang/Object; @ 17 c2
Event: 30.562 Thread 0x000002637f2b52b0 DEOPT PACKING pc=0x0000026307be2a00 sp=0x0000006ac2cfdae0
Event: 30.562 Thread 0x000002637f2b52b0 DEOPT UNPACKING pc=0x000002630004d72e sp=0x0000006ac2cfda98 mode 2

Classes unloaded (0 events):
No events

Classes redefined (0 events):
No events

Internal exceptions (20 events):
Event: 12.347 Thread 0x0000026372baa380 Exception <a 'java/lang/NoSuchFieldError'{0x00000007178a9208}: com.trolltech.qt.gui.QStandardItemModel.columnsAboutToBeInserted Lcom/trolltech/qt/QSignalEmitter$Signal3;> (0x00000007178a9208) 
thrown [t:\workspace\open\src\hotspot\share\prims\jni.cpp, line 1897]
Event: 12.347 Thread 0x0000026372baa380 Exception <a 'java/lang/NoSuchFieldError'{0x00000007178a9570}: com.trolltech.qt.gui.QStandardItemModel.columnsAboutToBeRemoved Lcom/trolltech/qt/QSignalEmitter$Signal3;> (0x00000007178a9570) 
thrown [t:\workspace\open\src\hotspot\share\prims\jni.cpp, line 1897]
Event: 12.347 Thread 0x0000026372baa380 Exception <a 'java/lang/NoSuchFieldError'{0x00000007178a98d0}: com.trolltech.qt.gui.QStandardItemModel.columnsInserted Lcom/trolltech/qt/QSignalEmitter$Signal3;> (0x00000007178a98d0) 
thrown [t:\workspace\open\src\hotspot\share\prims\jni.cpp, line 1897]
Event: 12.347 Thread 0x0000026372baa380 Exception <a 'java/lang/NoSuchFieldError'{0x00000007178a9c28}: com.trolltech.qt.gui.QStandardItemModel.columnsRemoved Lcom/trolltech/qt/QSignalEmitter$Signal3;> (0x00000007178a9c28) 
thrown [t:\workspace\open\src\hotspot\share\prims\jni.cpp, line 1897]
Event: 12.347 Thread 0x0000026372baa380 Exception <a 'java/lang/NoSuchFieldError'{0x00000007178a9f88}: com.trolltech.qt.gui.QStandardItemModel.modelAboutToBeReset Lcom/trolltech/qt/QSignalEmitter$Signal0;> (0x00000007178a9f88) 
thrown [t:\workspace\open\src\hotspot\share\prims\jni.cpp, line 1897]
Event: 12.347 Thread 0x0000026372baa380 Exception <a 'java/lang/NoSuchFieldError'{0x00000007178aa2e0}: com.trolltech.qt.gui.QStandardItemModel.modelReset Lcom/trolltech/qt/QSignalEmitter$Signal0;> (0x00000007178aa2e0) 
thrown [t:\workspace\open\src\hotspot\share\prims\jni.cpp, line 1897]
Event: 12.347 Thread 0x0000026372baa380 Exception <a 'java/lang/NoSuchFieldError'{0x00000007178aa640}: com.trolltech.qt.gui.QStandardItemModel.rowsAboutToBeInserted Lcom/trolltech/qt/QSignalEmitter$Signal3;> (0x00000007178aa640) 
thrown [t:\workspace\open\src\hotspot\share\prims\jni.cpp, line 1897]
Event: 12.347 Thread 0x0000026372baa380 Exception <a 'java/lang/NoSuchFieldError'{0x00000007178aa9a0}: com.trolltech.qt.gui.QStandardItemModel.rowsAboutToBeRemoved Lcom/trolltech/qt/QSignalEmitter$Signal3;> (0x00000007178aa9a0) 
thrown [t:\workspace\open\src\hotspot\share\prims\jni.cpp, line 1897]
Event: 12.347 Thread 0x0000026372baa380 Exception <a 'java/lang/NoSuchFieldError'{0x00000007178aacf8}: com.trolltech.qt.gui.QStandardItemModel.rowsInserted Lcom/trolltech/qt/QSignalEmitter$Signal3;> (0x00000007178aacf8) 
thrown [t:\workspace\open\src\hotspot\share\prims\jni.cpp, line 1897]
Event: 12.347 Thread 0x0000026372baa380 Exception <a 'java/lang/NoSuchFieldError'{0x00000007178ab050}: com.trolltech.qt.gui.QStandardItemModel.rowsRemoved Lcom/trolltech/qt/QSignalEmitter$Signal3;> (0x00000007178ab050) 
thrown [t:\workspace\open\src\hotspot\share\prims\jni.cpp, line 1897]
Event: 19.917 Thread 0x0000026372baa380 Exception <a 'java/lang/NoSuchFieldError'{0x000000071763bec0}: com.trolltech.qt.core.QAbstractListModel.columnsAboutToBeInserted Lcom/trolltech/qt/QSignalEmitter$Signal3;> (0x000000071763bec0) 
thrown [t:\workspace\open\src\hotspot\share\prims\jni.cpp, line 1897]
Event: 19.917 Thread 0x0000026372baa380 Exception <a 'java/lang/NoSuchFieldError'{0x000000071763c228}: com.trolltech.qt.core.QAbstractListModel.columnsAboutToBeRemoved Lcom/trolltech/qt/QSignalEmitter$Signal3;> (0x000000071763c228) 
thrown [t:\workspace\open\src\hotspot\share\prims\jni.cpp, line 1897]
Event: 19.917 Thread 0x0000026372baa380 Exception <a 'java/lang/NoSuchFieldError'{0x000000071763c588}: com.trolltech.qt.core.QAbstractListModel.columnsInserted Lcom/trolltech/qt/QSignalEmitter$Signal3;> (0x000000071763c588) 
thrown [t:\workspace\open\src\hotspot\share\prims\jni.cpp, line 1897]
Event: 19.917 Thread 0x0000026372baa380 Exception <a 'java/lang/NoSuchFieldError'{0x000000071763c8e8}: com.trolltech.qt.core.QAbstractListModel.columnsRemoved Lcom/trolltech/qt/QSignalEmitter$Signal3;> (0x000000071763c8e8) 
thrown [t:\workspace\open\src\hotspot\share\prims\jni.cpp, line 1897]
Event: 19.917 Thread 0x0000026372baa380 Exception <a 'java/lang/NoSuchFieldError'{0x000000071763cc48}: com.trolltech.qt.core.QAbstractListModel.modelAboutToBeReset Lcom/trolltech/qt/QSignalEmitter$Signal0;> (0x000000071763cc48) 
thrown [t:\workspace\open\src\hotspot\share\prims\jni.cpp, line 1897]
Event: 19.917 Thread 0x0000026372baa380 Exception <a 'java/lang/NoSuchFieldError'{0x000000071763cfa0}: com.trolltech.qt.core.QAbstractListModel.modelReset Lcom/trolltech/qt/QSignalEmitter$Signal0;> (0x000000071763cfa0) 
thrown [t:\workspace\open\src\hotspot\share\prims\jni.cpp, line 1897]
Event: 19.917 Thread 0x0000026372baa380 Exception <a 'java/lang/NoSuchFieldError'{0x000000071763d300}: com.trolltech.qt.core.QAbstractListModel.rowsAboutToBeInserted Lcom/trolltech/qt/QSignalEmitter$Signal3;> (0x000000071763d300) 
thrown [t:\workspace\open\src\hotspot\share\prims\jni.cpp, line 1897]
Event: 19.918 Thread 0x0000026372baa380 Exception <a 'java/lang/NoSuchFieldError'{0x000000071763d660}: com.trolltech.qt.core.QAbstractListModel.rowsAboutToBeRemoved Lcom/trolltech/qt/QSignalEmitter$Signal3;> (0x000000071763d660) 
thrown [t:\workspace\open\src\hotspot\share\prims\jni.cpp, line 1897]
Event: 19.918 Thread 0x0000026372baa380 Exception <a 'java/lang/NoSuchFieldError'{0x000000071763d9b8}: com.trolltech.qt.core.QAbstractListModel.rowsInserted Lcom/trolltech/qt/QSignalEmitter$Signal3;> (0x000000071763d9b8) 
thrown [t:\workspace\open\src\hotspot\share\prims\jni.cpp, line 1897]
Event: 19.918 Thread 0x0000026372baa380 Exception <a 'java/lang/NoSuchFieldError'{0x000000071763dd10}: com.trolltech.qt.core.QAbstractListModel.rowsRemoved Lcom/trolltech/qt/QSignalEmitter$Signal3;> (0x000000071763dd10) 
thrown [t:\workspace\open\src\hotspot\share\prims\jni.cpp, line 1897]

Events (20 events):
Event: 30.562 loading class java/lang/ref/Finalizer$1
Event: 30.562 loading class java/lang/ref/Finalizer$1 done
Event: 30.562 Thread 0x000002637fffb750 Thread added: 0x000002637fffb750
Event: 30.563 Thread 0x000002637fffb750 Thread exited: 0x000002637fffb750
Event: 30.572 Executing  VM operation: G1CollectFull
Event: 30.579 Executing  VM operation: G1CollectFull done
Event: 30.579 Thread 0x000002637fffb750 Thread added: 0x000002637fffb750
Event: 30.579 Thread 0x000002637fffb750 Thread exited: 0x000002637fffb750
Event: 30.579 Thread 0x0000026372baa380 Thread exited: 0x0000026372baa380
Event: 30.579 Thread 0x0000026372baa380 Thread added: 0x0000026372baa380
Event: 30.580 Thread 0x000002637fffb750 Thread added: 0x000002637fffb750
Event: 30.581 loading class java/lang/Throwable$WrappedPrintStream
Event: 30.581 loading class java/lang/Throwable$PrintStreamOrWriter
Event: 30.581 loading class java/lang/Throwable$PrintStreamOrWriter done
Event: 30.581 loading class java/lang/Throwable$WrappedPrintStream done
Event: 30.582 loading class java/lang/StackTraceElement$HashedModules
Event: 30.582 loading class java/lang/StackTraceElement$HashedModules done
Event: 30.638 Executing  VM operation: G1CollectFull
Event: 30.645 Executing  VM operation: G1CollectFull done
Event: 30.645 Thread 0x0000026317267910 Thread added: 0x0000026317267910


Dynamic libraries:
0x00007ff633c00000 - 0x00007ff633c10000 	C:\Program Files\Java\jdk-16.0.1\bin\java.exe
0x00007ffdfbb90000 - 0x00007ffdfbd85000 	C:\WINDOWS\SYSTEM32\ntdll.dll
0x00007ffdfaa80000 - 0x00007ffdfab3e000 	C:\WINDOWS\System32\KERNEL32.DLL
0x00007ffdf95e0000 - 0x00007ffdf98a8000 	C:\WINDOWS\System32\KERNELBASE.dll
0x00007ffdf92b0000 - 0x00007ffdf93b0000 	C:\WINDOWS\System32\ucrtbase.dll
0x00007ffdf0270000 - 0x00007ffdf0288000 	C:\Program Files\Java\jdk-16.0.1\bin\jli.dll
0x00007ffdd8160000 - 0x00007ffdd8179000 	C:\Program Files\Java\jdk-16.0.1\bin\VCRUNTIME140.dll
0x00007ffdfb010000 - 0x00007ffdfb0bc000 	C:\WINDOWS\System32\ADVAPI32.dll
0x00007ffdf9fa0000 - 0x00007ffdfa03e000 	C:\WINDOWS\System32\msvcrt.dll
0x00007ffdfa2a0000 - 0x00007ffdfa33b000 	C:\WINDOWS\System32\sechost.dll
0x00007ffdfba20000 - 0x00007ffdfbb4a000 	C:\WINDOWS\System32\RPCRT4.dll
0x00007ffdfa0f0000 - 0x00007ffdfa291000 	C:\WINDOWS\System32\USER32.dll
0x00007ffdf9400000 - 0x00007ffdf9422000 	C:\WINDOWS\System32\win32u.dll
0x00007ffde8b90000 - 0x00007ffde8e2a000 	C:\WINDOWS\WinSxS\amd64_microsoft.windows.common-controls_6595b64144ccf1df_6.0.19041.1110_none_60b5254171f9507e\COMCTL32.dll
0x00007ffdf9f60000 - 0x00007ffdf9f8b000 	C:\WINDOWS\System32\GDI32.dll
0x00007ffdf94d0000 - 0x00007ffdf95db000 	C:\WINDOWS\System32\gdi32full.dll
0x00007ffdf9430000 - 0x00007ffdf94cd000 	C:\WINDOWS\System32\msvcp_win.dll
0x00007ffdf2f70000 - 0x00007ffdf2f7a000 	C:\WINDOWS\SYSTEM32\VERSION.dll
0x00007ffdfb7c0000 - 0x00007ffdfb7f0000 	C:\WINDOWS\System32\IMM32.DLL
0x00007ffdea6b0000 - 0x00007ffdea6bc000 	C:\Program Files\Java\jdk-16.0.1\bin\vcruntime140_1.dll
0x00007ffdbc7d0000 - 0x00007ffdbc861000 	C:\Program Files\Java\jdk-16.0.1\bin\msvcp140.dll
0x00007ffdbc870000 - 0x00007ffdbd41b000 	C:\Program Files\Java\jdk-16.0.1\bin\server\jvm.dll
0x00007ffdf9f90000 - 0x00007ffdf9f98000 	C:\WINDOWS\System32\PSAPI.DLL
0x00007ffde3f20000 - 0x00007ffde3f29000 	C:\WINDOWS\SYSTEM32\WSOCK32.dll
0x00007ffdfafa0000 - 0x00007ffdfb00b000 	C:\WINDOWS\System32\WS2_32.dll
0x00007ffdf1180000 - 0x00007ffdf11a7000 	C:\WINDOWS\SYSTEM32\WINMM.dll
0x00007ffdf71b0000 - 0x00007ffdf71c2000 	C:\WINDOWS\SYSTEM32\kernel.appcore.dll
0x00007ffde93b0000 - 0x00007ffde93ba000 	C:\Program Files\Java\jdk-16.0.1\bin\jimage.dll
0x00007ffde27a0000 - 0x00007ffde2984000 	C:\WINDOWS\SYSTEM32\DBGHELP.DLL
0x00007ffde3dd0000 - 0x00007ffde3dfc000 	C:\WINDOWS\SYSTEM32\dbgcore.DLL
0x00007ffdf9910000 - 0x00007ffdf9993000 	C:\WINDOWS\System32\bcryptPrimitives.dll
0x00007ffdc9240000 - 0x00007ffdc9265000 	C:\Program Files\Java\jdk-16.0.1\bin\java.dll
0x00007ffdfa340000 - 0x00007ffdfaa7f000 	C:\WINDOWS\System32\SHELL32.dll
0x00007ffdf73b0000 - 0x00007ffdf7b40000 	C:\WINDOWS\SYSTEM32\windows.storage.dll
0x00007ffdfabb0000 - 0x00007ffdfaf05000 	C:\WINDOWS\System32\combase.dll
0x00007ffdf8c90000 - 0x00007ffdf8cbe000 	C:\WINDOWS\SYSTEM32\Wldp.dll
0x00007ffdf9d00000 - 0x00007ffdf9dad000 	C:\WINDOWS\System32\SHCORE.dll
0x00007ffdfb760000 - 0x00007ffdfb7b5000 	C:\WINDOWS\System32\shlwapi.dll
0x00007ffdf91f0000 - 0x00007ffdf920f000 	C:\WINDOWS\SYSTEM32\profapi.dll
0x00007ffdd8140000 - 0x00007ffdd8159000 	C:\Program Files\Java\jdk-16.0.1\bin\net.dll
0x00007ffdf1800000 - 0x00007ffdf190c000 	C:\WINDOWS\SYSTEM32\WINHTTP.dll
0x00007ffdf89f0000 - 0x00007ffdf8a5a000 	C:\WINDOWS\system32\mswsock.dll
0x00007ffdd7f70000 - 0x00007ffdd7f83000 	C:\Program Files\Java\jdk-16.0.1\bin\nio.dll
0x00007ffdc9220000 - 0x00007ffdc9238000 	C:\Program Files\Java\jdk-16.0.1\bin\zip.dll
0x00007ffde8410000 - 0x00007ffde8420000 	C:\Program Files\Java\jdk-16.0.1\bin\verify.dll
0x00000000613f0000 - 0x00000000616d1000 	C:\Users\DANILOR\AppData\Local\Temp\QtJambi_DANILOR_amd64_4.8.6_msvc2012x64-20150117-2107\lib\QtCore4.dll
0x00007ffdfb150000 - 0x00007ffdfb27a000 	C:\WINDOWS\System32\ole32.dll
0x00007ffdc5e40000 - 0x00007ffdc5ee7000 	C:\WINDOWS\SYSTEM32\MSVCP110.dll
0x00007ffdc5d60000 - 0x00007ffdc5e34000 	C:\WINDOWS\SYSTEM32\MSVCR110.dll
0x00007ffde2590000 - 0x00007ffde25d0000 	C:\Users\DANILOR\AppData\Local\Temp\QtJambi_DANILOR_amd64_4.8.6_msvc2012x64-20150117-2107\lib\qtjambi.dll
0x00007ffdc8190000 - 0x00007ffdc82c0000 	C:\Users\DANILOR\AppData\Local\Temp\QtJambi_DANILOR_amd64_4.8.6_msvc2012x64-20150117-2107\lib\com_trolltech_qt_core.dll
0x0000000060a70000 - 0x00000000613e6000 	C:\Users\DANILOR\AppData\Local\Temp\QtJambi_DANILOR_amd64_4.8.6_msvc2012x64-20150117-2107\lib\QtGui4.dll
0x00007ffdf9db0000 - 0x00007ffdf9e8a000 	C:\WINDOWS\System32\COMDLG32.dll
0x00007ffdf9e90000 - 0x00007ffdf9f5d000 	C:\WINDOWS\System32\OLEAUT32.dll
0x00007ffde8af0000 - 0x00007ffde8b85000 	C:\WINDOWS\SYSTEM32\WINSPOOL.DRV
0x00007ffd9d670000 - 0x00007ffd9dd9f000 	C:\Users\DANILOR\AppData\Local\Temp\QtJambi_DANILOR_amd64_4.8.6_msvc2012x64-20150117-2107\lib\com_trolltech_qt_gui.dll
0x00007ffdf6cd0000 - 0x00007ffdf6d6e000 	C:\WINDOWS\system32\uxtheme.dll
0x00007ffdd1e50000 - 0x00007ffdd1f81000 	C:\ProgramData\A-Volute\A-Volute.SonicStudio3\Modules\ScheduledModules\x64\AudioDevProps2.dll
0x00007ffdf9be0000 - 0x00007ffdf9cf5000 	C:\WINDOWS\System32\MSCTF.dll
0x00007ffdeb1f0000 - 0x00007ffdeb2e9000 	C:\WINDOWS\SYSTEM32\textinputframework.dll
0x00007ffdf6550000 - 0x00007ffdf68ae000 	C:\WINDOWS\System32\CoreUIComponents.dll
0x00007ffdf68b0000 - 0x00007ffdf69a2000 	C:\WINDOWS\System32\CoreMessaging.dll
0x00007ffdf7fa0000 - 0x00007ffdf7fd3000 	C:\WINDOWS\SYSTEM32\ntmarta.dll
0x00007ffdf51f0000 - 0x00007ffdf5344000 	C:\WINDOWS\SYSTEM32\wintypes.dll
0x00007ffde80b0000 - 0x00007ffde8160000 	C:\WINDOWS\WinSxS\amd64_microsoft.windows.common-controls_6595b64144ccf1df_5.82.19041.1110_none_792d1c772443f647\comctl32.dll
0x00007ffdfa040000 - 0x00007ffdfa0e9000 	C:\WINDOWS\System32\clbcatq.dll
0x00007ffdf2b50000 - 0x00007ffdf2b8b000 	C:\WINDOWS\SYSTEM32\dxcore.dll
0x00007ffdf93b0000 - 0x00007ffdf93fe000 	C:\WINDOWS\System32\cfgmgr32.dll

dbghelp: loaded successfully - version: 4.0.5 - missing functions: none
symbol engine: initialized successfully - sym options: 0x614 - pdb path: .;C:\Program Files\Java\jdk-16.0.1\bin;C:\WINDOWS\SYSTEM32;C:\WINDOWS\WinSxS\amd64_microsoft.windows.common-controls_6595b64144ccf1df_6.0.19041.1110_none_60b5254171f9507e;C:\Program Files\Java\jdk-16.0.1\bin\server;C:\Users\DANILOR\AppData\Local\Temp\QtJambi_DANILOR_amd64_4.8.6_msvc2012x64-20150117-2107\lib;C:\ProgramData\A-Volute\A-Volute.SonicStudio3\Modules\ScheduledModules\x64;C:\WINDOWS\WinSxS\amd64_microsoft.windows.common-controls_6595b64144ccf1df_5.82.19041.1110_none_792d1c772443f647

VM Arguments:
jvm_args: -Dfile.encoding=UTF-8 --module-path=C:\Users\DANILOR\OneDrive - Educacyl\Asignaturas 2ºDAM\DI\Tareas\Tarea2\Tarea2DI\build\classes 
java_command: listaCompra.Inicio
java_class_path (initial): C:\qtjambi-4.8.6\qtjambi-4.8.6.jar;C:\qtjambi-4.8.6\qtjambi-designer-4.8.6.jar;C:\qtjambi-4.8.6\qtjambi-examples-4.8.6.jar;C:\qtjambi-4.8.6\qtjambi-examples-src-4.8.6.jar;C:\qtjambi-4.8.6\qtjambi-native-win64-msvc2012x64-4.8.6.jar;C:\Users\DANILOR\OneDrive - Educacyl\Asignaturas 2ºDAM\DI\Tareas\Tarea2\Tarea2DI\build\classes
Launcher Type: SUN_STANDARD

[Global flags]
     intx CICompilerCount                          = 12                                        {product} {ergonomic}
     uint ConcGCThreads                            = 3                                         {product} {ergonomic}
     uint G1ConcRefinementThreads                  = 13                                        {product} {ergonomic}
   size_t G1HeapRegionSize                         = 2097152                                   {product} {ergonomic}
    uintx GCDrainStackTargetSize                   = 64                                        {product} {ergonomic}
   size_t InitialHeapSize                          = 260046848                                 {product} {ergonomic}
   size_t MarkStackSize                            = 4194304                                   {product} {ergonomic}
   size_t MaxHeapSize                              = 4139778048                                {product} {ergonomic}
   size_t MaxNewSize                               = 2483027968                                {product} {ergonomic}
   size_t MinHeapDeltaBytes                        = 2097152                                   {product} {ergonomic}
   size_t MinHeapSize                              = 8388608                                   {product} {ergonomic}
    uintx NonNMethodCodeHeapSize                   = 7602480                                {pd product} {ergonomic}
    uintx NonProfiledCodeHeapSize                  = 122027880                              {pd product} {ergonomic}
    uintx ProfiledCodeHeapSize                     = 122027880                              {pd product} {ergonomic}
    uintx ReservedCodeCacheSize                    = 251658240                              {pd product} {ergonomic}
     bool SegmentedCodeCache                       = true                                      {product} {ergonomic}
   size_t SoftMaxHeapSize                          = 4139778048                             {manageable} {ergonomic}
     bool UseCompressedClassPointers               = true                           {product lp64_product} {ergonomic}
     bool UseCompressedOops                        = true                           {product lp64_product} {ergonomic}
     bool UseG1GC                                  = true                                      {product} {ergonomic}
     bool UseLargePagesIndividualAllocation        = false                                  {pd product} {ergonomic}

Logging:
Log output configuration:
 #0: stdout all=warning uptime,level,tags
 #1: stderr all=off uptime,level,tags

Environment Variables:
JAVA_HOME=C:\Program Files\Java\jdk-16.0.1
PATH=C:\oraclexe\app\oracle\product\11.2.0\server\bin;C:\Program Files\Common Files\Oracle\Java\javapath;C:\Program Files (x86)\Common Files\Oracle\Java\javapath;C:\WINDOWS\system32;C:\WINDOWS;C:\WINDOWS\System32\Wbem;C:\WINDOWS\System32\WindowsPowerShell\v1.0\;C:\WINDOWS\System32\OpenSSH\;C:\Program Files\Git\cmd;C:\Program Files\AutoFirma\AutoFirma;C:\Program Files\Microsoft VS Code\bin;C:\Program Files\Java\jdk-16.0.1\bin;C:\Program Files\Java\jdk-16.0.1\bin;C:\mingw64\bin;C:\qtjambi-4.8.6\bin;C:\Program Files\MySQL\MySQL Shell 8.0\bin\;C:\Users\DANILOR\AppData\Local\Programs\Python\Python39\Scripts\;C:\Users\DANILOR\AppData\Local\Programs\Python\Python39\;C:\Users\DANILOR\AppData\Local\Microsoft\WindowsApps;C:\Program Files\Java\jdk-16.0.1\bin;C:\Program Files\Java\jdk-16.0.1\bin;C:\mingw64\bin;C:\qtjambi-4.8.6\bin;
USERNAME=DANILOR
OS=Windows_NT
PROCESSOR_IDENTIFIER=AMD64 Family 23 Model 96 Stepping 1, AuthenticAMD



---------------  S Y S T E M  ---------------

OS:
 Windows 10 , 64 bit Build 19041 (10.0.19041.1348)
OS uptime: 6 days 12:10 hours

CPU: total 16 (initial active 16) (16 cores per cpu, 2 threads per core) family 23 model 96 stepping 1 microcode 0x0, cx8, cmov, fxsr, ht, mmx, 3dnowpref, sse, sse2, sse3, ssse3, sse4a, sse4.1, sse4.2, popcnt, lzcnt, tsc, tscinvbit, avx, avx2, aes, clmul, bmi1, bmi2, adx, sha, fma, vzeroupper, clflush, clflushopt

Memory: 4k page, system-wide physical 15789M (9411M free)
TotalPageFile size 18221M (AvailPageFile size 6799M)
current process WorkingSet (physical memory assigned to process): 68M, peak: 94M
current process commit charge ("private bytes"): 120M, peak: 381M

vm_info: Java HotSpot(TM) 64-Bit Server VM (16.0.1+9-24) for windows-amd64 JRE (16.0.1+9-24), built on Mar 26 2021 19:31:42 by "mach5one" with MS VC++ 16.7 (VS2019)

END.
