#
# A fatal error has been detected by the Java Runtime Environment:
#
#  EXCEPTION_ACCESS_VIOLATION (0xc0000005) at pc=0x000000005b4e4f8d, pid=7488, tid=12188
#
# JRE version: Java(TM) SE Runtime Environment (16.0.1+9) (build 16.0.1+9-24)
# Java VM: Java HotSpot(TM) 64-Bit Server VM (16.0.1+9-24, mixed mode, sharing, tiered, compressed oops, compressed class ptrs, g1 gc, windows-amd64)
# Problematic frame:
# C  [QtGui4.dll+0x64f8d]
#
# No core dump will be written. Minidumps are not enabled by default on client versions of Windows
#
# If you would like to submit a bug report, please visit:
#   https://bugreport.java.com/bugreport/crash.jsp
# The crash happened outside the Java Virtual Machine in native code.
# See problematic frame for where to report the bug.
#

---------------  S U M M A R Y ------------

Command Line: -Dfile.encoding=UTF-8 --module-path=D:\Curso Dam\Asignaturas 2ºDAM\DI\Tareas\Tarea2\Tarea2DI\build\classes listaCompra.Inicio

Host: AMD Ryzen 9 4900HS with Radeon Graphics         , 16 cores, 15G,  Windows 10 , 64 bit Build 19041 (10.0.19041.1348)
Time: Tue Dec  7 23:51:10 2021 Hora estándar romance elapsed time: 17.781841 seconds (0d 0h 0m 17s)

---------------  T H R E A D  ---------------

Current thread (0x0000029fbe7fe3d0):  JavaThread "Finalizer" daemon [_thread_in_native, id=12188, stack(0x000000c871a00000,0x000000c871b00000)]

Stack: [0x000000c871a00000,0x000000c871b00000],  sp=0x000000c871afeb70,  free space=1018k
Native frames: (J=compiled Java code, j=interpreted, Vv=VM code, C=native code)
C  [QtGui4.dll+0x64f8d]

Java frames: (J=compiled Java code, j=interpreted, Vv=VM code)
j  com.trolltech.qt.internal.QtJambiObject.finalize()V+0
J 938 c1 java.lang.ref.Finalizer.runFinalizer(Ljdk/internal/access/JavaLangAccess;)V java.base@16.0.1 (131 bytes) @ 0x0000029fa354b9d4 [0x0000029fa354b340+0x0000000000000694]
j  java.lang.ref.Finalizer$FinalizerThread.run()V+46 java.base@16.0.1
v  ~StubRoutines::call_stub

siginfo: EXCEPTION_ACCESS_VIOLATION (0xc0000005), reading address 0x0000000000000008


Register to memory mapping:

RIP=0x000000005b4e4f8d QtGui4.dll
RAX=0x0 is NULL
RBX=0x00000000fffffffb is an unknown value
RCX=0x0000029fbfe5b000 points into unknown readable memory: 0x0000000000000001 | 01 00 00 00 00 00 00 00
RDX=0x0000000000000001 is an unknown value
RSP=0x000000c871afeb70 is pointing into the stack for thread: 0x0000029fbe7fe3d0
RBP=0x0 is NULL
RSI=0x0000029fbfb862c0 points into unknown readable memory: 0x000000005bad65b8 | b8 65 ad 5b 00 00 00 00
RDI=0x0000029fbfb862c0 points into unknown readable memory: 0x000000005bad65b8 | b8 65 ad 5b 00 00 00 00
R8 =0x00000000000000d8 is an unknown value
R9 =0x0000000000000040 is an unknown value
R10=0x00000000000000c0 is an unknown value
R11=0xdef3fc7f9edf7f3b is an unknown value
R12=0x0000029fbfb86680 points into unknown readable memory: 0x000000005ba81378 | 78 13 a8 5b 00 00 00 00
R13=0x0000029fbfe1d7f0 points into unknown readable memory: 0x000000005ba72048 | 48 20 a7 5b 00 00 00 00
R14=0x0 is NULL
R15=0x0 is NULL


Registers:
RAX=0x0000000000000000, RBX=0x00000000fffffffb, RCX=0x0000029fbfe5b000, RDX=0x0000000000000001
RSP=0x000000c871afeb70, RBP=0x0000000000000000, RSI=0x0000029fbfb862c0, RDI=0x0000029fbfb862c0
R8 =0x00000000000000d8, R9 =0x0000000000000040, R10=0x00000000000000c0, R11=0xdef3fc7f9edf7f3b
R12=0x0000029fbfb86680, R13=0x0000029fbfe1d7f0, R14=0x0000000000000000, R15=0x0000000000000000
RIP=0x000000005b4e4f8d, EFLAGS=0x0000000000010206

Top of Stack: (sp=0x000000c871afeb70)
0x000000c871afeb70:   0000029fbfe5b000 00000000fffffffb
0x000000c871afeb80:   0000000000000000 00007ffb53366338
0x000000c871afeb90:   0000029f00000000 0000000000000000
0x000000c871afeba0:   fffffffffffffffe 0000000000000000
0x000000c871afebb0:   0000000000000000 000000005b7ffffe
0x000000c871afebc0:   0000029fbfea3390 000000005bad5fb0
0x000000c871afebd0:   0000029fbfe5b000 0000000000000000
0x000000c871afebe0:   0000000000000001 000000005b7ff864
0x000000c871afebf0:   0000029fbfb862c0 0000000000000000
0x000000c871afec00:   0000029fbfb886b0 0000000000000002
0x000000c871afec10:   fffffffffffffffe 000000005b65f993
0x000000c871afec20:   0000029fbfb862c0 00007ffb46291885
0x000000c871afec30:   0000029fbfb862c0 0000000000000000
0x000000c871afec40:   0000029fbfb87850 000000005b65f6a4
0x000000c871afec50:   fffffffffffffffe 000000005bd8cb68
0x000000c871afec60:   0000029fbfe1d7f0 000000005d09b3e3 

Instructions: (pc=0x000000005b4e4f8d)
0x000000005b4e4e8d:   73 08 48 8b 0e 48 3b cb 74 1b ff 15 d3 78 58 00
0x000000005b4e4e9d:   84 c0 75 0e ba 08 00 00 00 48 8b 0e ff 15 59 7b
0x000000005b4e4ead:   58 00 48 89 1e 48 83 c4 38 41 5e 5f 5e 5b c3 cc
0x000000005b4e4ebd:   cc cc cc 40 57 48 83 ec 20 48 8b 41 f8 48 8b fa
0x000000005b4e4ecd:   48 3b 90 40 01 00 00 74 6c 48 8b 41 f8 48 89 5c
0x000000005b4e4edd:   24 30 48 8d 59 f0 f7 80 c8 01 00 00 00 00 00 10
0x000000005b4e4eed:   74 0c 48 8b 43 20 48 8b 08 48 85 c9 75 22 41 b0
0x000000005b4e4efd:   01 ba 64 00 00 00 48 8b cb e8 25 2d 00 00 48 8b
0x000000005b4e4f0d:   4b 08 33 d2 e8 5a 78 ff ff 48 8b 43 20 48 8b 08
0x000000005b4e4f1d:   48 8b d7 ff 15 e2 ab 58 00 48 8b 5c 24 30 85 c0
0x000000005b4e4f2d:   75 13 48 8d 0d b2 cd 59 00 48 83 c4 20 5f 48 ff
0x000000005b4e4f3d:   25 d6 83 58 00 48 83 c4 20 5f c3 cc cc cc cc cc
0x000000005b4e4f4d:   cc cc cc 85 d2 74 68 57 48 83 ec 40 48 c7 44 24
0x000000005b4e4f5d:   30 fe ff ff ff 48 89 5c 24 50 8b da 48 8b f9 c7
0x000000005b4e4f6d:   44 24 20 00 00 00 00 45 33 c9 45 33 c0 33 d2 48
0x000000005b4e4f7d:   8d 4c 24 60 e8 7a 9d fd ff 90 ff 15 4b 79 58 00
0x000000005b4e4f8d:   48 8b 48 08 48 81 c1 28 01 00 00 4c 8d 4c 24 60
0x000000005b4e4f9d:   4c 8b c7 8b d3 e8 29 7f fe ff 90 48 8d 4c 24 60
0x000000005b4e4fad:   e8 de d6 fc ff 48 8b 5c 24 50 48 83 c4 40 5f f3
0x000000005b4e4fbd:   c3 cc cc 48 89 5c 24 08 48 89 6c 24 10 48 89 74
0x000000005b4e4fcd:   24 18 57 48 81 ec 80 00 00 00 48 8b f1 48 8b 09
0x000000005b4e4fdd:   48 8b fa 48 83 c1 68 ba 01 00 00 00 ff 15 71 77
0x000000005b4e4fed:   58 00 84 c0 74 08 48 8b ce e8 c5 58 fa ff 48 8b
0x000000005b4e4ffd:   0e 4c 8b c1 48 8b d9 4c 63 51 6c 8b 69 70 4d 85
0x000000005b4e500d:   d2 78 43 48 8d 44 24 20 41 b9 08 00 00 00 4c 2b
0x000000005b4e501d:   c8 66 90 4b 8b 5c d0 08 48 3b d9 74 1f 8b 17 0f
0x000000005b4e502d:   1f 40 00 39 53 f8 7d 14 4b 8d 04 d1 4c 8b c3 48
0x000000005b4e503d:   03 c3 48 8b 5c 04 20 48 3b d9 75 e7 4e 89 44 d4
0x000000005b4e504d:   20 49 ff ca 79 cd 48 3b d9 74 3e 8b 43 f8 39 07
0x000000005b4e505d:   7c 37 90 48 8b 0e 4c 8b cb 48 8b 5b 08 48 3b d9
0x000000005b4e506d:   74 0e 8b 43 f8 41 39 41 f8 7c 05 40 b7 01 eb 03
0x000000005b4e507d:   40 32 ff 48 8d 54 24 20 41 b8 08 00 00 00 ff 15 


Stack slot to memory mapping:
stack at sp + 0 slots: 0x0000029fbfe5b000 points into unknown readable memory: 0x0000000000000001 | 01 00 00 00 00 00 00 00
stack at sp + 1 slots: 0x00000000fffffffb is an unknown value
stack at sp + 2 slots: 0x0 is NULL
stack at sp + 3 slots: 0x00007ffb53366338 MSVCR110.dll
stack at sp + 4 slots: 0x0000029f00000000 is an unknown value
stack at sp + 5 slots: 0x0 is NULL
stack at sp + 6 slots: 0xfffffffffffffffe is an unknown value
stack at sp + 7 slots: 0x0 is NULL


---------------  P R O C E S S  ---------------

Threads class SMR info:
_java_thread_list=0x0000029fbf9edfc0, length=13, elements={
0x0000029fbe7fd800, 0x0000029fbe7fe3d0, 0x0000029fbe8117f0, 0x0000029fbe813110,
0x0000029fbe813a20, 0x0000029fbe814330, 0x0000029fbe814f70, 0x0000029fbe818dc0,
0x0000029fbe82e310, 0x0000029f9b5cdcc0, 0x0000029fbf5bcc60, 0x0000029f9b4e8fd0,
0x0000029fbfab2900
}

Java Threads: ( => current thread )
  0x0000029fbe7fd800 JavaThread "Reference Handler" daemon [_thread_blocked, id=10828, stack(0x000000c871900000,0x000000c871a00000)]
=>0x0000029fbe7fe3d0 JavaThread "Finalizer" daemon [_thread_in_native, id=12188, stack(0x000000c871a00000,0x000000c871b00000)]
  0x0000029fbe8117f0 JavaThread "Signal Dispatcher" daemon [_thread_blocked, id=7748, stack(0x000000c871b00000,0x000000c871c00000)]
  0x0000029fbe813110 JavaThread "Attach Listener" daemon [_thread_blocked, id=8452, stack(0x000000c871c00000,0x000000c871d00000)]
  0x0000029fbe813a20 JavaThread "Service Thread" daemon [_thread_blocked, id=9768, stack(0x000000c871d00000,0x000000c871e00000)]
  0x0000029fbe814330 JavaThread "Monitor Deflation Thread" daemon [_thread_blocked, id=9692, stack(0x000000c871e00000,0x000000c871f00000)]
  0x0000029fbe814f70 JavaThread "C2 CompilerThread0" daemon [_thread_blocked, id=7292, stack(0x000000c871f00000,0x000000c872000000)]
  0x0000029fbe818dc0 JavaThread "C1 CompilerThread0" daemon [_thread_blocked, id=12884, stack(0x000000c872000000,0x000000c872100000)]
  0x0000029fbe82e310 JavaThread "Sweeper thread" daemon [_thread_blocked, id=12072, stack(0x000000c872100000,0x000000c872200000)]
  0x0000029f9b5cdcc0 JavaThread "Common-Cleaner" daemon [_thread_blocked, id=9164, stack(0x000000c872200000,0x000000c872300000)]
  0x0000029fbf5bcc60 JavaThread "Notification Thread" daemon [_thread_blocked, id=6388, stack(0x000000c872600000,0x000000c872700000)]
  0x0000029f9b4e8fd0 JavaThread "DestroyJavaVM" [_thread_blocked, id=14628, stack(0x000000c871200000,0x000000c871300000)]
  0x0000029fbfab2900 JavaThread "Thread-2" daemon [_thread_in_native, id=7336, stack(0x000000c873100000,0x000000c873200000)]

Other Threads:
  0x0000029fbe7f8da0 VMThread "VM Thread" [stack: 0x000000c871800000,0x000000c871900000] [id=1168]
  0x0000029f9b4e9fd0 WatcherThread [stack: 0x000000c872700000,0x000000c872800000] [id=2188]
  0x0000029f9b53a900 GCTaskThread "GC Thread#0" [stack: 0x000000c871300000,0x000000c871400000] [id=14912]
  0x0000029fbff24610 GCTaskThread "GC Thread#1" [stack: 0x000000c872b00000,0x000000c872c00000] [id=14056]
  0x0000029fbf58d3a0 GCTaskThread "GC Thread#2" [stack: 0x000000c872c00000,0x000000c872d00000] [id=7308]
  0x0000029fbf58dac0 GCTaskThread "GC Thread#3" [stack: 0x000000c872d00000,0x000000c872e00000] [id=15604]
  0x0000029fbfabe060 GCTaskThread "GC Thread#4" [stack: 0x000000c872e00000,0x000000c872f00000] [id=8620]
  0x0000029fbfabda40 GCTaskThread "GC Thread#5" [stack: 0x000000c872f00000,0x000000c873000000] [id=12280]
  0x0000029fbfabce00 GCTaskThread "GC Thread#6" [stack: 0x000000c873000000,0x000000c873100000] [id=10368]
  0x0000029f9b54cf30 ConcurrentGCThread "G1 Main Marker" [stack: 0x000000c871400000,0x000000c871500000] [id=7124]
  0x0000029f9b54d8b0 ConcurrentGCThread "G1 Conc#0" [stack: 0x000000c871500000,0x000000c871600000] [id=12756]
  0x0000029f9b5bc960 ConcurrentGCThread "G1 Refine#0" [stack: 0x000000c871600000,0x000000c871700000] [id=2520]
  0x0000029f9b5bd1f0 ConcurrentGCThread "G1 Service" [stack: 0x000000c871700000,0x000000c871800000] [id=2708]

Threads with active compile tasks:

VM state: not at safepoint (normal execution)

VM Mutex/Monitor currently owned by a thread: None

Heap address: 0x0000000709400000, size: 3948 MB, Compressed Oops mode: Zero based, Oop shift amount: 3

CDS archive(s) mapped at: [0x0000000800000000-0x0000000800bb0000-0x0000000800bb0000), size 12255232, SharedBaseAddress: 0x0000000800000000, ArchiveRelocationMode: 0.
Compressed class space mapped at: 0x0000000800c00000-0x0000000840c00000, reserved size: 1073741824
Narrow klass base: 0x0000000800000000, Narrow klass shift: 3, Narrow klass range: 0x100000000

GC Precious Log:
 CPUs: 16 total, 16 available
 Memory: 15789M
 Large Page Support: Disabled
 NUMA Support: Disabled
 Compressed Oops: Enabled (Zero based)
 Heap Region Size: 2M
 Heap Min Capacity: 8M
 Heap Initial Capacity: 248M
 Heap Max Capacity: 3948M
 Pre-touch: Disabled
 Parallel Workers: 13
 Concurrent Workers: 3
 Concurrent Refinement Workers: 13
 Periodic GC: Disabled

Heap:
 garbage-first heap   total 14336K, used 2201K [0x0000000709400000, 0x0000000800000000)
  region size 2048K, 1 young (2048K), 0 survivors (0K)
 Metaspace       used 6464K, committed 6592K, reserved 1056768K
  class space    used 601K, committed 704K, reserved 1048576K

Heap Regions: E=young(eden), S=young(survivor), O=old, HS=humongous(starts), HC=humongous(continues), CS=collection set, F=free, OA=open archive, CA=closed archive, TAMS=top-at-mark-start (previous, next)
|   0|0x0000000709400000, 0x00000007095ffea8, 0x0000000709600000| 99%| O|  |TAMS 0x0000000709400000, 0x0000000709400000| Untracked 
|   1|0x0000000709600000, 0x0000000709626680, 0x0000000709800000|  7%| O|  |TAMS 0x0000000709600000, 0x0000000709600000| Untracked 
|   2|0x0000000709800000, 0x0000000709800000, 0x0000000709a00000|  0%| F|  |TAMS 0x0000000709800000, 0x0000000709800000| Untracked 
|   3|0x0000000709a00000, 0x0000000709a00000, 0x0000000709c00000|  0%| F|  |TAMS 0x0000000709a00000, 0x0000000709a00000| Untracked 
|   4|0x0000000709c00000, 0x0000000709c00000, 0x0000000709e00000|  0%| F|  |TAMS 0x0000000709c00000, 0x0000000709c00000| Untracked 
|   5|0x0000000709e00000, 0x0000000709e00000, 0x000000070a000000|  0%| F|  |TAMS 0x0000000709e00000, 0x0000000709e00000| Untracked 
|   6|0x000000070a000000, 0x000000070a00a3e0, 0x000000070a200000|  2%| E|  |TAMS 0x000000070a000000, 0x000000070a000000| Complete 

Card table byte_map: [0x0000029fb2cd0000,0x0000029fb3490000] _byte_map_base: 0x0000029faf486000

Marking Bits (Prev, Next): (CMBitMap*) 0x0000029f9b53cea0, (CMBitMap*) 0x0000029f9b53cee0
 Prev Bits: [0x0000029fb3c50000, 0x0000029fb7a00000)
 Next Bits: [0x0000029fb7a00000, 0x0000029fbb7b0000)

Polling page: 0x0000029f9acd0000

Metaspace:

Usage:
  Non-class:      5.73 MB used.
      Class:    601.95 KB used.
       Both:      6.31 MB used.

Virtual space:
  Non-class space:        8.00 MB reserved,       5.75 MB ( 72%) committed,  1 nodes.
      Class space:        1.00 GB reserved,     704.00 KB ( <1%) committed,  1 nodes.
              Both:        1.01 GB reserved,       6.44 MB ( <1%) committed. 

Chunk freelists:
   Non-Class:  641.00 KB
       Class:  3.34 MB
        Both:  3.97 MB

MaxMetaspaceSize: 17179869184.00 GB
CompressedClassSpaceSize: 1.00 GB
 - commit_granule_bytes: 65536.
 - commit_granule_words: 8192.
 - virtual_space_node_default_size: 1048576.
 - enlarge_chunks_in_place: 1.
 - new_chunks_are_fully_committed: 0.
 - uncommit_free_chunks: 1.
 - use_allocation_guard: 0.
 - handle_deallocations: 1.


Internal statistics:

num_allocs_failed_limit: 0.
num_arena_births: 68.
num_arena_deaths: 0.
num_vsnodes_births: 2.
num_vsnodes_deaths: 0.
num_space_committed: 103.
num_space_uncommitted: 0.
num_chunks_returned_to_freelist: 0.
num_chunks_taken_from_freelist: 216.
num_chunk_merges: 0.
num_chunk_splits: 171.
num_chunks_enlarged: 142.
num_purges: 0.

CodeHeap 'non-profiled nmethods': size=119168Kb used=322Kb max_used=322Kb free=118845Kb
 bounds [0x0000029faa810000, 0x0000029faaa80000, 0x0000029fb1c70000]
CodeHeap 'profiled nmethods': size=119104Kb used=1657Kb max_used=1657Kb free=117447Kb
 bounds [0x0000029fa33c0000, 0x0000029fa3630000, 0x0000029faa810000]
CodeHeap 'non-nmethods': size=7488Kb used=1167Kb max_used=2310Kb free=6320Kb
 bounds [0x0000029fa2c70000, 0x0000029fa2ee0000, 0x0000029fa33c0000]
 total_blobs=1427 nmethods=972 adapters=368
 compilation: enabled
              stopped_count=0, restarted_count=0
 full_count=0

Compilation events (20 events):
Event: 17.732 Thread 0x0000029fbe818dc0 nmethod 963 0x0000029fa355ad10 code [0x0000029fa355aec0, 0x0000029fa355b008]
Event: 17.732 Thread 0x0000029fbe818dc0  964       3       java.lang.AbstractStringBuilder::append (55 bytes)
Event: 17.733 Thread 0x0000029fbe818dc0 nmethod 964 0x0000029fa355b090 code [0x0000029fa355b280, 0x0000029fa355b5b8]
Event: 17.734 Thread 0x0000029fbe814f70 nmethod 962 0x0000029faa860390 code [0x0000029faa860520, 0x0000029faa8606d8]
Event: 17.748 Thread 0x0000029fbe818dc0  965       3       java.nio.charset.CoderResult::isUnderflow (13 bytes)
Event: 17.748 Thread 0x0000029fbe818dc0 nmethod 965 0x0000029fa355b710 code [0x0000029fa355b8a0, 0x0000029fa355ba18]
Event: 17.754 Thread 0x0000029fbe818dc0  967   !   3       java.io.BufferedWriter::write (117 bytes)
Event: 17.755 Thread 0x0000029fbe818dc0 nmethod 967 0x0000029fa355ba90 code [0x0000029fa355bca0, 0x0000029fa355c2a8]
Event: 17.755 Thread 0x0000029fbe818dc0  966       3       java.io.Writer::write (11 bytes)
Event: 17.755 Thread 0x0000029fbe818dc0 nmethod 966 0x0000029fa355c610 code [0x0000029fa355c7e0, 0x0000029fa355cac8]
Event: 17.755 Thread 0x0000029fbe818dc0  968       3       java.io.BufferedWriter::min (9 bytes)
Event: 17.755 Thread 0x0000029fbe818dc0 nmethod 968 0x0000029fa355cc10 code [0x0000029fa355cdc0, 0x0000029fa355cf38]
Event: 17.755 Thread 0x0000029fbe818dc0  969       3       java.io.PrintStream::ensureOpen (18 bytes)
Event: 17.756 Thread 0x0000029fbe818dc0 nmethod 969 0x0000029fa355d010 code [0x0000029fa355d1c0, 0x0000029fa355d3e8]
Event: 17.756 Thread 0x0000029fbe818dc0  970  s    3       java.io.BufferedOutputStream::flush (12 bytes)
Event: 17.756 Thread 0x0000029fbe818dc0 nmethod 970 0x0000029fa355d490 code [0x0000029fa355d660, 0x0000029fa355da78]
Event: 17.756 Thread 0x0000029fbe818dc0  971       3       java.io.BufferedOutputStream::flushBuffer (29 bytes)
Event: 17.756 Thread 0x0000029fbe818dc0 nmethod 971 0x0000029fa355db90 code [0x0000029fa355dd40, 0x0000029fa355df88]
Event: 17.756 Thread 0x0000029fbe818dc0  972       3       java.io.OutputStream::flush (1 bytes)
Event: 17.756 Thread 0x0000029fbe818dc0 nmethod 972 0x0000029fa355e090 code [0x0000029fa355e220, 0x0000029fa355e338]

GC Heap History (8 events):
Event: 15.046 GC heap before
{Heap before GC invocations=0 (full 0):
 garbage-first heap   total 253952K, used 22528K [0x0000000709400000, 0x0000000800000000)
  region size 2048K, 11 young (22528K), 0 survivors (0K)
 Metaspace       used 6324K, committed 6528K, reserved 1056768K
  class space    used 589K, committed 704K, reserved 1048576K
}
Event: 15.050 GC heap after
{Heap after GC invocations=1 (full 0):
 garbage-first heap   total 253952K, used 2298K [0x0000000709400000, 0x0000000800000000)
  region size 2048K, 2 young (4096K), 2 survivors (4096K)
 Metaspace       used 6324K, committed 6528K, reserved 1056768K
  class space    used 589K, committed 704K, reserved 1048576K
}
Event: 17.460 GC heap before
{Heap before GC invocations=1 (full 0):
 garbage-first heap   total 253952K, used 2298K [0x0000000709400000, 0x0000000800000000)
  region size 2048K, 3 young (6144K), 2 survivors (4096K)
 Metaspace       used 6333K, committed 6528K, reserved 1056768K
  class space    used 590K, committed 704K, reserved 1048576K
}
Event: 17.470 GC heap after
{Heap after GC invocations=2 (full 1):
 garbage-first heap   total 20480K, used 2216K [0x0000000709400000, 0x0000000800000000)
  region size 2048K, 0 young (0K), 0 survivors (0K)
 Metaspace       used 6333K, committed 6528K, reserved 1056768K
  class space    used 590K, committed 704K, reserved 1048576K
}
Event: 17.491 GC heap before
{Heap before GC invocations=2 (full 1):
 garbage-first heap   total 20480K, used 2216K [0x0000000709400000, 0x0000000800000000)
  region size 2048K, 1 young (2048K), 0 survivors (0K)
 Metaspace       used 6338K, committed 6592K, reserved 1056768K
  class space    used 591K, committed 704K, reserved 1048576K
}
Event: 17.504 GC heap after
{Heap after GC invocations=3 (full 2):
 garbage-first heap   total 14336K, used 2216K [0x0000000709400000, 0x0000000800000000)
  region size 2048K, 0 young (0K), 0 survivors (0K)
 Metaspace       used 6338K, committed 6592K, reserved 1056768K
  class space    used 591K, committed 704K, reserved 1048576K
}
Event: 17.760 GC heap before
{Heap before GC invocations=3 (full 2):
 garbage-first heap   total 14336K, used 2216K [0x0000000709400000, 0x0000000800000000)
  region size 2048K, 1 young (2048K), 0 survivors (0K)
 Metaspace       used 6420K, committed 6592K, reserved 1056768K
  class space    used 596K, committed 704K, reserved 1048576K
}
Event: 17.775 GC heap after
{Heap after GC invocations=4 (full 3):
 garbage-first heap   total 14336K, used 2199K [0x0000000709400000, 0x0000000800000000)
  region size 2048K, 0 young (0K), 0 survivors (0K)
 Metaspace       used 6420K, committed 6592K, reserved 1056768K
  class space    used 596K, committed 704K, reserved 1048576K
}

Deoptimization events (20 events):
Event: 15.045 Thread 0x0000029f9b4e8fd0 DEOPT PACKING pc=0x0000029fa34ae4f6 sp=0x000000c8712f8f70
Event: 15.045 Thread 0x0000029f9b4e8fd0 DEOPT UNPACKING pc=0x0000029fa2cbdece sp=0x000000c8712f84a8 mode 0
Event: 15.050 Thread 0x0000029f9b4e8fd0 Uncommon trap: trap_request=0xffffff45 fr.pc=0x0000029faa854b00 relative=0x00000000000000e0
Event: 15.050 Thread 0x0000029f9b4e8fd0 Uncommon trap: reason=unstable_if action=reinterpret pc=0x0000029faa854b00 method=java.lang.ref.SoftReference.get()Ljava/lang/Object; @ 17 c2
Event: 15.050 Thread 0x0000029f9b4e8fd0 DEOPT PACKING pc=0x0000029faa854b00 sp=0x000000c8712f8ce0
Event: 15.050 Thread 0x0000029f9b4e8fd0 DEOPT UNPACKING pc=0x0000029fa2cbd72e sp=0x000000c8712f8c90 mode 2
Event: 15.051 Thread 0x0000029f9b4e8fd0 Uncommon trap: trap_request=0xffffff45 fr.pc=0x0000029faa856278 relative=0x0000000000000718
Event: 15.051 Thread 0x0000029f9b4e8fd0 Uncommon trap: reason=unstable_if action=reinterpret pc=0x0000029faa856278 method=java.lang.ref.SoftReference.get()Ljava/lang/Object; @ 17 c2
Event: 15.051 Thread 0x0000029f9b4e8fd0 DEOPT PACKING pc=0x0000029faa856278 sp=0x000000c8712f91f0
Event: 15.051 Thread 0x0000029f9b4e8fd0 DEOPT UNPACKING pc=0x0000029fa2cbd72e sp=0x000000c8712f9078 mode 2
Event: 15.051 Thread 0x0000029f9b4e8fd0 Uncommon trap: trap_request=0xffffff45 fr.pc=0x0000029faa85564c relative=0x000000000000028c
Event: 15.051 Thread 0x0000029f9b4e8fd0 Uncommon trap: reason=unstable_if action=reinterpret pc=0x0000029faa85564c method=java.lang.ref.SoftReference.get()Ljava/lang/Object; @ 17 c2
Event: 15.051 Thread 0x0000029f9b4e8fd0 DEOPT PACKING pc=0x0000029faa85564c sp=0x000000c8712f9180
Event: 15.051 Thread 0x0000029f9b4e8fd0 DEOPT UNPACKING pc=0x0000029fa2cbd72e sp=0x000000c8712f9070 mode 2
Event: 15.053 Thread 0x0000029f9b4e8fd0 DEOPT PACKING pc=0x0000029fa34ae4f6 sp=0x000000c8712f8d30
Event: 15.053 Thread 0x0000029f9b4e8fd0 DEOPT UNPACKING pc=0x0000029fa2cbdece sp=0x000000c8712f8268 mode 0
Event: 15.053 Thread 0x0000029f9b4e8fd0 Uncommon trap: trap_request=0xffffff45 fr.pc=0x0000029faa84f728 relative=0x0000000000002008
Event: 15.053 Thread 0x0000029f9b4e8fd0 Uncommon trap: reason=unstable_if action=reinterpret pc=0x0000029faa84f728 method=java.lang.ref.SoftReference.get()Ljava/lang/Object; @ 17 c2
Event: 15.053 Thread 0x0000029f9b4e8fd0 DEOPT PACKING pc=0x0000029faa84f728 sp=0x000000c8712f9f60
Event: 15.053 Thread 0x0000029f9b4e8fd0 DEOPT UNPACKING pc=0x0000029fa2cbd72e sp=0x000000c8712f9d00 mode 2

Classes unloaded (0 events):
No events

Classes redefined (0 events):
No events

Internal exceptions (20 events):
Event: 12.062 Thread 0x0000029f9b4e8fd0 Exception <a 'java/lang/NoSuchFieldError'{0x000000071760f708}: com.trolltech.qt.gui.QStandardItemModel.columnsAboutToBeInserted Lcom/trolltech/qt/QSignalEmitter$Signal3;> (0x000000071760f708) 
thrown [t:\workspace\open\src\hotspot\share\prims\jni.cpp, line 1897]
Event: 12.062 Thread 0x0000029f9b4e8fd0 Exception <a 'java/lang/NoSuchFieldError'{0x000000071760fa70}: com.trolltech.qt.gui.QStandardItemModel.columnsAboutToBeRemoved Lcom/trolltech/qt/QSignalEmitter$Signal3;> (0x000000071760fa70) 
thrown [t:\workspace\open\src\hotspot\share\prims\jni.cpp, line 1897]
Event: 12.062 Thread 0x0000029f9b4e8fd0 Exception <a 'java/lang/NoSuchFieldError'{0x000000071760fdd0}: com.trolltech.qt.gui.QStandardItemModel.columnsInserted Lcom/trolltech/qt/QSignalEmitter$Signal3;> (0x000000071760fdd0) 
thrown [t:\workspace\open\src\hotspot\share\prims\jni.cpp, line 1897]
Event: 12.062 Thread 0x0000029f9b4e8fd0 Exception <a 'java/lang/NoSuchFieldError'{0x0000000717610128}: com.trolltech.qt.gui.QStandardItemModel.columnsRemoved Lcom/trolltech/qt/QSignalEmitter$Signal3;> (0x0000000717610128) 
thrown [t:\workspace\open\src\hotspot\share\prims\jni.cpp, line 1897]
Event: 12.062 Thread 0x0000029f9b4e8fd0 Exception <a 'java/lang/NoSuchFieldError'{0x0000000717610488}: com.trolltech.qt.gui.QStandardItemModel.modelAboutToBeReset Lcom/trolltech/qt/QSignalEmitter$Signal0;> (0x0000000717610488) 
thrown [t:\workspace\open\src\hotspot\share\prims\jni.cpp, line 1897]
Event: 12.062 Thread 0x0000029f9b4e8fd0 Exception <a 'java/lang/NoSuchFieldError'{0x00000007176107e0}: com.trolltech.qt.gui.QStandardItemModel.modelReset Lcom/trolltech/qt/QSignalEmitter$Signal0;> (0x00000007176107e0) 
thrown [t:\workspace\open\src\hotspot\share\prims\jni.cpp, line 1897]
Event: 12.062 Thread 0x0000029f9b4e8fd0 Exception <a 'java/lang/NoSuchFieldError'{0x0000000717610b40}: com.trolltech.qt.gui.QStandardItemModel.rowsAboutToBeInserted Lcom/trolltech/qt/QSignalEmitter$Signal3;> (0x0000000717610b40) 
thrown [t:\workspace\open\src\hotspot\share\prims\jni.cpp, line 1897]
Event: 12.062 Thread 0x0000029f9b4e8fd0 Exception <a 'java/lang/NoSuchFieldError'{0x0000000717610ea0}: com.trolltech.qt.gui.QStandardItemModel.rowsAboutToBeRemoved Lcom/trolltech/qt/QSignalEmitter$Signal3;> (0x0000000717610ea0) 
thrown [t:\workspace\open\src\hotspot\share\prims\jni.cpp, line 1897]
Event: 12.062 Thread 0x0000029f9b4e8fd0 Exception <a 'java/lang/NoSuchFieldError'{0x00000007176111f8}: com.trolltech.qt.gui.QStandardItemModel.rowsInserted Lcom/trolltech/qt/QSignalEmitter$Signal3;> (0x00000007176111f8) 
thrown [t:\workspace\open\src\hotspot\share\prims\jni.cpp, line 1897]
Event: 12.062 Thread 0x0000029f9b4e8fd0 Exception <a 'java/lang/NoSuchFieldError'{0x0000000717611550}: com.trolltech.qt.gui.QStandardItemModel.rowsRemoved Lcom/trolltech/qt/QSignalEmitter$Signal3;> (0x0000000717611550) 
thrown [t:\workspace\open\src\hotspot\share\prims\jni.cpp, line 1897]
Event: 15.046 Thread 0x0000029f9b4e8fd0 Exception <a 'java/lang/NoSuchFieldError'{0x00000007177dc248}: com.trolltech.qt.core.QAbstractListModel.columnsAboutToBeInserted Lcom/trolltech/qt/QSignalEmitter$Signal3;> (0x00000007177dc248) 
thrown [t:\workspace\open\src\hotspot\share\prims\jni.cpp, line 1897]
Event: 15.046 Thread 0x0000029f9b4e8fd0 Exception <a 'java/lang/NoSuchFieldError'{0x00000007177dc5b0}: com.trolltech.qt.core.QAbstractListModel.columnsAboutToBeRemoved Lcom/trolltech/qt/QSignalEmitter$Signal3;> (0x00000007177dc5b0) 
thrown [t:\workspace\open\src\hotspot\share\prims\jni.cpp, line 1897]
Event: 15.046 Thread 0x0000029f9b4e8fd0 Exception <a 'java/lang/NoSuchFieldError'{0x00000007177dc910}: com.trolltech.qt.core.QAbstractListModel.columnsInserted Lcom/trolltech/qt/QSignalEmitter$Signal3;> (0x00000007177dc910) 
thrown [t:\workspace\open\src\hotspot\share\prims\jni.cpp, line 1897]
Event: 15.046 Thread 0x0000029f9b4e8fd0 Exception <a 'java/lang/NoSuchFieldError'{0x00000007177dcc70}: com.trolltech.qt.core.QAbstractListModel.columnsRemoved Lcom/trolltech/qt/QSignalEmitter$Signal3;> (0x00000007177dcc70) 
thrown [t:\workspace\open\src\hotspot\share\prims\jni.cpp, line 1897]
Event: 15.046 Thread 0x0000029f9b4e8fd0 Exception <a 'java/lang/NoSuchFieldError'{0x00000007177dcfd0}: com.trolltech.qt.core.QAbstractListModel.modelAboutToBeReset Lcom/trolltech/qt/QSignalEmitter$Signal0;> (0x00000007177dcfd0) 
thrown [t:\workspace\open\src\hotspot\share\prims\jni.cpp, line 1897]
Event: 15.046 Thread 0x0000029f9b4e8fd0 Exception <a 'java/lang/NoSuchFieldError'{0x00000007177dd328}: com.trolltech.qt.core.QAbstractListModel.modelReset Lcom/trolltech/qt/QSignalEmitter$Signal0;> (0x00000007177dd328) 
thrown [t:\workspace\open\src\hotspot\share\prims\jni.cpp, line 1897]
Event: 15.046 Thread 0x0000029f9b4e8fd0 Exception <a 'java/lang/NoSuchFieldError'{0x00000007177dd688}: com.trolltech.qt.core.QAbstractListModel.rowsAboutToBeInserted Lcom/trolltech/qt/QSignalEmitter$Signal3;> (0x00000007177dd688) 
thrown [t:\workspace\open\src\hotspot\share\prims\jni.cpp, line 1897]
Event: 15.046 Thread 0x0000029f9b4e8fd0 Exception <a 'java/lang/NoSuchFieldError'{0x00000007177dd9e8}: com.trolltech.qt.core.QAbstractListModel.rowsAboutToBeRemoved Lcom/trolltech/qt/QSignalEmitter$Signal3;> (0x00000007177dd9e8) 
thrown [t:\workspace\open\src\hotspot\share\prims\jni.cpp, line 1897]
Event: 15.046 Thread 0x0000029f9b4e8fd0 Exception <a 'java/lang/NoSuchFieldError'{0x00000007177ddd40}: com.trolltech.qt.core.QAbstractListModel.rowsInserted Lcom/trolltech/qt/QSignalEmitter$Signal3;> (0x00000007177ddd40) 
thrown [t:\workspace\open\src\hotspot\share\prims\jni.cpp, line 1897]
Event: 15.046 Thread 0x0000029f9b4e8fd0 Exception <a 'java/lang/NoSuchFieldError'{0x00000007177de098}: com.trolltech.qt.core.QAbstractListModel.rowsRemoved Lcom/trolltech/qt/QSignalEmitter$Signal3;> (0x00000007177de098) 
thrown [t:\workspace\open\src\hotspot\share\prims\jni.cpp, line 1897]

Events (20 events):
Event: 17.470 loading class java/lang/ref/Finalizer$1 done
Event: 17.471 Thread 0x0000029fbf560e00 Thread added: 0x0000029fbf560e00
Event: 17.471 Thread 0x0000029fbf560e00 Thread exited: 0x0000029fbf560e00
Event: 17.490 Executing  VM operation: G1CollectFull
Event: 17.505 Executing  VM operation: G1CollectFull done
Event: 17.505 Thread 0x0000029fbfffd350 Thread added: 0x0000029fbfffd350
Event: 17.506 Thread 0x0000029fbfffd350 Thread exited: 0x0000029fbfffd350
Event: 17.506 Thread 0x0000029f9b4e8fd0 Thread exited: 0x0000029f9b4e8fd0
Event: 17.506 Thread 0x0000029f9b4e8fd0 Thread added: 0x0000029f9b4e8fd0
Event: 17.507 Thread 0x0000029fbfffd350 Thread added: 0x0000029fbfffd350
Event: 17.508 Thread 0x0000029fbfbd8410 Thread exited: 0x0000029fbfbd8410
Event: 17.511 loading class java/lang/Throwable$WrappedPrintStream
Event: 17.511 loading class java/lang/Throwable$PrintStreamOrWriter
Event: 17.511 loading class java/lang/Throwable$PrintStreamOrWriter done
Event: 17.511 loading class java/lang/Throwable$WrappedPrintStream done
Event: 17.511 loading class java/lang/StackTraceElement$HashedModules
Event: 17.511 loading class java/lang/StackTraceElement$HashedModules done
Event: 17.760 Executing  VM operation: G1CollectFull
Event: 17.775 Executing  VM operation: G1CollectFull done
Event: 17.775 Thread 0x0000029fbfc46950 Thread added: 0x0000029fbfc46950


Dynamic libraries:
0x00007ff7fa500000 - 0x00007ff7fa510000 	C:\Program Files\Java\jdk-16.0.1\bin\java.exe
0x00007ffb8b470000 - 0x00007ffb8b665000 	C:\WINDOWS\SYSTEM32\ntdll.dll
0x00007ffb897e0000 - 0x00007ffb8989e000 	C:\WINDOWS\System32\KERNEL32.DLL
0x00007ffb88bc0000 - 0x00007ffb88e88000 	C:\WINDOWS\System32\KERNELBASE.dll
0x00007ffb88ff0000 - 0x00007ffb890f0000 	C:\WINDOWS\System32\ucrtbase.dll
0x00007ffb70a80000 - 0x00007ffb70a99000 	C:\Program Files\Java\jdk-16.0.1\bin\VCRUNTIME140.dll
0x00007ffb849d0000 - 0x00007ffb849e8000 	C:\Program Files\Java\jdk-16.0.1\bin\jli.dll
0x00007ffb8af70000 - 0x00007ffb8b01c000 	C:\WINDOWS\System32\ADVAPI32.dll
0x00007ffb8b0e0000 - 0x00007ffb8b17e000 	C:\WINDOWS\System32\msvcrt.dll
0x00007ffb8a690000 - 0x00007ffb8a72b000 	C:\WINDOWS\System32\sechost.dll
0x00007ffb8ac80000 - 0x00007ffb8adaa000 	C:\WINDOWS\System32\RPCRT4.dll
0x00007ffb894c0000 - 0x00007ffb89661000 	C:\WINDOWS\System32\USER32.dll
0x00007ffb76950000 - 0x00007ffb76bea000 	C:\WINDOWS\WinSxS\amd64_microsoft.windows.common-controls_6595b64144ccf1df_6.0.19041.1110_none_60b5254171f9507e\COMCTL32.dll
0x00007ffb89490000 - 0x00007ffb894b2000 	C:\WINDOWS\System32\win32u.dll
0x00007ffb89670000 - 0x00007ffb8969b000 	C:\WINDOWS\System32\GDI32.dll
0x00007ffb89380000 - 0x00007ffb8948b000 	C:\WINDOWS\System32\gdi32full.dll
0x00007ffb890f0000 - 0x00007ffb8918d000 	C:\WINDOWS\System32\msvcp_win.dll
0x00007ffb82990000 - 0x00007ffb8299a000 	C:\WINDOWS\SYSTEM32\VERSION.dll
0x00007ffb8b0b0000 - 0x00007ffb8b0e0000 	C:\WINDOWS\System32\IMM32.DLL
0x00007ffb84920000 - 0x00007ffb8492c000 	C:\Program Files\Java\jdk-16.0.1\bin\vcruntime140_1.dll
0x00007ffb662b0000 - 0x00007ffb66341000 	C:\Program Files\Java\jdk-16.0.1\bin\msvcp140.dll
0x00007ffb46990000 - 0x00007ffb4753b000 	C:\Program Files\Java\jdk-16.0.1\bin\server\jvm.dll
0x00007ffb898a0000 - 0x00007ffb898a8000 	C:\WINDOWS\System32\PSAPI.DLL
0x00007ffb74920000 - 0x00007ffb74929000 	C:\WINDOWS\SYSTEM32\WSOCK32.dll
0x00007ffb81250000 - 0x00007ffb81277000 	C:\WINDOWS\SYSTEM32\WINMM.dll
0x00007ffb8b360000 - 0x00007ffb8b3cb000 	C:\WINDOWS\System32\WS2_32.dll
0x00007ffb86a90000 - 0x00007ffb86aa2000 	C:\WINDOWS\SYSTEM32\kernel.appcore.dll
0x00007ffb832f0000 - 0x00007ffb832fa000 	C:\Program Files\Java\jdk-16.0.1\bin\jimage.dll
0x00007ffb72840000 - 0x00007ffb72a24000 	C:\WINDOWS\SYSTEM32\DBGHELP.DLL
0x00007ffb72750000 - 0x00007ffb7277c000 	C:\WINDOWS\SYSTEM32\dbgcore.DLL
0x00007ffb89190000 - 0x00007ffb89213000 	C:\WINDOWS\System32\bcryptPrimitives.dll
0x00007ffb6c5d0000 - 0x00007ffb6c5f5000 	C:\Program Files\Java\jdk-16.0.1\bin\java.dll
0x00007ffb89ad0000 - 0x00007ffb8a20f000 	C:\WINDOWS\System32\SHELL32.dll
0x00007ffb86c90000 - 0x00007ffb87420000 	C:\WINDOWS\SYSTEM32\windows.storage.dll
0x00007ffb8a730000 - 0x00007ffb8aa85000 	C:\WINDOWS\System32\combase.dll
0x00007ffb88570000 - 0x00007ffb8859e000 	C:\WINDOWS\SYSTEM32\Wldp.dll
0x00007ffb8b2b0000 - 0x00007ffb8b35d000 	C:\WINDOWS\System32\SHCORE.dll
0x00007ffb8ac20000 - 0x00007ffb8ac75000 	C:\WINDOWS\System32\shlwapi.dll
0x00007ffb88ad0000 - 0x00007ffb88aef000 	C:\WINDOWS\SYSTEM32\profapi.dll
0x00007ffb6ea90000 - 0x00007ffb6eaa9000 	C:\Program Files\Java\jdk-16.0.1\bin\net.dll
0x00007ffb80fb0000 - 0x00007ffb810bc000 	C:\WINDOWS\SYSTEM32\WINHTTP.dll
0x00007ffb882d0000 - 0x00007ffb8833a000 	C:\WINDOWS\system32\mswsock.dll
0x00007ffb6c3d0000 - 0x00007ffb6c3e3000 	C:\Program Files\Java\jdk-16.0.1\bin\nio.dll
0x00007ffb69460000 - 0x00007ffb69478000 	C:\Program Files\Java\jdk-16.0.1\bin\zip.dll
0x00007ffb779b0000 - 0x00007ffb779c0000 	C:\Program Files\Java\jdk-16.0.1\bin\verify.dll
0x000000005cf80000 - 0x000000005d261000 	C:\Users\DANILOR\AppData\Local\Temp\QtJambi_DANILOR_amd64_4.8.6_msvc2012x64-20150117-2107\lib\QtCore4.dll
0x00007ffb8b180000 - 0x00007ffb8b2aa000 	C:\WINDOWS\System32\ole32.dll
0x00007ffb5d0c0000 - 0x00007ffb5d167000 	C:\WINDOWS\SYSTEM32\MSVCP110.dll
0x00007ffb53300000 - 0x00007ffb533d4000 	C:\WINDOWS\SYSTEM32\MSVCR110.dll
0x00007ffb84990000 - 0x00007ffb849d0000 	C:\Users\DANILOR\AppData\Local\Temp\QtJambi_DANILOR_amd64_4.8.6_msvc2012x64-20150117-2107\lib\qtjambi.dll
0x00007ffb51e20000 - 0x00007ffb51f50000 	C:\Users\DANILOR\AppData\Local\Temp\QtJambi_DANILOR_amd64_4.8.6_msvc2012x64-20150117-2107\lib\com_trolltech_qt_core.dll
0x000000005b480000 - 0x000000005bdf6000 	C:\Users\DANILOR\AppData\Local\Temp\QtJambi_DANILOR_amd64_4.8.6_msvc2012x64-20150117-2107\lib\QtGui4.dll
0x00007ffb8aa90000 - 0x00007ffb8ab6a000 	C:\WINDOWS\System32\COMDLG32.dll
0x00007ffb898b0000 - 0x00007ffb8997d000 	C:\WINDOWS\System32\OLEAUT32.dll
0x00007ffb77500000 - 0x00007ffb77595000 	C:\WINDOWS\SYSTEM32\WINSPOOL.DRV
0x00007ffb460e0000 - 0x00007ffb4680f000 	C:\Users\DANILOR\AppData\Local\Temp\QtJambi_DANILOR_amd64_4.8.6_msvc2012x64-20150117-2107\lib\com_trolltech_qt_gui.dll
0x00007ffb865b0000 - 0x00007ffb8664e000 	C:\WINDOWS\system32\uxtheme.dll
0x00007ffb60c80000 - 0x00007ffb60db1000 	C:\ProgramData\A-Volute\A-Volute.SonicStudio3\Modules\ScheduledModules\x64\AudioDevProps2.dll
0x00007ffb896c0000 - 0x00007ffb897d5000 	C:\WINDOWS\System32\MSCTF.dll
0x00007ffb804b0000 - 0x00007ffb805a9000 	C:\WINDOWS\SYSTEM32\textinputframework.dll
0x00007ffb86190000 - 0x00007ffb86282000 	C:\WINDOWS\System32\CoreMessaging.dll
0x00007ffb85e30000 - 0x00007ffb8618e000 	C:\WINDOWS\System32\CoreUIComponents.dll
0x00007ffb87880000 - 0x00007ffb878b3000 	C:\WINDOWS\SYSTEM32\ntmarta.dll
0x00007ffb84ad0000 - 0x00007ffb84c24000 	C:\WINDOWS\SYSTEM32\wintypes.dll
0x00007ffb777e0000 - 0x00007ffb77890000 	C:\WINDOWS\WinSxS\amd64_microsoft.windows.common-controls_6595b64144ccf1df_5.82.19041.1110_none_792d1c772443f647\comctl32.dll
0x00007ffb8ab70000 - 0x00007ffb8ac19000 	C:\WINDOWS\System32\clbcatq.dll
0x00007ffb81340000 - 0x00007ffb8137b000 	C:\WINDOWS\SYSTEM32\dxcore.dll
0x00007ffb88fa0000 - 0x00007ffb88fee000 	C:\WINDOWS\System32\cfgmgr32.dll

dbghelp: loaded successfully - version: 4.0.5 - missing functions: none
symbol engine: initialized successfully - sym options: 0x614 - pdb path: .;C:\Program Files\Java\jdk-16.0.1\bin;C:\WINDOWS\SYSTEM32;C:\WINDOWS\WinSxS\amd64_microsoft.windows.common-controls_6595b64144ccf1df_6.0.19041.1110_none_60b5254171f9507e;C:\Program Files\Java\jdk-16.0.1\bin\server;C:\Users\DANILOR\AppData\Local\Temp\QtJambi_DANILOR_amd64_4.8.6_msvc2012x64-20150117-2107\lib;C:\ProgramData\A-Volute\A-Volute.SonicStudio3\Modules\ScheduledModules\x64;C:\WINDOWS\WinSxS\amd64_microsoft.windows.common-controls_6595b64144ccf1df_5.82.19041.1110_none_792d1c772443f647

VM Arguments:
jvm_args: -Dfile.encoding=UTF-8 --module-path=D:\Curso Dam\Asignaturas 2ºDAM\DI\Tareas\Tarea2\Tarea2DI\build\classes 
java_command: listaCompra.Inicio
java_class_path (initial): C:\qtjambi-4.8.6\qtjambi-4.8.6.jar;C:\qtjambi-4.8.6\qtjambi-designer-4.8.6.jar;C:\qtjambi-4.8.6\qtjambi-examples-4.8.6.jar;C:\qtjambi-4.8.6\qtjambi-examples-src-4.8.6.jar;C:\qtjambi-4.8.6\qtjambi-native-win64-msvc2012x64-4.8.6.jar;D:\Curso Dam\Asignaturas 2ºDAM\DI\Tareas\Tarea2\Tarea2DI\build\classes
Launcher Type: SUN_STANDARD

[Global flags]
     intx CICompilerCount                          = 12                                        {product} {ergonomic}
     uint ConcGCThreads                            = 3                                         {product} {ergonomic}
     uint G1ConcRefinementThreads                  = 13                                        {product} {ergonomic}
   size_t G1HeapRegionSize                         = 2097152                                   {product} {ergonomic}
    uintx GCDrainStackTargetSize                   = 64                                        {product} {ergonomic}
   size_t InitialHeapSize                          = 260046848                                 {product} {ergonomic}
   size_t MarkStackSize                            = 4194304                                   {product} {ergonomic}
   size_t MaxHeapSize                              = 4139778048                                {product} {ergonomic}
   size_t MaxNewSize                               = 2483027968                                {product} {ergonomic}
   size_t MinHeapDeltaBytes                        = 2097152                                   {product} {ergonomic}
   size_t MinHeapSize                              = 8388608                                   {product} {ergonomic}
    uintx NonNMethodCodeHeapSize                   = 7602480                                {pd product} {ergonomic}
    uintx NonProfiledCodeHeapSize                  = 122027880                              {pd product} {ergonomic}
    uintx ProfiledCodeHeapSize                     = 122027880                              {pd product} {ergonomic}
    uintx ReservedCodeCacheSize                    = 251658240                              {pd product} {ergonomic}
     bool SegmentedCodeCache                       = true                                      {product} {ergonomic}
   size_t SoftMaxHeapSize                          = 4139778048                             {manageable} {ergonomic}
     bool UseCompressedClassPointers               = true                           {product lp64_product} {ergonomic}
     bool UseCompressedOops                        = true                           {product lp64_product} {ergonomic}
     bool UseG1GC                                  = true                                      {product} {ergonomic}
     bool UseLargePagesIndividualAllocation        = false                                  {pd product} {ergonomic}

Logging:
Log output configuration:
 #0: stdout all=warning uptime,level,tags
 #1: stderr all=off uptime,level,tags

Environment Variables:
JAVA_HOME=C:\Program Files\Java\jdk-16.0.1
PATH=C:\oraclexe\app\oracle\product\11.2.0\server\bin;C:\Program Files\Common Files\Oracle\Java\javapath;C:\Program Files (x86)\Common Files\Oracle\Java\javapath;C:\WINDOWS\system32;C:\WINDOWS;C:\WINDOWS\System32\Wbem;C:\WINDOWS\System32\WindowsPowerShell\v1.0\;C:\WINDOWS\System32\OpenSSH\;C:\Program Files\Git\cmd;C:\Program Files\AutoFirma\AutoFirma;C:\Program Files\Microsoft VS Code\bin;C:\Program Files\Java\jdk-16.0.1\bin;C:\Program Files\Java\jdk-16.0.1\bin;C:\mingw64\bin;C:\qtjambi-4.8.6\bin;C:\Program Files\MySQL\MySQL Shell 8.0\bin\;C:\Users\DANILOR\AppData\Local\Programs\Python\Python39\Scripts\;C:\Users\DANILOR\AppData\Local\Programs\Python\Python39\;C:\Users\DANILOR\AppData\Local\Microsoft\WindowsApps;C:\Program Files\Java\jdk-16.0.1\bin;C:\Program Files\Java\jdk-16.0.1\bin;C:\mingw64\bin;C:\qtjambi-4.8.6\bin;
USERNAME=DANILOR
OS=Windows_NT
PROCESSOR_IDENTIFIER=AMD64 Family 23 Model 96 Stepping 1, AuthenticAMD



---------------  S Y S T E M  ---------------

OS:
 Windows 10 , 64 bit Build 19041 (10.0.19041.1348)
OS uptime: 0 days 1:50 hours

CPU: total 16 (initial active 16) (16 cores per cpu, 2 threads per core) family 23 model 96 stepping 1 microcode 0x0, cx8, cmov, fxsr, ht, mmx, 3dnowpref, sse, sse2, sse3, ssse3, sse4a, sse4.1, sse4.2, popcnt, lzcnt, tsc, tscinvbit, avx, avx2, aes, clmul, bmi1, bmi2, adx, sha, fma, vzeroupper, clflush, clflushopt

Memory: 4k page, system-wide physical 15789M (9725M free)
TotalPageFile size 18221M (AvailPageFile size 9438M)
current process WorkingSet (physical memory assigned to process): 71M, peak: 99M
current process commit charge ("private bytes"): 122M, peak: 383M

vm_info: Java HotSpot(TM) 64-Bit Server VM (16.0.1+9-24) for windows-amd64 JRE (16.0.1+9-24), built on Mar 26 2021 19:31:42 by "mach5one" with MS VC++ 16.7 (VS2019)

END.
